  ▲ Next.js 14.2.28
  - Local:        http://localhost:3000
  - Environments: .env
  - Experiments (use with caution):
    · outputFileTracingRoot

 ✓ Starting...
 ✓ Ready in 1696ms
 ○ Compiling / ...
 ✓ Compiled / in 1861ms (838 modules)
 GET / 200 in 2341ms
 ✓ Compiled in 502ms (304 modules)
 GET / 200 in 50ms
 GET / 200 in 41ms
 GET / 200 in 39ms
 ○ Compiling /api/auth/[...nextauth] ...
 ✓ Compiled /api/auth/[...nextauth] in 639ms (864 modules)
 GET /api/auth/session 200 in 1049ms
 GET /api/auth/session 200 in 46ms
 GET / 200 in 79ms
 GET / 200 in 42ms
 GET / 200 in 63ms
 GET / 200 in 60ms
 GET / 200 in 56ms
 GET / 200 in 45ms
 GET /api/auth/session 200 in 59ms
 GET /api/auth/session 200 in 53ms
 GET / 200 in 39ms
 GET / 200 in 45ms
 GET / 200 in 44ms
 GET / 200 in 59ms
 GET / 200 in 46ms
 GET / 200 in 43ms
 GET / 200 in 38ms
 GET / 200 in 40ms
 GET / 200 in 42ms
 GET / 200 in 41ms
 GET / 200 in 41ms
 GET / 200 in 43ms
 GET / 200 in 39ms
 GET / 200 in 38ms
 GET / 200 in 44ms
 GET / 200 in 45ms
 GET / 200 in 43ms
 GET / 200 in 37ms
 GET / 200 in 41ms
 GET / 200 in 45ms
 GET / 200 in 51ms
[?25h
