  ▲ Next.js 14.2.28
  - Environments: .env
  - Experiments (use with caution):
    · outputFileTracingRoot

   Creating an optimized production build ...
 ✓ Compiled successfully
   Skipping linting
   Checking validity of types ...
   Collecting page data ...
   Generating static pages (0/23) ...
   Generating static pages (5/23) 
   Generating static pages (11/23) 
   Generating static pages (17/23) 
 ✓ Generating static pages (23/23)
   Finalizing page optimization ...
   Collecting build traces ...

Route (app)                              Size     First Load JS
┌ ƒ /                                    139 B          87.6 kB
├ ƒ /_not-found                          877 B          88.3 kB
├ ƒ /api/auth/[...nextauth]              0 B                0 B
├ ƒ /api/batches                         0 B                0 B
├ ƒ /api/batches/[id]                    0 B                0 B
├ ƒ /api/egg-collection                  0 B                0 B
├ ƒ /api/fcr                             0 B                0 B
├ ƒ /api/feed/consumption                0 B                0 B
├ ƒ /api/feed/inventory                  0 B                0 B
├ ƒ /api/feed/purchases                  0 B                0 B
├ ƒ /api/feed/suppliers                  0 B                0 B
├ ƒ /api/flocks                          0 B                0 B
├ ƒ /api/flocks/[id]                     0 B                0 B
├ ƒ /api/mortality                       0 B                0 B
├ ƒ /api/reports                         0 B                0 B
├ ƒ /api/roles                           0 B                0 B
├ ƒ /api/signup                          0 B                0 B
├ ƒ /api/sites                           0 B                0 B
├ ƒ /api/users                           0 B                0 B
├ ƒ /api/weight-tracking                 0 B                0 B
├ ƒ /api/weight-tracking/[id]            0 B                0 B
├ ƒ /dashboard                           116 kB          216 kB
├ ƒ /dashboard/batches                   5.43 kB         147 kB
├ ƒ /dashboard/egg-collection            4.79 kB         146 kB
├ ƒ /dashboard/feed                      5.53 kB         119 kB
├ ƒ /dashboard/flocks                    3.8 kB          112 kB
├ ƒ /dashboard/flocks/[id]               4.62 kB         127 kB
├ ƒ /dashboard/flocks/[id]/edit          3.85 kB         151 kB
├ ƒ /dashboard/flocks/new                3.97 kB         151 kB
├ ƒ /dashboard/mortality                 5.16 kB         147 kB
├ ƒ /dashboard/reports                   5.52 kB         150 kB
├ ƒ /dashboard/user-manual               12.6 kB         110 kB
├ ƒ /dashboard/users                     6.38 kB         153 kB
├ ƒ /dashboard/weight-tracking           5.4 kB          147 kB
└ ƒ /login                               4.09 kB         117 kB
+ First Load JS shared by all            87.4 kB
  ├ chunks/156-f963c1b240365343.js       31.8 kB
  ├ chunks/ceb5afef-8889373518279650.js  53.6 kB
  └ other shared chunks (total)          1.97 kB


ƒ Middleware                             49.4 kB

ƒ  (Dynamic)  server-rendered on demand

exit_code=0
