  ▲ Next.js 14.2.28
  - Local:        http://localhost:3000
  - Environments: .env
  - Experiments (use with caution):
    · outputFileTracingRoot

 ✓ Starting...
 ✓ Ready in 1983ms
 ○ Compiling / ...
 ✓ Compiled / in 2.9s (845 modules)
 GET / 200 in 3391ms
 ✓ Compiled in 494ms (304 modules)
 GET / 200 in 53ms
 GET / 200 in 43ms
 ✓ Compiled /api/auth/[...nextauth] in 401ms (712 modules)
 GET /api/auth/session 200 in 899ms
 ○ Compiling /dashboard ...
 ✓ Compiled /dashboard in 2.8s (2246 modules)
 GET /api/auth/session 200 in 2160ms
 GET /dashboard?_rsc=3y0gy 200 in 139ms
 ○ Compiling /dashboard/feed ...
 ✓ Compiled /dashboard/feed in 553ms (2264 modules)
 ✓ Compiled /api/feed/inventory in 439ms (1287 modules)
 GET /api/feed/inventory 200 in 609ms
 GET /api/feed/inventory 200 in 42ms
 ✓ Compiled /api/feed/purchases in 245ms (1289 modules)
 GET /api/feed/purchases 200 in 315ms
 ✓ Compiled /api/feed/consumption in 263ms (1291 modules)
 GET /api/feed/purchases 200 in 544ms
 GET /api/feed/consumption 200 in 566ms
 GET /api/feed/consumption 200 in 55ms
 ✓ Compiled /api/feed/suppliers in 234ms (1293 modules)
 GET /api/feed/suppliers 200 in 306ms
 GET /api/feed/suppliers 200 in 32ms
 GET / 200 in 84ms
 ○ Compiling /dashboard/feed/purchases ...
 ✓ Compiled /dashboard/feed/purchases in 924ms (2473 modules)
 GET /api/feed/suppliers 200 in 60ms
 GET /api/feed/purchases 200 in 66ms
 GET /api/feed/inventory 200 in 68ms
 GET /api/feed/suppliers 200 in 38ms
 GET /api/feed/inventory 200 in 51ms
 GET /api/feed/purchases 200 in 64ms
 GET /api/feed/inventory 200 in 33ms
 GET /api/feed/inventory 200 in 47ms
 GET /api/feed/purchases 200 in 47ms
 GET /api/feed/purchases 200 in 56ms
 GET /api/feed/consumption 200 in 60ms
 GET /api/feed/consumption 200 in 50ms
 GET /api/feed/suppliers 200 in 45ms
 GET /api/feed/suppliers 200 in 31ms
 GET / 200 in 55ms
 ○ Compiling /dashboard/feed/consumption ...
 ✓ Compiled /dashboard/feed/consumption in 592ms (2481 modules)
 ✓ Compiled /api/flocks in 298ms (1389 modules)
 ✓ Compiled (1391 modules)
 GET /api/feed/inventory 200 in 650ms
 GET /api/feed/consumption 200 in 654ms
 GET /api/flocks 200 in 683ms
 GET /api/batches 200 in 687ms
 GET /api/feed/consumption 200 in 49ms
 GET /api/feed/inventory 200 in 52ms
 GET /api/flocks 200 in 54ms
 GET /api/batches 200 in 49ms
 GET / 200 in 54ms
 GET / 200 in 41ms
 GET / 200 in 49ms
 GET / 200 in 91ms
prisma:error Error in PostgreSQL connection: Error { kind: Db, cause: Some(DbError { severity: "FATAL", parsed_severity: Some(Fatal), code: SqlState(E57P05), message: "terminating connection due to idle-session timeout", detail: None, hint: None, position: None, where_: None, schema: None, table: None, column: None, datatype: None, constraint: None, file: Some("postgres.c"), line: Some(3472), routine: Some("ProcessInterrupts") }) }
prisma:error Error in PostgreSQL connection: Error { kind: Db, cause: Some(DbError { severity: "FATAL", parsed_severity: Some(Fatal), code: SqlState(E57P05), message: "terminating connection due to idle-session timeout", detail: None, hint: None, position: None, where_: None, schema: None, table: None, column: None, datatype: None, constraint: None, file: Some("postgres.c"), line: Some(3472), routine: Some("ProcessInterrupts") }) }
 GET / 200 in 42ms
 GET / 200 in 43ms
 GET / 200 in 82ms
 GET / 200 in 41ms
 GET / 200 in 39ms
 GET / 200 in 43ms
 GET / 200 in 40ms
 GET /api/auth/session 200 in 59ms
 GET /api/auth/session 200 in 50ms
 GET / 200 in 45ms
 GET / 200 in 39ms
 GET / 200 in 40ms
 GET / 200 in 44ms
 GET / 200 in 41ms
 GET /api/auth/session 200 in 59ms
 GET /api/auth/session 200 in 48ms
 GET /dashboard?_rsc=3y0gy 200 in 129ms
[?25h
