  ▲ Next.js 14.2.28
  - Local:        http://localhost:3000
  - Environments: .env
  - Experiments (use with caution):
    · outputFileTracingRoot

 ✓ Starting...
 ✓ Ready in 1340ms
 ○ Compiling / ...
 ✓ Compiled / in 2.7s (845 modules)
 GET / 200 in 3223ms
 ✓ Compiled in 497ms (304 modules)
 GET / 200 in 51ms
 GET / 200 in 39ms
 GET / 200 in 45ms
 ✓ Compiled /login in 197ms (538 modules)
 ✓ Compiled in 385ms (308 modules)
 GET /api/auth/session 200 in 1125ms
 GET /api/auth/session 200 in 45ms
 GET / 200 in 79ms
 GET / 200 in 45ms
 GET / 200 in 54ms
 GET / 200 in 40ms
 GET / 200 in 38ms
 GET /api/auth/session 200 in 48ms
 GET /api/auth/session 200 in 63ms
 GET / 200 in 36ms
 GET / 200 in 36ms
 GET / 200 in 38ms
 GET /api/auth/session 200 in 53ms
 GET /api/auth/session 200 in 43ms
 GET / 200 in 35ms
 GET / 200 in 39ms
 GET / 200 in 36ms
 GET / 200 in 36ms
 GET / 200 in 37ms
 GET / 200 in 36ms
 GET /api/auth/session 200 in 46ms
 GET /api/auth/session 200 in 43ms
 GET / 200 in 36ms
 GET / 200 in 44ms
 GET / 200 in 35ms
 GET / 200 in 37ms
 GET / 200 in 38ms
 GET / 200 in 35ms
 GET / 200 in 38ms
 GET / 200 in 39ms
 GET / 200 in 38ms
 GET / 200 in 36ms
 GET / 200 in 33ms
 GET / 200 in 35ms
 GET / 200 in 59ms
 GET / 200 in 36ms
 GET / 200 in 35ms
 GET / 200 in 35ms
 GET / 200 in 35ms
 GET / 200 in 34ms
 GET / 200 in 33ms
 GET / 200 in 40ms
 ✓ Compiled in 364ms (320 modules)
 ✓ Compiled in 371ms (308 modules)
 ✓ Compiled in 329ms (320 modules)
 ✓ Compiled in 490ms (308 modules)
 ✓ Compiled in 268ms (320 modules)
 ✓ Compiled in 371ms (308 modules)
 ✓ Compiled in 301ms (320 modules)
 ✓ Compiled in 438ms (308 modules)
 ✓ Compiled in 297ms (320 modules)
 ✓ Compiled in 474ms (308 modules)
 ✓ Compiled in 332ms (320 modules)
 ✓ Compiled in 285ms (320 modules)
[?25h
