  ▲ Next.js 14.2.28
  - Environments: .env
  - Experiments (use with caution):
    · outputFileTracingRoot

   Creating an optimized production build ...
 ✓ Compiled successfully
   Skipping linting
   Checking validity of types ...
   Collecting page data ...
   Generating static pages (0/8) ...
   Generating static pages (2/8) 
   Generating static pages (4/8) 
   Generating static pages (6/8) 
 ✓ Generating static pages (8/8)
   Finalizing page optimization ...
   Collecting build traces ...

Route (app)                              Size     First Load JS
┌ ƒ /                                    139 B          87.6 kB
├ ƒ /_not-found                          877 B          88.3 kB
├ ƒ /api/auth/[...nextauth]              0 B                0 B
├ ƒ /api/signup                          0 B                0 B
├ ƒ /dashboard                           102 kB          202 kB
├ ƒ /dashboard/flocks                    2.38 kB         112 kB
└ ƒ /login                               3.37 kB         117 kB
+ First Load JS shared by all            87.5 kB
  ├ chunks/156-f2cd4b77228c672d.js       31.8 kB
  ├ chunks/ceb5afef-70eacff4f50aca20.js  53.6 kB
  └ other shared chunks (total)          2 kB


ƒ Middleware                             49.4 kB

ƒ  (Dynamic)  server-rendered on demand

exit_code=0
