  ▲ Next.js 14.2.35
  - Local:        http://localhost:3000
  - Environments: .env
  - Experiments (use with caution):
    · outputFileTracingRoot

 ✓ Starting...
 ✓ Ready in 1395ms
 ○ Compiling / ...
 ✓ Compiled / in 3.1s (847 modules)
 GET / 200 in 3648ms
 ✓ Compiled in 530ms (305 modules)
 GET / 200 in 75ms
 GET / 200 in 55ms
 ○ Compiling /api/auth/[...nextauth] ...
 ✓ Compiled /api/auth/[...nextauth] in 655ms (866 modules)
 GET /api/auth/session 200 in 1110ms
 GET /api/auth/session 200 in 49ms
 GET / 200 in 82ms
 GET / 200 in 51ms
 GET / 200 in 60ms
 GET / 200 in 44ms
 GET / 200 in 55ms
 GET / 200 in 46ms
 GET / 200 in 42ms
 GET /api/auth/session 200 in 75ms
 GET /api/auth/session 200 in 63ms
 GET / 200 in 48ms
 GET / 200 in 47ms
 GET / 200 in 48ms
 GET / 200 in 45ms
 GET / 200 in 39ms
 GET / 200 in 53ms
 GET / 200 in 42ms
 GET / 200 in 36ms
 GET / 200 in 43ms
 GET / 200 in 45ms
 GET / 200 in 41ms
 GET / 200 in 47ms
 GET / 200 in 84ms
 GET / 200 in 46ms
 GET / 200 in 42ms
 GET / 200 in 42ms
 GET / 200 in 43ms
 GET / 200 in 88ms
 GET / 200 in 48ms
 GET / 200 in 58ms
 GET / 200 in 45ms
 GET / 200 in 41ms
 GET / 200 in 41ms
 GET / 200 in 40ms
 GET / 200 in 43ms
 GET / 200 in 38ms
 GET / 200 in 44ms
 GET / 200 in 41ms
 GET / 200 in 43ms
 GET / 200 in 41ms
 GET / 200 in 41ms
 GET / 200 in 41ms
 GET / 200 in 40ms
 GET /api/auth/session 200 in 65ms
 GET /api/auth/session 200 in 91ms
 GET / 200 in 53ms
 GET / 200 in 47ms
