➤ YN0000: · Yarn 4.12.0
➤ YN0000: ┌ Resolution step
➤ YN0085: │ + @next/swc-wasm-nodejs@npm:14.2.33, @next/third-parties@npm:16.1.4, next@npm:14.2.35, recharts@npm:3.6.0, sonner@npm:2.0.7, @next/env@npm:14.2.35, and 23 more.
➤ YN0085: │ - @azure/abort-controller@npm:2.1.2, @azure/core-auth@npm:1.10.1, @azure/core-client@npm:1.10.1, @azure/core-http-compat@npm:2.3.1, and 30 more.
➤ YN0000: └ Completed in 0s 577ms
➤ YN0000: ┌ Post-resolution validation
➤ YN0060: │ @types/react is listed by your project with version 18.2.22 (p6349eb), which doesn't satisfy what react-redux (via recharts) and other dependencies request (^18.2.25).
➤ YN0060: │ @typescript-eslint/parser is listed by your project with version 7.0.0 (p6cb6c0), which doesn't satisfy what @typescript-eslint/eslint-plugin requests (^6.0.0-alpha).
➤ YN0060: │ eslint is listed by your project with version 9.24.0 (pe6e000), which doesn't satisfy what @typescript-eslint/eslint-plugin and other dependencies request (^8.57.0).
➤ YN0002: │ app@workspace:. doesn't provide prettier (pd88b5f), requested by eslint-plugin-prettier.
➤ YN0086: │ Some peer dependencies are incorrectly met by your project; run yarn explain peer-requirements <hash> for details, where <hash> is the six-letter p-prefixed code.
➤ YN0086: │ Some peer dependencies are incorrectly met by dependencies; run yarn explain peer-requirements for details.
➤ YN0000: └ Completed
➤ YN0000: ┌ Fetch step
➤ YN0013: │ 21 packages were added to the project (+ 282.17 MiB).
➤ YN0000: └ Completed in 2s 720ms
➤ YN0000: ┌ Link step
➤ YN0000: └ Completed in 25s 767ms
➤ YN0000: · Done with warnings in 29s 226ms
Environment variables loaded from .env
Prisma schema loaded from prisma/schema.prisma

✔ Generated Prisma Client (v6.7.0) to ./node_modules/.prisma/client in 210ms

Start by importing your Prisma Client (See: https://pris.ly/d/importing-client)

Tip: Easily identify and fix slow SQL queries in your app. Optimize helps you enhance your visibility: https://pris.ly/--optimize

Starting server...
  ▲ Next.js 14.2.35
  - Local:        http://localhost:3000
  - Environments: .env
  - Experiments (use with caution):
    · outputFileTracingRoot

 ✓ Starting...
 ✓ Ready in 2.2s
 ○ Compiling / ...
 ✓ Compiled / in 3.4s (847 modules)
 GET / 200 in 3937ms
 ✓ Compiled in 509ms (305 modules)
 GET / 200 in 62ms
 ○ Compiling /api/auth/[...nextauth] ...
 ✓ Compiled /api/auth/[...nextauth] in 689ms (866 modules)
 GET /api/auth/session 200 in 1103ms
 GET /api/auth/session 200 in 41ms
 GET / 200 in 70ms
 GET / 200 in 55ms
 GET / 200 in 56ms
 GET / 200 in 112ms
 GET / 200 in 115ms
 GET / 200 in 95ms
 GET /api/auth/session 200 in 127ms
 GET /api/auth/session 200 in 76ms
 GET / 200 in 78ms
 GET / 200 in 121ms
 GET / 200 in 44ms
 GET / 200 in 41ms
 GET / 200 in 41ms
 GET / 200 in 39ms
 GET /api/auth/session 200 in 64ms
 GET /api/auth/session 200 in 50ms
 GET / 200 in 40ms
 GET / 200 in 42ms
 GET / 200 in 42ms
 GET / 200 in 37ms
 GET / 200 in 43ms
 GET / 200 in 39ms
 GET / 200 in 41ms
 GET / 200 in 56ms
 GET / 200 in 39ms
 GET / 200 in 42ms
 GET / 200 in 45ms
 GET / 200 in 46ms
 GET / 200 in 53ms
 GET / 200 in 42ms
 GET / 200 in 48ms
 GET / 200 in 44ms
 GET / 200 in 40ms
 GET /api/auth/session 200 in 62ms
 GET /api/auth/session 200 in 47ms
 GET / 200 in 40ms
 GET / 200 in 78ms
 GET / 200 in 42ms
 ✓ Compiled in 29ms
[?25h
