  ▲ Next.js 14.2.28
  - Local:        http://localhost:3000
  - Environments: .env
  - Experiments (use with caution):
    · outputFileTracingRoot

 ✓ Starting...
 ✓ Ready in 1676ms
 ○ Compiling / ...
 ✓ Compiled / in 1759ms (788 modules)
 GET / 200 in 2212ms
 ✓ Compiled in 452ms (281 modules)
 GET / 200 in 47ms
 ✓ Compiled /api/auth/[...nextauth] in 400ms (685 modules)
 GET /api/auth/session 200 in 908ms
 ○ Compiling /dashboard ...
 ✓ Compiled /dashboard in 2.3s (2139 modules)
 GET /api/auth/session 200 in 1631ms
 GET /dashboard?_rsc=3y0gy 200 in 125ms
 GET / 200 in 79ms
 GET /api/auth/session 200 in 46ms
 GET / 200 in 38ms
 GET /api/auth/session 200 in 36ms
 GET / 200 in 36ms
 GET / 200 in 35ms
 ✓ Compiled in 33ms
 ✓ Compiled in 471ms (956 modules)
 ✓ Compiled / in 269ms (507 modules)
 GET / 200 in 409ms
 GET / 200 in 34ms
 GET / 200 in 34ms
 GET / 200 in 36ms
 ✓ Compiled /dashboard in 269ms (511 modules)
 ✓ Compiled (1195 modules)
 GET /api/auth/session 200 in 610ms
 GET /api/auth/session 200 in 42ms
 GET /dashboard?_rsc=3y0gy 200 in 124ms
 GET / 200 in 67ms
 GET /dashboard?_rsc=1gtj6 200 in 45ms
 ○ Compiling /dashboard/flocks ...
 ✓ Compiled /dashboard/flocks in 798ms (2172 modules)
 GET /dashboard/flocks?_rsc=qjrxs 200 in 125ms
 ○ Compiling /dashboard/flocks/[id]/edit ...
 ✓ Compiled /dashboard/flocks/[id]/edit in 591ms (2174 modules)
 GET /dashboard/flocks/cmk34l9dq000eyesq7qu0bht7/edit?_rsc=17p08 200 in 57ms
 GET / 200 in 64ms
 GET / 200 in 43ms
 GET / 200 in 36ms
 GET /api/auth/session 200 in 46ms
 GET /api/auth/session 200 in 44ms
 GET /dashboard?_rsc=3y0gy 200 in 119ms
 GET /dashboard/flocks?_rsc=qjrxs 200 in 107ms
 GET /dashboard/flocks/cmk34l9dq000eyesq7qu0bht7/edit?_rsc=17p08 200 in 46ms
 GET / 200 in 51ms
 GET / 200 in 59ms
 GET / 200 in 61ms
 GET /api/auth/session 200 in 51ms
 GET /api/auth/session 200 in 45ms
 GET /dashboard?_rsc=3y0gy 200 in 68ms
