  ▲ Next.js 14.2.28
  - Local:        http://localhost:3000
  - Environments: .env
  - Experiments (use with caution):
    · outputFileTracingRoot

 ✓ Starting...
 ✓ Ready in 1565ms
 ○ Compiling / ...
 ✓ Compiled / in 1764ms (838 modules)
 GET / 200 in 2022ms
 ✓ Compiled in 456ms (304 modules)
 ✓ Compiled /api/auth/[...nextauth] in 315ms (538 modules)
 GET /api/auth/providers 200 in 726ms
 GET / 200 in 73ms
 ✓ Compiled /login in 440ms (864 modules)
 GET /api/auth/session 200 in 528ms
 GET /api/auth/session 200 in 25ms
 GET /api/auth/csrf 200 in 34ms
 ✓ Compiled /api/signup in 256ms (583 modules)
 POST /api/signup 201 in 504ms
 GET / 200 in 67ms
 GET /api/auth/signin 302 in 48ms
 GET /login?callbackUrl=https://16ecffed02.preview.abacusai.app 200 in 52ms
 GET /api/auth/csrf 200 in 25ms
 POST /api/auth/callback/credentials 302 in 183ms
 ✓ Compiled /middleware in 172ms (174 modules)
 ○ Compiling /dashboard ...
 ✓ Compiled /dashboard in 2.9s (2281 modules)
 GET /dashboard 200 in 3234ms
 GET / 200 in 66ms
 GET /dashboard 200 in 96ms
 GET /api/auth/session 200 in 97ms
 GET /api/auth/session 200 in 52ms
 GET /dashboard?_rsc=3y0gy 200 in 97ms
 GET /api/auth/session 200 in 68ms
 GET /api/auth/session 200 in 78ms
 ○ Compiling /dashboard/weight-tracking ...
 ✓ Compiled /dashboard/weight-tracking in 2.6s (2510 modules)
 GET /dashboard/batches 200 in 2949ms
 GET /dashboard/reports 200 in 2959ms
 GET /dashboard/mortality 200 in 2953ms
 GET /dashboard/egg-collection 200 in 2960ms
 GET /dashboard/weight-tracking 200 in 2926ms
 GET /dashboard/flocks 200 in 3040ms
 ✓ Compiled /api/mortality in 389ms (1413 modules)
 ✓ Compiled (1425 modules)
 GET /api/reports?type=production 200 in 912ms
 GET /api/egg-collection 200 in 885ms
 GET /api/batches 200 in 933ms
 GET /api/flocks 200 in 892ms
 GET /api/auth/session 200 in 968ms
 GET /api/weight-tracking 200 in 933ms
 GET /api/sites 200 in 892ms
 GET /api/mortality 200 in 857ms
 GET /api/reports?type=production 200 in 77ms
 GET /api/egg-collection 200 in 92ms
 GET /api/batches 200 in 104ms
 GET /api/flocks 200 in 106ms
 GET /api/sites 200 in 105ms
 GET /api/weight-tracking 200 in 107ms
 GET /api/auth/session 200 in 117ms
 GET /api/mortality 200 in 117ms
 GET /api/flocks 200 in 55ms
 GET /api/weight-tracking 200 in 71ms
 GET /api/batches 200 in 68ms
 GET /api/auth/session 200 in 67ms
 GET /api/flocks 200 in 63ms
 GET /api/weight-tracking 200 in 65ms
 GET /api/batches 200 in 67ms
 GET /api/auth/session 200 in 78ms
 GET /api/batches 200 in 35ms
 GET /api/auth/session 200 in 27ms
 GET /api/batches 200 in 38ms
 GET /api/auth/session 200 in 34ms
 GET /api/auth/session 200 in 28ms
 GET /api/auth/session 200 in 27ms
 GET /api/auth/session 200 in 52ms
 GET /api/auth/session 200 in 48ms
 GET /api/auth/session 200 in 32ms
 GET /api/auth/session 200 in 36ms
 GET /api/auth/session 200 in 27ms
 GET /api/auth/session 200 in 44ms
 GET /api/auth/session 200 in 30ms
 GET /api/auth/session 200 in 30ms
 GET /api/auth/session 200 in 30ms
 GET /api/auth/session 200 in 30ms
 GET /api/auth/session 200 in 31ms
 GET /api/auth/session 200 in 47ms
 GET /api/auth/session 200 in 35ms
 GET /api/auth/session 200 in 26ms
 ○ Compiling /dashboard/flocks/[id]/edit ...
 ✓ Compiled /dashboard/flocks/[id]/edit in 1543ms (2550 modules)
 GET /dashboard/flocks/new 200 in 1711ms
 GET /dashboard/flocks/cmk34l9do000cyesqgndvuyvv/edit 200 in 2038ms
 GET /dashboard/flocks/cmk34l9dk000ayesq6u6jm90m/edit 200 in 2034ms
 GET /dashboard/flocks/cmk34l9dq000eyesq7qu0bht7/edit 200 in 2049ms
 GET /dashboard/flocks/cmk34l9dq000eyesq7qu0bht7 200 in 2049ms
 GET /dashboard/flocks/cmk34l9do000cyesqgndvuyvv 200 in 2049ms
 GET /dashboard/flocks/cmk34l9dk000ayesq6u6jm90m 200 in 2048ms
 GET /api/sites 200 in 85ms
 GET /api/auth/session 200 in 108ms
 GET /api/sites 200 in 39ms
 GET /api/auth/session 200 in 107ms
 ✓ Compiled /api/flocks/[id] in 414ms (1443 modules)
 GET /api/auth/session 200 in 924ms
 GET /api/auth/session 200 in 26ms
 GET /api/auth/session 200 in 30ms
 GET /api/auth/session 200 in 28ms
 GET /api/auth/session 200 in 34ms
 GET /api/flocks/cmk34l9dq000eyesq7qu0bht7 200 in 1176ms
 GET /api/flocks/cmk34l9dk000ayesq6u6jm90m 200 in 1062ms
 GET /api/flocks/cmk34l9do000cyesqgndvuyvv 200 in 1224ms
 GET /api/auth/session 200 in 53ms
 GET /api/flocks/cmk34l9dk000ayesq6u6jm90m 200 in 65ms
 GET /api/flocks/cmk34l9do000cyesqgndvuyvv 200 in 97ms
 GET /api/flocks/cmk34l9dq000eyesq7qu0bht7 200 in 89ms
 GET /api/auth/session 200 in 84ms
 GET /api/flocks/cmk34l9dk000ayesq6u6jm90m 200 in 41ms
 GET /api/auth/session 200 in 49ms
 GET /api/flocks/cmk34l9dq000eyesq7qu0bht7 200 in 55ms
 GET /api/flocks/cmk34l9do000cyesqgndvuyvv 200 in 53ms
 GET /api/flocks/cmk34l9dk000ayesq6u6jm90m 200 in 47ms
 GET /api/flocks/cmk34l9do000cyesqgndvuyvv 200 in 51ms
 GET /api/auth/session 200 in 78ms
 GET /api/flocks/cmk34l9dq000eyesq7qu0bht7 200 in 79ms
 GET /api/auth/session 200 in 55ms
 GET /api/auth/session 200 in 28ms
 GET /api/auth/session 200 in 27ms
 GET /api/auth/session 200 in 25ms
 GET /api/auth/session 200 in 25ms
 GET /api/auth/session 200 in 42ms
 GET /api/auth/session 200 in 29ms
 GET /api/auth/session 200 in 28ms
 GET /api/auth/session 200 in 27ms
 GET /api/auth/session 200 in 25ms
 GET /api/auth/session 200 in 43ms
 GET /api/auth/session 200 in 28ms
 GET /api/auth/session 200 in 32ms
 GET /api/auth/session 200 in 30ms
 GET /api/auth/session 200 in 28ms
[?25h
