  ▲ Next.js 14.2.28
  - Local:        http://localhost:3000
  - Environments: .env
  - Experiments (use with caution):
    · outputFileTracingRoot

 ✓ Starting...
 ✓ Ready in 2.6s
 ○ Compiling / ...
 ✓ Compiled / in 3.1s (845 modules)
 GET / 200 in 3660ms
 ✓ Compiled in 535ms (304 modules)
 GET / 200 in 64ms
 GET / 200 in 223ms
 GET / 200 in 61ms
 ○ Compiling /api/auth/[...nextauth] ...
 ✓ Compiled /api/auth/[...nextauth] in 640ms (864 modules)
 GET /api/auth/session 200 in 1086ms
 GET /api/auth/session 200 in 51ms
 GET / 200 in 93ms
 GET / 200 in 55ms
 GET / 200 in 64ms
 GET / 200 in 56ms
 GET / 200 in 47ms
 GET / 200 in 49ms
 GET / 200 in 50ms
 GET / 200 in 48ms
 GET / 200 in 55ms
 GET / 200 in 49ms
 GET / 200 in 48ms
 GET / 200 in 46ms
 GET / 200 in 48ms
 GET / 200 in 82ms
 GET / 200 in 50ms
 GET / 200 in 43ms
 GET / 200 in 25ms
 GET / 200 in 46ms
 GET /api/auth/session 200 in 69ms
 GET /api/auth/session 200 in 71ms
 GET / 200 in 53ms
 GET / 200 in 50ms
 GET / 200 in 47ms
 GET / 200 in 47ms
 GET / 200 in 95ms
 GET / 200 in 47ms
 GET / 200 in 47ms
 GET / 200 in 47ms
 GET / 200 in 63ms
 GET / 200 in 44ms
 GET / 200 in 55ms
 GET / 200 in 44ms
 GET / 200 in 57ms
 GET / 200 in 44ms
 GET / 200 in 43ms
 GET / 200 in 50ms
 GET / 200 in 52ms
 GET / 200 in 69ms
 GET / 200 in 49ms
 GET / 200 in 49ms
 GET / 200 in 44ms
 GET / 200 in 53ms
 GET / 200 in 51ms
 GET / 200 in 54ms
 GET / 200 in 46ms
 GET / 200 in 50ms
 GET / 200 in 45ms
 GET / 200 in 50ms
 GET / 200 in 45ms
 GET / 200 in 44ms
 GET / 200 in 45ms
 GET / 200 in 43ms
 GET / 200 in 51ms
 GET / 200 in 43ms
 GET / 200 in 45ms
