  ▲ Next.js 14.2.28
  - Local:        http://localhost:3000
  - Environments: .env
  - Experiments (use with caution):
    · outputFileTracingRoot

 ✓ Starting...
 ✓ Ready in 1727ms
 ○ Compiling / ...
 ✓ Compiled / in 1827ms (838 modules)
 GET / 200 in 2279ms
 ✓ Compiled in 483ms (304 modules)
 GET / 200 in 51ms
 GET / 200 in 44ms
 GET / 200 in 37ms
 ○ Compiling /api/auth/[...nextauth] ...
 ✓ Compiled /api/auth/[...nextauth] in 778ms (864 modules)
 GET /api/auth/session 200 in 1196ms
 GET /api/auth/session 200 in 46ms
 GET / 200 in 81ms
 GET / 200 in 43ms
 GET / 200 in 42ms
 GET / 200 in 36ms
 GET /api/auth/session 200 in 54ms
 GET /api/auth/session 200 in 88ms
 GET / 200 in 45ms
 GET / 200 in 38ms
 GET / 200 in 52ms
 GET / 200 in 41ms
 GET / 200 in 43ms
 GET / 200 in 41ms
 GET / 200 in 38ms
 GET / 200 in 71ms
 GET / 200 in 73ms
 GET / 200 in 104ms
 GET /api/auth/session 200 in 45ms
 GET /api/auth/session 200 in 47ms
 GET / 200 in 42ms
 GET / 200 in 62ms
 GET / 200 in 39ms
 GET /api/auth/providers 200 in 40ms
 GET /api/auth/csrf 200 in 46ms
 POST /api/auth/callback/credentials 200 in 209ms
 GET /api/auth/session 200 in 49ms
 ✓ Compiled /middleware in 188ms (174 modules)
 ○ Compiling /dashboard ...
 ✓ Compiled /dashboard in 2.8s (2252 modules)
 GET /dashboard?_rsc=cbwqv 200 in 168ms
 GET / 200 in 74ms
 GET / 200 in 45ms
 GET / 200 in 40ms
 GET /api/auth/session 200 in 57ms
 ○ Compiling /dashboard/feed ...
 ✓ Compiled /dashboard/feed in 629ms (1614 modules)
 ✓ Compiled /api/feed/inventory in 336ms (629 modules)
 GET /api/feed/inventory 200 in 505ms
 GET / 200 in 67ms
 GET /api/feed/inventory 200 in 31ms
 ✓ Compiled /api/feed/purchases in 180ms (631 modules)
 GET /api/feed/purchases 200 in 264ms
 ✓ Compiled /api/feed/consumption in 153ms (633 modules)
 GET /api/feed/consumption 200 in 373ms
 GET /api/feed/purchases 200 in 375ms
 GET /api/feed/consumption 200 in 41ms
 ✓ Compiled /api/feed/suppliers in 162ms (635 modules)
 GET /api/feed/suppliers 200 in 220ms
 GET /api/feed/suppliers 200 in 34ms
 GET / 200 in 53ms
 ✓ Compiled in 492ms (1024 modules)
prisma:error Error in PostgreSQL connection: Error { kind: Db, cause: Some(DbError { severity: "FATAL", parsed_severity: Some(Fatal), code: SqlState(E57P05), message: "terminating connection due to idle-session timeout", detail: None, hint: None, position: None, where_: None, schema: None, table: None, column: None, datatype: None, constraint: None, file: Some("postgres.c"), line: Some(3472), routine: Some("ProcessInterrupts") }) }
prisma:error Error in PostgreSQL connection: Error { kind: Db, cause: Some(DbError { severity: "FATAL", parsed_severity: Some(Fatal), code: SqlState(E57P05), message: "terminating connection due to idle-session timeout", detail: None, hint: None, position: None, where_: None, schema: None, table: None, column: None, datatype: None, constraint: None, file: Some("postgres.c"), line: Some(3472), routine: Some("ProcessInterrupts") }) }
 ✓ Compiled in 384ms (1024 modules)
 ✓ Compiled in 384ms (1025 modules)
 ✓ Compiled in 384ms (1024 modules)
[?25h
