  ▲ Next.js 14.2.28
  - Local:        http://localhost:3000
  - Environments: .env
  - Experiments (use with caution):
    · outputFileTracingRoot

 ✓ Starting...
 ✓ Ready in 1313ms
 ○ Compiling / ...
 ✓ Compiled / in 2.6s (845 modules)
 GET / 200 in 3024ms
 ✓ Compiled in 464ms (304 modules)
 ✓ Compiled /api/auth/[...nextauth] in 227ms (538 modules)
 GET /api/auth/providers 200 in 659ms
 GET / 200 in 77ms
 ○ Compiling /login ...
 ✓ Compiled /login in 543ms (864 modules)
 GET /api/auth/session 200 in 654ms
 GET /api/auth/session 200 in 25ms
 GET /api/auth/csrf 200 in 34ms
 ✓ Compiled /api/signup in 190ms (582 modules)
 POST /api/signup 201 in 439ms
 GET / 200 in 66ms
 GET /api/auth/signin 302 in 42ms
 GET /login?callbackUrl=https://16ecffed02.preview.abacusai.app 200 in 37ms
 GET /api/auth/csrf 200 in 25ms
 POST /api/auth/callback/credentials 302 in 174ms
 ✓ Compiled /middleware in 303ms (174 modules)
 ○ Compiling /dashboard ...
 ✓ Compiled /dashboard in 2.6s (2280 modules)
 GET /dashboard 200 in 2871ms
 GET / 200 in 55ms
 GET /dashboard 200 in 65ms
 GET /api/auth/session 200 in 74ms
 GET /api/auth/session 200 in 116ms
 GET /dashboard?_rsc=3y0gy 200 in 55ms
 GET /api/auth/session 200 in 32ms
 GET /api/auth/session 200 in 55ms
 ○ Compiling /dashboard/egg-collection ...
 ✓ Compiled /dashboard/egg-collection in 1412ms (2479 modules)
 GET /dashboard/weight-tracking 200 in 1661ms
 GET /dashboard/egg-collection 200 in 1624ms
 GET /dashboard/mortality 200 in 1670ms
 GET /dashboard/reports 200 in 1671ms
 GET /dashboard/batches 200 in 1671ms
 GET /dashboard/flocks 200 in 1751ms
 GET /api/auth/session 200 in 93ms
 GET /api/auth/session 200 in 223ms
 ○ Compiling /api/weight-tracking ...
 ✓ Compiled /api/weight-tracking in 2.9s (2484 modules)
 GET /api/batches 404 in 3240ms
 GET /api/auth/session 200 in 2917ms
 GET /api/weight-tracking 200 in 3340ms
 GET /api/batches 404 in 20ms
 GET /api/weight-tracking 200 in 63ms
 GET /api/auth/session 200 in 69ms
 GET /api/weight-tracking 200 in 54ms
 GET /api/auth/session 200 in 45ms
 GET /api/weight-tracking 200 in 46ms
 GET /api/auth/session 200 in 54ms
 GET /api/auth/session 200 in 76ms
 GET /api/auth/session 200 in 35ms
 GET /api/auth/session 200 in 29ms
 GET /api/auth/session 200 in 31ms
 GET /api/auth/session 200 in 31ms
 GET /api/auth/session 200 in 50ms
 GET /api/auth/session 200 in 30ms
 GET /api/auth/session 200 in 30ms
 GET /api/auth/session 200 in 28ms
 GET /api/auth/session 200 in 30ms
 ○ Compiling /dashboard/flocks/[id]/edit ...
 ✓ Compiled /dashboard/flocks/[id]/edit in 1129ms (2490 modules)
 GET /dashboard/flocks/new 200 in 1307ms
 GET /dashboard/flocks/cmk34l9dq000eyesq7qu0bht7 200 in 1557ms
 GET /dashboard/flocks/cmk34l9dk000ayesq6u6jm90m 200 in 1554ms
 GET /dashboard/flocks/cmk34l9do000cyesqgndvuyvv 200 in 1546ms
 GET /dashboard/flocks/cmk34l9dk000ayesq6u6jm90m/edit 200 in 1594ms
 GET /dashboard/flocks/cmk34l9do000cyesqgndvuyvv/edit 200 in 1607ms
 GET /dashboard/flocks/cmk34l9dq000eyesq7qu0bht7/edit 200 in 1595ms
 GET /api/auth/session 200 in 58ms
 GET /api/auth/session 200 in 55ms
 GET /api/auth/session 200 in 46ms
 GET /api/auth/session 200 in 31ms
 GET /api/auth/session 200 in 29ms
 GET /api/auth/session 200 in 37ms
 GET /api/auth/session 200 in 29ms
 GET /api/auth/session 200 in 45ms
 GET /api/auth/session 200 in 28ms
 GET /api/auth/session 200 in 28ms
 GET /api/auth/session 200 in 27ms
 GET /api/auth/session 200 in 25ms
 GET /api/auth/session 200 in 42ms
 GET /api/auth/session 200 in 29ms
 GET /api/auth/session 200 in 25ms
 GET /api/auth/session 200 in 26ms
 GET /api/auth/session 200 in 24ms
 GET /api/auth/session 200 in 27ms
 GET /api/auth/session 200 in 40ms
 GET /api/auth/session 200 in 27ms
 GET /api/auth/session 200 in 27ms
 GET /api/auth/session 200 in 26ms
 GET /api/auth/session 200 in 26ms
 GET /api/auth/session 200 in 41ms
[?25h
