Attention: Next.js now collects completely anonymous telemetry regarding usage.
This information is used to shape Next.js' roadmap and prioritize features.
You can learn more, including how to opt-out if you'd not like to participate in this anonymous program, by visiting the following URL:
https://nextjs.org/telemetry

  ▲ Next.js 14.2.28
  - Experiments (use with caution):
    · outputFileTracingRoot

   Creating an optimized production build ...
 ✓ Compiled successfully
   Skipping linting
   Checking validity of types ...
   Collecting page data ...
   Generating static pages (0/27) ...
   Generating static pages (6/27) 
   Generating static pages (13/27) 
   Generating static pages (20/27) 
 ✓ Generating static pages (27/27)
   Finalizing page optimization ...
   Collecting build traces ...

Route (app)                              Size     First Load JS
┌ ƒ /                                    139 B          87.5 kB
├ ƒ /_not-found                          876 B          88.2 kB
├ ƒ /api/auth/[...nextauth]              0 B                0 B
├ ƒ /api/batches                         0 B                0 B
├ ƒ /api/batches/[id]                    0 B                0 B
├ ƒ /api/egg-collection                  0 B                0 B
├ ƒ /api/fcr                             0 B                0 B
├ ƒ /api/feed/consumption                0 B                0 B
├ ƒ /api/feed/inventory                  0 B                0 B
├ ƒ /api/feed/purchases                  0 B                0 B
├ ƒ /api/feed/suppliers                  0 B                0 B
├ ƒ /api/flocks                          0 B                0 B
├ ƒ /api/flocks/[id]                     0 B                0 B
├ ƒ /api/mortality                       0 B                0 B
├ ƒ /api/reports                         0 B                0 B
├ ƒ /api/roles                           0 B                0 B
├ ƒ /api/signup                          0 B                0 B
├ ƒ /api/sites                           0 B                0 B
├ ƒ /api/users                           0 B                0 B
├ ƒ /api/weight-tracking                 0 B                0 B
├ ƒ /api/weight-tracking/[id]            0 B                0 B
├ ƒ /dashboard                           116 kB          216 kB
├ ƒ /dashboard/batches                   8.32 kB         147 kB
├ ƒ /dashboard/egg-collection            7.68 kB         147 kB
├ ƒ /dashboard/feed                      5.52 kB         119 kB
├ ƒ /dashboard/feed/consumption          4.72 kB         150 kB
├ ƒ /dashboard/feed/inventory            4.92 kB         150 kB
├ ƒ /dashboard/feed/purchases            4.95 kB         150 kB
├ ƒ /dashboard/feed/suppliers            3.41 kB         132 kB
├ ƒ /dashboard/flocks                    3.81 kB         112 kB
├ ƒ /dashboard/flocks/[id]               4.63 kB         127 kB
├ ƒ /dashboard/flocks/[id]/edit          3.87 kB         151 kB
├ ƒ /dashboard/flocks/new                3.98 kB         152 kB
├ ƒ /dashboard/mortality                 8.04 kB         147 kB
├ ƒ /dashboard/reports                   5.53 kB         150 kB
├ ƒ /dashboard/user-manual               15.4 kB         110 kB
├ ƒ /dashboard/users                     6.21 kB         154 kB
├ ƒ /dashboard/weight-tracking           8.29 kB         147 kB
└ ƒ /login                               4.11 kB         117 kB
+ First Load JS shared by all            87.4 kB
  ├ chunks/117-bd8363f77a61c601.js       31.8 kB
  ├ chunks/fd9d1056-1881595f36131b7a.js  53.6 kB
  └ other shared chunks (total)          1.96 kB


ƒ Middleware                             49.4 kB

ƒ  (Dynamic)  server-rendered on demand

Successfully built app artifact
