  ▲ Next.js 14.2.35
  - Local:        http://localhost:3000
  - Environments: .env
  - Experiments (use with caution):
    · outputFileTracingRoot

 ✓ Starting...
 ✓ Ready in 1297ms
 ○ Compiling / ...
 ✓ Compiled / in 1954ms (840 modules)
 GET / 200 in 2526ms
 ✓ Compiled in 556ms (305 modules)
 GET / 200 in 42ms
 GET / 200 in 43ms
 ○ Compiling /api/auth/[...nextauth] ...
 ✓ Compiled /api/auth/[...nextauth] in 659ms (866 modules)
 GET /api/auth/session 200 in 1053ms
 GET /api/auth/session 200 in 45ms
 GET / 200 in 70ms
 GET / 200 in 48ms
 GET / 200 in 35ms
 GET / 200 in 36ms
 GET /api/auth/session 200 in 112ms
 GET /api/auth/session 200 in 36ms
 GET / 200 in 51ms
 GET / 200 in 41ms
 GET / 200 in 41ms
 GET / 200 in 29ms
 GET /api/auth/session 200 in 53ms
 GET /api/auth/session 200 in 34ms
 GET / 200 in 40ms
 GET / 200 in 43ms
 GET / 200 in 41ms
 GET / 200 in 38ms
 GET / 200 in 68ms
 GET / 200 in 79ms
 GET / 200 in 49ms
 GET / 200 in 41ms
 GET / 200 in 47ms
 GET / 200 in 40ms
 GET / 200 in 42ms
 GET / 200 in 64ms
 GET / 200 in 41ms
 GET / 200 in 54ms
 GET / 200 in 40ms
 GET / 200 in 54ms
 GET / 200 in 41ms
 GET / 200 in 42ms
 GET / 200 in 41ms
 GET / 200 in 41ms
 GET / 200 in 61ms
 GET / 200 in 53ms
 GET / 200 in 55ms
 GET / 200 in 106ms
 GET / 200 in 62ms
 GET / 200 in 54ms
 GET / 200 in 71ms
 GET / 200 in 63ms
 GET / 200 in 50ms
 GET / 200 in 39ms
 GET /api/auth/session 200 in 50ms
 GET /api/auth/session 200 in 54ms
 GET / 200 in 43ms
 GET / 200 in 38ms
 GET / 200 in 35ms
 GET / 200 in 37ms
 GET / 200 in 34ms
 GET / 200 in 39ms
