➤ YN0000: · Yarn 4.12.0
➤ YN0000: ┌ Resolution step
➤ YN0085: │ + @next/third-parties@npm:16.1.1, recharts@npm:3.6.0, sonner@npm:2.0.7, @reduxjs/toolkit@npm:2.11.2, @standard-schema/spec@npm:1.1.0, and 12 more.
➤ YN0085: │ - eventemitter3@npm:4.0.7, fast-equals@npm:5.4.0, react-smooth@npm:4.0.4, recharts-scale@npm:0.4.5, recharts@npm:2.15.3, sonner@npm:1.5.0, victory-vendor@npm:36.9.2
➤ YN0000: └ Completed in 0s 512ms
➤ YN0000: ┌ Post-resolution validation
➤ YN0060: │ @types/react is listed by your project with version 18.2.22 (p6349eb), which doesn't satisfy what react-redux (via recharts) and other dependencies request (^18.2.25).
➤ YN0060: │ @typescript-eslint/parser is listed by your project with version 7.0.0 (p6cb6c0), which doesn't satisfy what @typescript-eslint/eslint-plugin requests (^6.0.0-alpha).
➤ YN0060: │ eslint is listed by your project with version 9.24.0 (pe6e000), which doesn't satisfy what @typescript-eslint/eslint-plugin and other dependencies request (^8.57.0).
➤ YN0002: │ app@workspace:. doesn't provide prettier (pd88b5f), requested by eslint-plugin-prettier.
➤ YN0086: │ Some peer dependencies are incorrectly met by your project; run yarn explain peer-requirements <hash> for details, where <hash> is the six-letter p-prefixed code.
➤ YN0086: │ Some peer dependencies are incorrectly met by dependencies; run yarn explain peer-requirements for details.
➤ YN0000: └ Completed
➤ YN0000: ┌ Fetch step
➤ YN0013: │ 17 packages were added to the project (+ 19.56 MiB).
➤ YN0000: └ Completed in 1s 158ms
➤ YN0000: ┌ Link step
➤ YN0000: └ Completed in 1s 229ms
➤ YN0000: · Done with warnings in 3s 54ms
Environment variables loaded from .env
Prisma schema loaded from prisma/schema.prisma

✔ Generated Prisma Client (v6.7.0) to ./node_modules/.prisma/client in 196ms

Start by importing your Prisma Client (See: https://pris.ly/d/importing-client)

Tip: Want to react to database changes in your app as they happen? Discover how with Pulse: https://pris.ly/tip-1-pulse

Starting server...
  ▲ Next.js 14.2.28
  - Local:        http://localhost:3000
  - Environments: .env
  - Experiments (use with caution):
    · outputFileTracingRoot

 ✓ Starting...
 ✓ Ready in 1549ms
[?25h
