  ▲ Next.js 14.2.28
  - Local:        http://localhost:3000
  - Environments: .env
  - Experiments (use with caution):
    · outputFileTracingRoot

 ✓ Starting...
 ✓ Ready in 2.1s
 ○ Compiling / ...
 ✓ Compiled / in 2.9s (845 modules)
 GET / 200 in 3406ms
 ✓ Compiled in 502ms (304 modules)
 GET / 200 in 54ms
 GET / 200 in 220ms
 GET / 200 in 41ms
 ○ Compiling /api/auth/[...nextauth] ...
 ✓ Compiled /api/auth/[...nextauth] in 832ms (864 modules)
 GET /api/auth/session 200 in 1296ms
 GET /api/auth/session 200 in 55ms
 GET / 200 in 72ms
 GET / 200 in 45ms
 GET / 200 in 41ms
 GET / 200 in 41ms
 GET / 200 in 37ms
[?25h
