  ▲ Next.js 14.2.28
  - Local:        http://localhost:3000
  - Environments: .env
  - Experiments (use with caution):
    · outputFileTracingRoot

 ✓ Starting...
 ✓ Ready in 1521ms
 ○ Compiling / ...
 ✓ Compiled / in 1798ms (838 modules)
 GET / 200 in 2331ms
 ✓ Compiled in 592ms (304 modules)
 ✓ Compiled /api/auth/[...nextauth] in 253ms (538 modules)
 GET /api/auth/providers 200 in 709ms
 GET / 200 in 89ms
 ✓ Compiled /login in 450ms (864 modules)
 GET /api/auth/session 200 in 566ms
 GET /api/auth/session 200 in 49ms
 GET /api/auth/csrf 200 in 67ms
 ✓ Compiled /api/signup in 261ms (583 modules)
 POST /api/signup 201 in 542ms
 GET / 200 in 85ms
 GET /api/auth/signin 302 in 63ms
 GET /login?callbackUrl=https://166f2b6db8.preview.abacusai.app 200 in 85ms
 GET /api/auth/csrf 200 in 39ms
 POST /api/auth/callback/credentials 302 in 187ms
 ✓ Compiled /middleware in 356ms (174 modules)
 ○ Compiling /dashboard ...
 ✓ Compiled /dashboard in 2.8s (2293 modules)
 GET /dashboard 200 in 3230ms
 GET / 200 in 99ms
 GET /dashboard 200 in 110ms
 GET /api/auth/session 200 in 105ms
 GET /api/auth/session 200 in 66ms
 GET /dashboard?_rsc=3y0gy 200 in 129ms
 GET /api/auth/session 200 in 85ms
 GET /api/auth/session 200 in 90ms
 ○ Compiling /dashboard/feed ...
 ✓ Compiled /dashboard/feed in 3.1s (2664 modules)
 GET /dashboard/livestock-types 200 in 3715ms
 GET /dashboard/reports 200 in 3676ms
 GET /dashboard/health 200 in 3744ms
 GET /dashboard/egg-collection 200 in 3716ms
 GET /dashboard/batches 200 in 3679ms
 GET /dashboard/inventory 200 in 3679ms
 GET /dashboard/users 200 in 3681ms
 GET /dashboard/fcr 200 in 3682ms
 GET /dashboard/mortality 200 in 3682ms
 GET /dashboard/flocks 200 in 3734ms
 GET /dashboard/finance 200 in 3685ms
 GET /dashboard/user-manual 200 in 3685ms
 GET /dashboard/weight-tracking 200 in 3753ms
 GET /dashboard/feed 200 in 3687ms
 GET /api/auth/session 200 in 144ms
 ○ Compiling /api/weight-tracking ...
 ✓ Compiled /api/weight-tracking in 658ms (1498 modules)
 ✓ Compiled /api/reports in 1ms (1508 modules)
 ✓ Compiled in 1ms (1512 modules)
 ✓ Compiled in 0ms (1512 modules)
 GET /api/auth/session 200 in 2394ms
 GET /api/flocks 200 in 2541ms
 ✓ Compiled in 1ms (1512 modules)
 GET /api/livestock-types 200 in 3268ms
 GET /api/sites 200 in 3269ms
 GET /api/weight-tracking 200 in 3147ms
 GET /api/batches 200 in 3274ms
 GET /api/egg-collection 200 in 3306ms
 ✓ Compiled in 1ms (1512 modules)
 GET /api/reports?type=production 200 in 3368ms
 GET /api/mortality 200 in 3435ms
 GET /api/auth/session 200 in 1655ms
 ✓ Compiled in 0ms (1512 modules)
 ✓ Compiled in 0ms (1512 modules)
 ✓ Compiled in 0ms (1512 modules)
 GET /api/auth/session 200 in 1813ms
 GET /api/auth/session 200 in 1813ms
 GET /api/auth/session 200 in 1788ms
 GET /api/auth/session 200 in 1818ms
 ○ Compiling /dashboard/flocks/[id] ...
 ✓ Compiled /dashboard/flocks/[id] in 1769ms (2704 modules)
 GET /dashboard/flocks/new 200 in 1985ms
 GET /dashboard/flocks/cmkl9y2pb000rxls0jwfj369q/edit 200 in 2301ms
 GET /dashboard/flocks/cmkl9y2p8000pxls03z7e7ji1/edit 200 in 2302ms
 GET /dashboard/flocks/cmkl9y2p5000nxls0zrxx0jik/edit 200 in 2257ms
 GET /dashboard/flocks/cmkl9y2pb000rxls0jwfj369q 200 in 2303ms
 GET /dashboard/flocks/cmkl9y2p8000pxls03z7e7ji1 200 in 2307ms
 GET /dashboard/flocks/cmkl9y2p5000nxls0zrxx0jik 200 in 2308ms
 GET /api/sites 200 in 115ms
 GET /api/auth/session 200 in 156ms
 GET /api/livestock-types 200 in 170ms
 GET /api/sites 200 in 205ms
 GET /api/livestock-types 200 in 209ms
 GET /api/auth/session 200 in 212ms
 ○ Compiling /api/flocks/[id] ...
 ✓ Compiled /api/flocks/[id] in 515ms (1529 modules)
 GET /api/auth/session 200 in 1079ms
 GET /api/auth/session 200 in 39ms
 GET /api/auth/session 200 in 42ms
 GET /api/auth/session 200 in 38ms
 GET /api/auth/session 200 in 60ms
 GET /api/flocks/cmkl9y2pb000rxls0jwfj369q 200 in 1383ms
 GET /api/flocks/cmkl9y2p8000pxls03z7e7ji1 200 in 1381ms
 GET /api/flocks/cmkl9y2p5000nxls0zrxx0jik 200 in 1430ms
 GET /api/auth/session 200 in 74ms
 GET /api/flocks/cmkl9y2pb000rxls0jwfj369q 200 in 82ms
 GET /api/flocks/cmkl9y2p5000nxls0zrxx0jik 200 in 82ms
 GET /api/flocks/cmkl9y2p8000pxls03z7e7ji1 200 in 84ms
 GET /api/auth/session 200 in 50ms
 GET /api/flocks/cmkl9y2pb000rxls0jwfj369q 200 in 52ms
 GET /api/flocks/cmkl9y2p5000nxls0zrxx0jik 200 in 85ms
 GET /api/flocks/cmkl9y2p8000pxls03z7e7ji1 200 in 80ms
 GET /api/auth/session 200 in 104ms
 GET /api/flocks/cmkl9y2pb000rxls0jwfj369q 200 in 102ms
 GET /api/flocks/cmkl9y2p5000nxls0zrxx0jik 200 in 91ms
 GET /api/flocks/cmkl9y2p8000pxls03z7e7ji1 200 in 56ms
 GET /api/auth/session 200 in 49ms
 GET /api/auth/session 200 in 39ms
 GET /api/auth/session 200 in 40ms
 GET /api/auth/session 200 in 59ms
 GET /api/auth/session 200 in 36ms
 GET /api/auth/session 200 in 40ms
 GET /api/auth/session 200 in 36ms
 GET /api/auth/session 200 in 61ms
 GET /api/auth/session 200 in 39ms
 GET /api/auth/session 200 in 39ms
 GET /api/auth/session 200 in 37ms
 GET /api/auth/session 200 in 36ms
 GET /api/auth/session 200 in 56ms
 GET /api/auth/session 200 in 40ms
 GET /api/auth/session 200 in 49ms
 GET /api/auth/session 200 in 40ms
[?25h
