  ▲ Next.js 14.2.28
  - Local:        http://localhost:3000
  - Environments: .env
  - Experiments (use with caution):
    · outputFileTracingRoot

 ✓ Starting...
 ✓ Ready in 1281ms
 ○ Compiling / ...
 ✓ Compiled / in 2.5s (795 modules)
 GET / 200 in 2925ms
 ✓ Compiled in 455ms (281 modules)
 ✓ Compiled /api/auth/[...nextauth] in 185ms (511 modules)
 GET /api/auth/providers 200 in 589ms
 GET / 200 in 64ms
 ○ Compiling /login ...
 ✓ Compiled /login in 541ms (814 modules)
 GET /api/auth/session 200 in 631ms
 GET /api/auth/session 200 in 27ms
 GET /api/auth/csrf 200 in 33ms
 ✓ Compiled /api/signup in 229ms (555 modules)
 POST /api/signup 201 in 488ms
 GET / 200 in 66ms
 GET /api/auth/signin 302 in 43ms
 GET /login?callbackUrl=https://f58dba708.preview.abacusai.app 200 in 39ms
 GET /api/auth/csrf 200 in 22ms
 POST /api/auth/callback/credentials 302 in 171ms
 ✓ Compiled /middleware in 284ms (174 modules)
 ○ Compiling /dashboard ...
 ✓ Compiled /dashboard in 2.2s (2179 modules)
 GET /dashboard 200 in 2492ms
 GET / 200 in 54ms
 GET /dashboard 200 in 83ms
 GET /api/auth/session 200 in 82ms
 GET /api/auth/session 200 in 35ms
 GET /dashboard?_rsc=3y0gy 200 in 150ms
 ✓ Compiled in 550ms (2191 modules)
 ✓ Compiled in 458ms (2191 modules)
 ✓ Compiled in 438ms (2191 modules)
[?25h
