  ▲ Next.js 14.2.28
  - Local:        http://localhost:3000
  - Environments: .env
  - Experiments (use with caution):
    · outputFileTracingRoot

 ✓ Starting...
 ✓ Ready in 1833ms
 ○ Compiling / ...
 ✓ Compiled / in 2.9s (845 modules)
 GET / 200 in 3402ms
 ✓ Compiled in 526ms (304 modules)
 ✓ Compiled /api/auth/[...nextauth] in 223ms (538 modules)
 GET /api/auth/providers 200 in 649ms
 GET / 200 in 81ms
 ○ Compiling /login ...
 ✓ Compiled /login in 584ms (864 modules)
 GET /api/auth/session 200 in 691ms
 GET /api/auth/session 200 in 36ms
 GET /api/auth/csrf 200 in 42ms
 ✓ Compiled /api/signup in 203ms (583 modules)
 POST /api/signup 201 in 464ms
 GET / 200 in 86ms
 GET /api/auth/signin 302 in 52ms
 GET /login?callbackUrl=https://166f2b6db8.preview.abacusai.app 200 in 49ms
 GET /api/auth/csrf 200 in 33ms
 POST /api/auth/callback/credentials 302 in 101ms
[?25h
