➤ YN0000: · Yarn 4.12.0
➤ YN0000: ┌ Resolution step
➤ YN0085: │ + @next/third-parties@npm:16.1.3, recharts@npm:3.6.0, sonner@npm:2.0.7, @reduxjs/toolkit@npm:2.11.2, @standard-schema/spec@npm:1.1.0, and 12 more.
➤ YN0085: │ - eventemitter3@npm:4.0.7, fast-equals@npm:5.4.0, react-smooth@npm:4.0.4, recharts-scale@npm:0.4.5, recharts@npm:2.15.3, sonner@npm:1.5.0, victory-vendor@npm:36.9.2
➤ YN0000: └ Completed in 0s 510ms
➤ YN0000: ┌ Post-resolution validation
➤ YN0060: │ @types/react is listed by your project with version 18.2.22 (p6349eb), which doesn't satisfy what react-redux (via recharts) and other dependencies request (^18.2.25).
➤ YN0060: │ @typescript-eslint/parser is listed by your project with version 7.0.0 (p6cb6c0), which doesn't satisfy what @typescript-eslint/eslint-plugin requests (^6.0.0-alpha).
➤ YN0060: │ eslint is listed by your project with version 9.24.0 (pe6e000), which doesn't satisfy what @typescript-eslint/eslint-plugin and other dependencies request (^8.57.0).
➤ YN0002: │ app@workspace:. doesn't provide prettier (pd88b5f), requested by eslint-plugin-prettier.
➤ YN0086: │ Some peer dependencies are incorrectly met by your project; run yarn explain peer-requirements <hash> for details, where <hash> is the six-letter p-prefixed code.
➤ YN0086: │ Some peer dependencies are incorrectly met by dependencies; run yarn explain peer-requirements for details.
➤ YN0000: └ Completed
➤ YN0000: ┌ Fetch step
➤ YN0013: │ 17 packages were added to the project (+ 19.64 MiB).
➤ YN0000: └ Completed in 1s 273ms
➤ YN0000: ┌ Link step
➤ YN0008: │ unrs-resolver@npm:1.11.1 must be rebuilt because its dependency tree changed
➤ YN0000: └ Completed in 1s 596ms
➤ YN0000: · Done with warnings in 3s 537ms
Environment variables loaded from .env
Prisma schema loaded from prisma/schema.prisma

✔ Generated Prisma Client (v6.7.0) to ./node_modules/.prisma/client in 203ms

Start by importing your Prisma Client (See: https://pris.ly/d/importing-client)

Tip: Want real-time updates to your database without manual polling? Discover how with Pulse: https://pris.ly/tip-0-pulse

Starting server...
  ▲ Next.js 14.2.28
  - Local:        http://localhost:3000
  - Environments: .env
  - Experiments (use with caution):
    · outputFileTracingRoot

 ✓ Starting...
 ✓ Ready in 1969ms
 ○ Compiling / ...
 ✓ Compiled / in 3.1s (845 modules)
 HEAD / 200 in 3544ms
 ✓ Compiled in 513ms (304 modules)
 GET / 200 in 70ms
 ○ Compiling /api/auth/[...nextauth] ...
 ✓ Compiled /api/auth/[...nextauth] in 666ms (864 modules)
 GET /api/auth/session 200 in 1085ms
 GET /api/auth/session 200 in 45ms
 GET /api/auth/providers 200 in 58ms
 GET /api/auth/csrf 200 in 50ms
 POST /api/auth/callback/credentials 200 in 55ms
 GET /api/auth/session 200 in 48ms
 ✓ Compiled /middleware in 441ms (174 modules)
 GET / 200 in 101ms
 GET /api/auth/providers 200 in 50ms
 GET /api/auth/csrf 200 in 51ms
 POST /api/auth/callback/credentials 200 in 57ms
 GET /api/auth/session 200 in 49ms
 GET / 200 in 64ms
 GET / 200 in 53ms
 GET / 200 in 63ms
 GET /api/auth/session 200 in 62ms
 GET /api/auth/session 200 in 81ms
 GET / 200 in 89ms
 GET /api/auth/providers 200 in 54ms
 GET /api/auth/csrf 200 in 46ms
 POST /api/auth/callback/credentials 200 in 49ms
 GET /api/auth/session 200 in 51ms
 GET / 200 in 66ms
 GET / 200 in 60ms
 GET / 200 in 41ms
 GET /api/auth/session 200 in 56ms
 GET /api/auth/session 200 in 56ms
 GET / 200 in 54ms
 GET / 200 in 56ms
 GET / 200 in 49ms
 GET / 200 in 47ms
 GET / 200 in 60ms
 GET / 200 in 55ms
 GET / 200 in 54ms
[?25h
