  ▲ Next.js 14.2.28
  - Local:        http://localhost:3000
  - Environments: .env
  - Experiments (use with caution):
    · outputFileTracingRoot

 ✓ Starting...
 ✓ Ready in 2.6s
 ○ Compiling / ...
 ✓ Compiled / in 3s (845 modules)
 GET / 200 in 3516ms
 ✓ Compiled in 529ms (304 modules)
 GET / 200 in 64ms
 ✓ Compiled /api/auth/[...nextauth] in 370ms (712 modules)
 GET /api/auth/session 200 in 874ms
 ○ Compiling /dashboard ...
 ✓ Compiled /dashboard in 2.8s (2248 modules)
 GET /api/auth/session 200 in 2140ms
 GET /dashboard?_rsc=3y0gy 200 in 149ms
 GET / 200 in 89ms
 GET / 200 in 44ms
 GET / 200 in 51ms
 GET / 200 in 47ms
 GET /api/auth/session 200 in 47ms
 GET /api/auth/session 200 in 48ms
 GET /dashboard?_rsc=3y0gy 200 in 54ms
 GET / 200 in 56ms
 GET /api/auth/session 200 in 66ms
 GET / 200 in 47ms
 GET / 200 in 46ms
 GET / 200 in 44ms
 GET / 200 in 44ms
 GET / 200 in 50ms
 GET / 200 in 46ms
 GET / 200 in 46ms
 GET /api/auth/session 200 in 52ms
 GET / 200 in 59ms
 GET / 200 in 49ms
 ✓ Compiled in 523ms (1009 modules)
 ✓ Compiled in 728ms (1183 modules)
 ✓ Compiled in 826ms (1183 modules)
 ✓ Compiled in 756ms (1183 modules)
 ✓ Compiled in 417ms (1009 modules)
 ✓ Compiled in 528ms (1171 modules)
 ✓ Compiled in 639ms (1171 modules)
 ✓ Compiled in 665ms (1171 modules)
 ✓ Compiled in 700ms (1171 modules)
 ✓ Compiled in 501ms (1009 modules)
 ✓ Compiled in 349ms (1010 modules)
 ✓ Compiled in 442ms (1010 modules)
 ✓ Compiled in 318ms (1010 modules)
 ✓ Compiled in 297ms (1010 modules)
 ✓ Compiled in 400ms (1010 modules)
 ○ Compiling / ...
 ✓ Compiled / in 559ms (534 modules)
 GET / 200 in 786ms
 GET / 200 in 48ms
 GET / 200 in 54ms
 GET / 200 in 55ms
 GET / 200 in 59ms
