  ▲ Next.js 14.2.28
  - Local:        http://localhost:3000
  - Environments: .env
  - Experiments (use with caution):
    · outputFileTracingRoot

 ✓ Starting...
 ✓ Ready in 1892ms
 ○ Compiling / ...
 ✓ Compiled / in 3.1s (845 modules)
 GET / 200 in 3442ms
 ✓ Compiled in 573ms (304 modules)
 ✓ Compiled /api/auth/[...nextauth] in 239ms (538 modules)
 GET /api/auth/providers 200 in 678ms
 GET / 200 in 75ms
 ○ Compiling /login ...
 ✓ Compiled /login in 626ms (864 modules)
 GET /api/auth/session 200 in 768ms
 GET /api/auth/session 200 in 37ms
 GET /api/auth/csrf 200 in 39ms
 ✓ Compiled /api/signup in 186ms (583 modules)
 POST /api/signup 201 in 436ms
 GET / 200 in 70ms
 GET /api/auth/signin 302 in 46ms
 GET /login?callbackUrl=https://16ecffed02.preview.abacusai.app 200 in 40ms
 GET /api/auth/csrf 200 in 32ms
 POST /api/auth/callback/credentials 302 in 184ms
 ✓ Compiled /middleware in 272ms (174 modules)
 ○ Compiling /dashboard ...
 ✓ Compiled /dashboard in 2.5s (2287 modules)
 GET /dashboard 200 in 2832ms
 GET / 200 in 57ms
 GET /dashboard 200 in 81ms
 GET /api/auth/session 200 in 126ms
 GET /api/auth/session 200 in 46ms
 GET /api/auth/session 200 in 38ms
 GET /dashboard?_rsc=3y0gy 200 in 67ms
 GET /api/auth/session 200 in 38ms
 ○ Compiling /dashboard/reports ...
 ✓ Compiled /dashboard/reports in 2s (2580 modules)
 GET /dashboard/users 200 in 2445ms
 GET /dashboard/feed 200 in 2446ms
 GET /dashboard/weight-tracking 200 in 2447ms
 GET /dashboard/flocks 200 in 2459ms
 GET /dashboard/reports 200 in 2420ms
 GET /dashboard/egg-collection 200 in 2420ms
 GET /dashboard/user-manual 200 in 2421ms
 GET /dashboard/batches 200 in 2421ms
 GET /dashboard/mortality 200 in 2450ms
 GET /api/auth/session 200 in 92ms
 ✓ Compiled /api/reports in 471ms (1451 modules)
 ✓ Compiled (1467 modules)
 GET /api/weight-tracking 200 in 1085ms
 GET /api/sites 200 in 1116ms
 GET /api/flocks 200 in 1049ms
 GET /api/egg-collection 200 in 1052ms
 GET /api/roles 200 in 1080ms
 GET /api/batches 200 in 1122ms
 GET /api/mortality 200 in 1051ms
 GET /api/users 200 in 1101ms
 GET /api/auth/session 200 in 1092ms
 GET /api/reports?type=production 200 in 962ms
 GET /api/weight-tracking 200 in 76ms
 GET /api/batches 200 in 83ms
 GET /api/egg-collection 200 in 84ms
 GET /api/flocks 200 in 98ms
 GET /api/mortality 200 in 104ms
 GET /api/sites 200 in 108ms
 GET /api/auth/session 200 in 119ms
 GET /api/reports?type=production 200 in 108ms
 GET /api/weight-tracking 200 in 77ms
 GET /api/batches 200 in 74ms
 GET /api/flocks 200 in 86ms
 ✓ Compiled /api/feed/inventory in 447ms (1469 modules)
 GET /api/auth/session 200 in 947ms
 GET /api/weight-tracking 200 in 949ms
 GET /api/batches 200 in 933ms
 GET /api/feed/inventory 200 in 994ms
 GET /api/flocks 200 in 908ms
 GET /api/auth/session 200 in 37ms
 ✓ Compiled /api/feed/purchases in 426ms (1471 modules)
 GET /api/batches 200 in 958ms
 GET /api/auth/session 200 in 984ms
 GET /api/feed/purchases 200 in 1050ms
 GET /api/batches 200 in 90ms
 GET /api/auth/session 200 in 86ms
 ○ Compiling /api/feed/consumption ...
 ✓ Compiled /api/feed/consumption in 523ms (1473 modules)
 GET /api/auth/session 200 in 505ms
 GET /api/auth/session 200 in 1020ms
 GET /api/feed/consumption 200 in 1102ms
 GET /api/auth/session 200 in 31ms
 GET /api/auth/session 200 in 34ms
 GET /api/auth/session 200 in 51ms
 ○ Compiling /dashboard/flocks/[id] ...
 ✓ Compiled /dashboard/flocks/[id] in 1961ms (2628 modules)
 GET /dashboard/flocks/new 200 in 2146ms
 GET /dashboard/flocks/cmk34l9dq000eyesq7qu0bht7 200 in 2411ms
 GET /dashboard/flocks/cmk34l9do000cyesqgndvuyvv 200 in 2408ms
 GET /dashboard/flocks/cmk34l9dk000ayesq6u6jm90m 200 in 2408ms
 GET /dashboard/flocks/cmk34l9dk000ayesq6u6jm90m/edit 200 in 2476ms
 GET /dashboard/flocks/cmk34l9do000cyesqgndvuyvv/edit 200 in 2476ms
 GET /dashboard/flocks/cmk34l9dq000eyesq7qu0bht7/edit 200 in 2477ms
 GET /api/sites 200 in 66ms
 GET /api/auth/session 200 in 89ms
 GET /api/sites 200 in 127ms
 GET /api/auth/session 200 in 117ms
 ○ Compiling /api/flocks/[id] ...
 ✓ Compiled /api/flocks/[id] in 560ms (1490 modules)
 GET /api/auth/session 200 in 1127ms
 GET /api/auth/session 200 in 37ms
 GET /api/auth/session 200 in 38ms
 GET /api/auth/session 200 in 49ms
 GET /api/auth/session 200 in 62ms
 GET /api/flocks/cmk34l9dk000ayesq6u6jm90m 200 in 1484ms
 GET /api/flocks/cmk34l9do000cyesqgndvuyvv 200 in 1462ms
 GET /api/flocks/cmk34l9dq000eyesq7qu0bht7 200 in 1389ms
 GET /api/auth/session 200 in 84ms
 GET /api/flocks/cmk34l9do000cyesqgndvuyvv 200 in 122ms
 GET /api/flocks/cmk34l9dk000ayesq6u6jm90m 200 in 122ms
 GET /api/flocks/cmk34l9dq000eyesq7qu0bht7 200 in 125ms
 GET /api/auth/session 200 in 52ms
 GET /api/flocks/cmk34l9do000cyesqgndvuyvv 200 in 76ms
 GET /api/flocks/cmk34l9dq000eyesq7qu0bht7 200 in 76ms
 GET /api/flocks/cmk34l9dk000ayesq6u6jm90m 200 in 93ms
 GET /api/auth/session 200 in 108ms
 GET /api/flocks/cmk34l9dq000eyesq7qu0bht7 200 in 99ms
 GET /api/flocks/cmk34l9do000cyesqgndvuyvv 200 in 157ms
 GET /api/flocks/cmk34l9dk000ayesq6u6jm90m 200 in 106ms
 GET /api/auth/session 200 in 94ms
 GET /api/auth/session 200 in 55ms
 GET /api/auth/session 200 in 38ms
 GET /api/auth/session 200 in 57ms
 GET /api/auth/session 200 in 465ms
 GET /api/auth/session 200 in 93ms
 GET /api/auth/session 200 in 103ms
 GET /api/auth/session 200 in 66ms
 GET /api/auth/session 200 in 66ms
 GET /api/auth/session 200 in 70ms
 GET /api/auth/session 200 in 146ms
 GET /api/auth/session 200 in 70ms
 GET /api/auth/session 200 in 36ms
 GET /api/auth/session 200 in 33ms
 GET /api/auth/session 200 in 29ms
[?25h
