  ▲ Next.js 14.2.28
  - Local:        http://localhost:3000
  - Environments: .env
  - Experiments (use with caution):
    · outputFileTracingRoot

 ✓ Starting...
 ✓ Ready in 1672ms
 ○ Compiling / ...
 ✓ Compiled / in 1761ms (838 modules)
 GET / 200 in 2210ms
 ✓ Compiled in 473ms (304 modules)
 GET / 200 in 43ms
 ○ Compiling /api/auth/[...nextauth] ...
 ✓ Compiled /api/auth/[...nextauth] in 700ms (864 modules)
 GET /api/auth/session 200 in 1146ms
 GET /api/auth/session 200 in 35ms
 GET / 200 in 80ms
 GET / 200 in 35ms
 GET / 200 in 37ms
 GET / 200 in 34ms
 GET / 200 in 36ms
 GET / 200 in 33ms
 GET / 200 in 37ms
 GET / 200 in 40ms
 GET / 200 in 35ms
 GET / 200 in 37ms
 GET /api/auth/session 200 in 62ms
 GET /api/auth/session 200 in 69ms
 GET / 200 in 41ms
 GET / 200 in 37ms
 GET / 200 in 33ms
 GET / 200 in 34ms
 GET / 200 in 40ms
 GET /api/auth/session 200 in 69ms
 GET /api/auth/session 200 in 70ms
 GET / 200 in 41ms
 GET / 200 in 68ms
 GET / 200 in 34ms
 GET / 200 in 39ms
 GET / 200 in 38ms
 ✓ Compiled in 613ms (320 modules)
 ✓ Compiled in 383ms (320 modules)
 ✓ Compiled in 338ms (320 modules)
 ✓ Compiled in 223ms (320 modules)
 ✓ Compiled in 238ms (320 modules)
 ✓ Compiled in 284ms (320 modules)
 ✓ Compiled in 297ms (320 modules)
 ✓ Compiled in 267ms (320 modules)
 ✓ Compiled in 247ms (320 modules)
 ✓ Compiled in 215ms (320 modules)
 ✓ Compiled in 296ms (320 modules)
 ✓ Compiled in 253ms (320 modules)
 ✓ Compiled in 261ms (320 modules)
[?25h
