➤ YN0000: · Yarn 4.12.0
➤ YN0000: ┌ Resolution step
➤ YN0085: │ + @next/swc-wasm-nodejs@npm:14.2.33, @next/third-parties@npm:16.1.4, @typescript-eslint/eslint-plugin@npm:6.21.0, @typescript-eslint/parser@npm:6.21.0, and 55 more.
➤ YN0085: │ - @azure/abort-controller@npm:2.1.2, @azure/core-auth@npm:1.10.1, @azure/core-client@npm:1.10.1, @azure/core-http-compat@npm:2.3.1, and 55 more.
➤ YN0000: └ Completed in 1s 228ms
➤ YN0000: ┌ Post-resolution validation
➤ YN0060: │ @types/react is listed by your project with version 18.2.22 (p6349eb), which doesn't satisfy what react-redux (via recharts) and other dependencies request (^18.2.25).
➤ YN0002: │ app@workspace:. doesn't provide prettier (pd88b5f), requested by eslint-plugin-prettier.
➤ YN0086: │ Some peer dependencies are incorrectly met by your project; run yarn explain peer-requirements <hash> for details, where <hash> is the six-letter p-prefixed code.
➤ YN0086: │ Some peer dependencies are incorrectly met by dependencies; run yarn explain peer-requirements for details.
➤ YN0000: └ Completed
➤ YN0000: ┌ Fetch step
➤ YN0013: │ 43 packages were added to the project (+ 290.95 MiB).
➤ YN0000: └ Completed in 2s 585ms
➤ YN0000: ┌ Link step
➤ YN0000: └ Completed in 38s 71ms
➤ YN0000: · Done with warnings in 42s 43ms
Environment variables loaded from .env
Prisma schema loaded from prisma/schema.prisma

✔ Generated Prisma Client (v6.7.0) to ./node_modules/.prisma/client in 204ms

Start by importing your Prisma Client (See: https://pris.ly/d/importing-client)

Tip: Want to turn off tips and other hints? https://pris.ly/tip-4-nohints

Starting server...
  ▲ Next.js 14.2.35
  - Local:        http://localhost:3000
  - Environments: .env
  - Experiments (use with caution):
    · outputFileTracingRoot

 ✓ Starting...
 ✓ Ready in 1663ms
 ○ Compiling / ...
 ✓ Compiled / in 2s (840 modules)
 GET / 200 in 2518ms
 ✓ Compiled in 539ms (305 modules)
 GET / 200 in 91ms
 ○ Compiling /api/auth/[...nextauth] ...
 ✓ Compiled /api/auth/[...nextauth] in 692ms (866 modules)
 GET /api/auth/session 200 in 1126ms
 GET /api/auth/session 200 in 53ms
 GET / 200 in 103ms
 GET / 200 in 67ms
 GET / 200 in 51ms
 GET / 200 in 51ms
 GET /api/auth/session 200 in 80ms
 GET /api/auth/session 200 in 96ms
 GET / 200 in 73ms
 GET / 200 in 62ms
 GET / 200 in 69ms
 GET / 200 in 51ms
 GET /api/auth/session 200 in 86ms
 GET /api/auth/session 200 in 68ms
 GET / 200 in 63ms
 GET / 200 in 63ms
 GET / 200 in 83ms
 GET / 200 in 50ms
 GET / 200 in 48ms
 GET /api/auth/session 200 in 63ms
 GET /api/auth/session 200 in 63ms
 GET / 200 in 62ms
 GET / 200 in 64ms
 GET / 200 in 68ms
 GET / 200 in 61ms
 GET / 200 in 61ms
 GET / 200 in 43ms
 GET / 200 in 60ms
 GET / 200 in 79ms
 GET / 200 in 44ms
 GET / 200 in 53ms
 GET / 200 in 44ms
 GET / 200 in 49ms
 GET / 200 in 48ms
 GET / 200 in 46ms
 ✓ Compiled in 395ms (321 modules)
[?25h
