  ▲ Next.js 14.2.28
  - Environments: .env
  - Experiments (use with caution):
    · outputFileTracingRoot

   Creating an optimized production build ...
 ✓ Compiled successfully
   Skipping linting
   Checking validity of types ...
   Collecting page data ...
   Generating static pages (0/14) ...
   Generating static pages (3/14) 
   Generating static pages (6/14) 
   Generating static pages (10/14) 
 ✓ Generating static pages (14/14)
   Finalizing page optimization ...
   Collecting build traces ...

Route (app)                              Size     First Load JS
┌ ƒ /                                    160 B          87.6 kB
├ ƒ /_not-found                          877 B          88.3 kB
├ ƒ /api/auth/[...nextauth]              0 B                0 B
├ ƒ /api/fcr                             0 B                0 B
├ ƒ /api/signup                          0 B                0 B
├ ƒ /api/weight-tracking                 0 B                0 B
├ ƒ /api/weight-tracking/[id]            0 B                0 B
├ ƒ /dashboard                           116 kB          216 kB
├ ƒ /dashboard/batches                   160 B          87.6 kB
├ ƒ /dashboard/egg-collection            160 B          87.6 kB
├ ƒ /dashboard/flocks                    2.38 kB         112 kB
├ ƒ /dashboard/flocks/[id]               160 B          87.6 kB
├ ƒ /dashboard/flocks/[id]/edit          160 B          87.6 kB
├ ƒ /dashboard/flocks/new                160 B          87.6 kB
├ ƒ /dashboard/mortality                 160 B          87.6 kB
├ ƒ /dashboard/reports                   160 B          87.6 kB
├ ƒ /dashboard/weight-tracking           32.6 kB         146 kB
└ ƒ /login                               4.08 kB         117 kB
+ First Load JS shared by all            87.4 kB
  ├ chunks/156-f963c1b240365343.js       31.8 kB
  ├ chunks/ceb5afef-8889373518279650.js  53.6 kB
  └ other shared chunks (total)          1.97 kB


ƒ Middleware                             49.4 kB

ƒ  (Dynamic)  server-rendered on demand

exit_code=0
