[master (root-commit) 56da915] Royal Farms Phase 1 MVP
 98 files changed, 7138 insertions(+)
 create mode 100644 .abacus.donotdelete
 create mode 100644 .gitignore
 create mode 100644 nextjs_space/.env
 create mode 100644 nextjs_space/.yarnrc.yml
 create mode 100644 nextjs_space/app/api/auth/[...nextauth]/route.ts
 create mode 100644 nextjs_space/app/api/signup/route.ts
 create mode 100644 nextjs_space/app/dashboard/batches/page.tsx
 create mode 100644 nextjs_space/app/dashboard/egg-collection/page.tsx
 create mode 100644 nextjs_space/app/dashboard/flocks/[id]/edit/page.tsx
 create mode 100644 nextjs_space/app/dashboard/flocks/[id]/page.tsx
 create mode 100644 nextjs_space/app/dashboard/flocks/new/page.tsx
 create mode 100644 nextjs_space/app/dashboard/flocks/page.tsx
 create mode 100644 nextjs_space/app/dashboard/layout.tsx
 create mode 100644 nextjs_space/app/dashboard/mortality/page.tsx
 create mode 100644 nextjs_space/app/dashboard/page.tsx
 create mode 100644 nextjs_space/app/dashboard/reports/page.tsx
 create mode 100644 nextjs_space/app/globals.css
 create mode 100644 nextjs_space/app/layout.tsx
 create mode 100644 nextjs_space/app/login/page.tsx
 create mode 100644 nextjs_space/app/page.tsx
 create mode 100644 nextjs_space/components.json
 create mode 100644 nextjs_space/components/dashboard/alerts-list.tsx
 create mode 100644 nextjs_space/components/dashboard/dashboard-kpis.tsx
 create mode 100644 nextjs_space/components/dashboard/egg-production-chart.tsx
 create mode 100644 nextjs_space/components/dashboard/mortality-chart.tsx
 create mode 100644 nextjs_space/components/dashboard/recent-activity.tsx
 create mode 100644 nextjs_space/components/dashboard/sidebar.tsx
 create mode 100644 nextjs_space/components/flocks/flocks-table.tsx
 create mode 100644 nextjs_space/components/providers.tsx
 create mode 100644 nextjs_space/components/theme-provider.tsx
 create mode 100644 nextjs_space/components/ui/accordion.tsx
 create mode 100644 nextjs_space/components/ui/alert-dialog.tsx
 create mode 100644 nextjs_space/components/ui/alert.tsx
 create mode 100644 nextjs_space/components/ui/aspect-ratio.tsx
 create mode 100644 nextjs_space/components/ui/avatar.tsx
 create mode 100644 nextjs_space/components/ui/badge.tsx
 create mode 100644 nextjs_space/components/ui/breadcrumb.tsx
 create mode 100644 nextjs_space/components/ui/button.tsx
 create mode 100644 nextjs_space/components/ui/calendar.tsx
 create mode 100644 nextjs_space/components/ui/card.tsx
 create mode 100644 nextjs_space/components/ui/carousel.tsx
 create mode 100644 nextjs_space/components/ui/checkbox.tsx
 create mode 100644 nextjs_space/components/ui/collapsible.tsx
 create mode 100644 nextjs_space/components/ui/command.tsx
 create mode 100644 nextjs_space/components/ui/context-menu.tsx
 create mode 100644 nextjs_space/components/ui/date-range-picker.tsx
 create mode 100644 nextjs_space/components/ui/dialog.tsx
 create mode 100644 nextjs_space/components/ui/drawer.tsx
 create mode 100644 nextjs_space/components/ui/dropdown-menu.tsx
 create mode 100644 nextjs_space/components/ui/form.tsx
 create mode 100644 nextjs_space/components/ui/hover-card.tsx
 create mode 100644 nextjs_space/components/ui/input-otp.tsx
 create mode 100644 nextjs_space/components/ui/input.tsx
 create mode 100644 nextjs_space/components/ui/label.tsx
 create mode 100644 nextjs_space/components/ui/menubar.tsx
 create mode 100644 nextjs_space/components/ui/navigation-menu.tsx
 create mode 100644 nextjs_space/components/ui/pagination.tsx
 create mode 100644 nextjs_space/components/ui/popover.tsx
 create mode 100644 nextjs_space/components/ui/progress.tsx
 create mode 100644 nextjs_space/components/ui/radio-group.tsx
 create mode 100644 nextjs_space/components/ui/resizable.tsx
 create mode 100644 nextjs_space/components/ui/scroll-area.tsx
 create mode 100644 nextjs_space/components/ui/select.tsx
 create mode 100644 nextjs_space/components/ui/separator.tsx
 create mode 100644 nextjs_space/components/ui/sheet.tsx
 create mode 100644 nextjs_space/components/ui/skeleton.tsx
 create mode 100644 nextjs_space/components/ui/slider.tsx
 create mode 100644 nextjs_space/components/ui/sonner.tsx
 create mode 100644 nextjs_space/components/ui/switch.tsx
 create mode 100644 nextjs_space/components/ui/table.tsx
 create mode 100644 nextjs_space/components/ui/tabs.tsx
 create mode 100644 nextjs_space/components/ui/task-card.tsx
 create mode 100644 nextjs_space/components/ui/textarea.tsx
 create mode 100644 nextjs_space/components/ui/toast.tsx
 create mode 100644 nextjs_space/components/ui/toaster.tsx
 create mode 100644 nextjs_space/components/ui/toggle-group.tsx
 create mode 100644 nextjs_space/components/ui/toggle.tsx
 create mode 100644 nextjs_space/components/ui/tooltip.tsx
 create mode 100644 nextjs_space/components/ui/use-toast.ts
 create mode 100644 nextjs_space/hooks/use-toast.ts
 create mode 100644 nextjs_space/lib/auth-options.ts
 create mode 100644 nextjs_space/lib/db.ts
 create mode 100644 nextjs_space/lib/role-permissions.ts
 create mode 100644 nextjs_space/lib/types.ts
 create mode 100644 nextjs_space/lib/utils.ts
 create mode 100644 nextjs_space/middleware.ts
 create mode 100644 nextjs_space/next-env.d.ts
 create mode 100644 nextjs_space/next.config.js
 create mode 100644 nextjs_space/package.json
 create mode 100644 nextjs_space/postcss.config.js
 create mode 100644 nextjs_space/prisma/schema.prisma
 create mode 100644 nextjs_space/public/favicon.svg
 create mode 100644 nextjs_space/public/og-image.png
 create mode 100644 nextjs_space/public/robots.txt
 create mode 100644 nextjs_space/scripts/seed.ts
 create mode 100644 nextjs_space/tailwind.config.ts
 create mode 100644 nextjs_space/tsconfig.json
 create mode 120000 nextjs_space/yarn.lock
###56da915f33ee6ab6e87d6aef45bfa14636e0bc06###
