➤ YN0000: · Yarn 4.12.0
➤ YN0000: ┌ Resolution step
➤ YN0085: │ + @next/third-parties@npm:16.1.3, recharts@npm:3.6.0, sonner@npm:2.0.7, @reduxjs/toolkit@npm:2.11.2, @standard-schema/spec@npm:1.1.0, and 12 more.
➤ YN0085: │ - @azure/abort-controller@npm:2.1.2, @azure/core-auth@npm:1.10.1, @azure/core-client@npm:1.10.1, @azure/core-http-compat@npm:2.3.1, and 18 more.
➤ YN0000: └ Completed in 0s 506ms
➤ YN0000: ┌ Post-resolution validation
➤ YN0060: │ @types/react is listed by your project with version 18.2.22 (p6349eb), which doesn't satisfy what react-redux (via recharts) and other dependencies request (^18.2.25).
➤ YN0060: │ @typescript-eslint/parser is listed by your project with version 7.0.0 (p6cb6c0), which doesn't satisfy what @typescript-eslint/eslint-plugin requests (^6.0.0-alpha).
➤ YN0060: │ eslint is listed by your project with version 9.24.0 (pe6e000), which doesn't satisfy what @typescript-eslint/eslint-plugin and other dependencies request (^8.57.0).
➤ YN0002: │ app@workspace:. doesn't provide prettier (pd88b5f), requested by eslint-plugin-prettier.
➤ YN0086: │ Some peer dependencies are incorrectly met by your project; run yarn explain peer-requirements <hash> for details, where <hash> is the six-letter p-prefixed code.
➤ YN0086: │ Some peer dependencies are incorrectly met by dependencies; run yarn explain peer-requirements for details.
➤ YN0000: └ Completed
➤ YN0000: ┌ Fetch step
➤ YN0013: │ 17 packages were added to the project (+ 19.64 MiB).
➤ YN0000: └ Completed in 1s 168ms
➤ YN0000: ┌ Link step
➤ YN0000: └ Completed in 1s 489ms
➤ YN0000: · Done with warnings in 3s 322ms
Environment variables loaded from .env
Prisma schema loaded from prisma/schema.prisma

✔ Generated Prisma Client (v6.7.0) to ./node_modules/.prisma/client in 211ms

Start by importing your Prisma Client (See: https://pris.ly/d/importing-client)

Tip: Interested in query caching in just a few lines of code? Try Accelerate today! https://pris.ly/tip-3-accelerate

Starting server...
  ▲ Next.js 14.2.28
  - Local:        http://localhost:3000
  - Environments: .env
  - Experiments (use with caution):
    · outputFileTracingRoot

 ✓ Starting...
 ✓ Ready in 1780ms
 ○ Compiling / ...
 ✓ Compiled / in 3.2s (845 modules)
 GET / 200 in 3702ms
 ✓ Compiled in 482ms (304 modules)
 GET / 200 in 60ms
 GET / 200 in 42ms
 ✓ Compiled /login in 194ms (538 modules)
 ✓ Compiled in 345ms (308 modules)
 GET /api/auth/session 200 in 1060ms
 GET /api/auth/session 200 in 38ms
 GET / 200 in 67ms
 GET / 200 in 38ms
 GET / 200 in 36ms
 GET / 200 in 33ms
 GET / 200 in 33ms
 GET / 200 in 39ms
 GET / 200 in 39ms
 GET / 200 in 39ms
 GET /api/auth/session 200 in 56ms
 GET /api/auth/session 200 in 39ms
 GET / 200 in 37ms
 GET / 200 in 36ms
 GET / 200 in 35ms
 GET / 200 in 55ms
 GET / 200 in 43ms
 GET /api/auth/session 200 in 43ms
 GET /api/auth/session 200 in 34ms
 GET / 200 in 31ms
 GET / 200 in 30ms
 GET / 200 in 32ms
 GET /api/auth/session 200 in 58ms
 GET /api/auth/session 200 in 42ms
 GET / 200 in 31ms
 GET / 200 in 30ms
 GET / 200 in 32ms
 GET / 200 in 30ms
 GET / 200 in 31ms
 GET / 200 in 32ms
 GET / 200 in 33ms
 GET / 200 in 40ms
 GET / 200 in 31ms
 GET / 200 in 31ms
 GET / 200 in 30ms
 GET / 200 in 40ms
 GET / 200 in 33ms
 GET / 200 in 33ms
 GET / 200 in 33ms
 GET / 200 in 35ms
 GET / 200 in 34ms
 GET / 200 in 30ms
 GET / 200 in 38ms
 GET / 200 in 34ms
 GET / 200 in 32ms
 GET / 200 in 30ms
 GET / 200 in 33ms
 GET / 200 in 36ms
 GET / 200 in 31ms
 GET / 200 in 32ms
