  ▲ Next.js 14.2.28
  - Local:        http://localhost:3000
  - Environments: .env
  - Experiments (use with caution):
    · outputFileTracingRoot

 ✓ Starting...
 ✓ Ready in 1315ms
 ○ Compiling / ...
 ✓ Compiled / in 3s (845 modules)
 GET / 200 in 3514ms
 ✓ Compiled in 557ms (304 modules)
 ✓ Compiled /api/auth/[...nextauth] in 218ms (538 modules)
 GET /api/auth/providers 200 in 670ms
 GET / 200 in 262ms
 ○ Compiling /login ...
 ✓ Compiled /login in 576ms (864 modules)
 GET /api/auth/session 200 in 719ms
 GET /api/auth/session 200 in 84ms
 GET /api/auth/csrf 200 in 60ms
 ✓ Compiled /api/signup in 213ms (583 modules)
 POST /api/signup 201 in 514ms
 GET / 200 in 87ms
 GET /api/auth/signin 302 in 58ms
 GET /login?callbackUrl=https://166f2b6db8.preview.abacusai.app 200 in 83ms
 GET /api/auth/csrf 200 in 43ms
 POST /api/auth/callback/credentials 302 in 199ms
 ✓ Compiled /middleware in 380ms (174 modules)
 ○ Compiling /dashboard ...
 ✓ Compiled /dashboard in 3.4s (2291 modules)
 GET /dashboard 200 in 3735ms
 GET / 200 in 83ms
 GET /dashboard 200 in 105ms
 GET /api/auth/session 200 in 111ms
 GET /api/auth/session 200 in 93ms
 GET /dashboard?_rsc=3y0gy 200 in 101ms
 GET /api/auth/session 200 in 81ms
 GET /api/auth/session 200 in 99ms
 ○ Compiling /dashboard/flocks ...
 ✓ Compiled /dashboard/flocks in 2.6s (2640 modules)
 GET /dashboard/mortality 200 in 3061ms
 GET /dashboard/finance 200 in 3134ms
 GET /dashboard/batches 200 in 3136ms
 GET /dashboard/egg-collection 200 in 3135ms
 GET /dashboard/inventory 200 in 3137ms
 GET /dashboard/fcr 200 in 3072ms
 GET /dashboard/feed 200 in 3072ms
 GET /dashboard/health 200 in 3072ms
 GET /dashboard/users 200 in 3078ms
 GET /dashboard/reports 200 in 3079ms
 GET /dashboard/user-manual 200 in 3079ms
 GET /dashboard/weight-tracking 200 in 3148ms
 GET /dashboard/flocks 200 in 3119ms
 ○ Compiling /api/weight-tracking ...
 ✓ Compiled /api/weight-tracking in 659ms (1485 modules)
 ✓ Compiled (1497 modules)
 GET /api/batches 200 in 1356ms
 GET /api/flocks 200 in 1355ms
 GET /api/sites 200 in 1156ms
 GET /api/mortality 200 in 1361ms
 GET /api/egg-collection 200 in 1076ms
 GET /api/auth/session 200 in 1357ms
 GET /api/weight-tracking 200 in 1083ms
 GET /api/reports?type=production 200 in 1303ms
 GET /api/flocks 200 in 114ms
 GET /api/mortality 200 in 178ms
 GET /api/batches 200 in 179ms
 GET /api/sites 200 in 180ms
 GET /api/egg-collection 200 in 173ms
 GET /api/weight-tracking 200 in 173ms
 GET /api/auth/session 200 in 173ms
 GET /api/reports?type=production 200 in 182ms
 GET /api/flocks 200 in 94ms
 GET /api/batches 200 in 79ms
 GET /api/weight-tracking 200 in 85ms
 GET /api/auth/session 200 in 114ms
 GET /api/flocks 200 in 102ms
 GET /api/batches 200 in 83ms
 GET /api/weight-tracking 200 in 76ms
 GET /api/auth/session 200 in 55ms
 GET /api/batches 200 in 44ms
 GET /api/auth/session 200 in 50ms
 GET /api/batches 200 in 47ms
 GET /api/auth/session 200 in 53ms
 GET /api/batches 200 in 67ms
 GET /api/auth/session 200 in 65ms
 GET /api/batches 200 in 67ms
 ✓ Compiled /api/health/disease-outbreaks in 452ms (1499 modules)
 ✓ Compiled (1503 modules)
 GET /api/auth/session 200 in 1055ms
 GET /api/health/health-checks 200 in 1203ms
 GET /api/health/vaccination-records 200 in 1223ms
 GET /api/health/disease-outbreaks?isResolved=false 200 in 1225ms
 GET /api/auth/session 200 in 144ms
 GET /api/auth/session 200 in 69ms
 GET /api/auth/session 200 in 69ms
 GET /api/auth/session 200 in 170ms
 ○ Compiling /api/feed/inventory ...
 ✓ Compiled /api/feed/inventory in 823ms (1505 modules)
 GET /api/auth/session 200 in 936ms
 GET /api/auth/session 200 in 649ms
 GET /api/auth/session 200 in 694ms
 GET /api/auth/session 200 in 651ms
 GET /api/auth/session 200 in 652ms
 GET /api/auth/session 200 in 652ms
 GET /api/auth/session 200 in 652ms
 GET /api/auth/session 200 in 653ms
 GET /api/auth/session 200 in 649ms
 GET /api/auth/session 200 in 641ms
 GET /api/auth/session 200 in 642ms
 GET /api/auth/session 200 in 635ms
 GET /api/auth/session 200 in 621ms
 GET /api/auth/session 200 in 1318ms
 GET /api/feed/inventory 200 in 1563ms
 GET /api/auth/session 200 in 83ms
 ○ Compiling /dashboard/flocks/[id]/edit ...
 ✓ Compiled /dashboard/flocks/[id]/edit in 1703ms (2686 modules)
 GET /dashboard/flocks/new 200 in 1943ms
 GET /dashboard/flocks/cmk34l9dk000ayesq6u6jm90m 200 in 2321ms
 GET /dashboard/flocks/cmk34l9do000cyesqgndvuyvv 200 in 2271ms
 GET /dashboard/flocks/cmk34l9dk000ayesq6u6jm90m/edit 200 in 2304ms
 GET /dashboard/flocks/cmk34l9dq000eyesq7qu0bht7 200 in 2273ms
 GET /dashboard/flocks/cmk34l9do000cyesqgndvuyvv/edit 200 in 2273ms
 GET /dashboard/flocks/cmk34l9dq000eyesq7qu0bht7/edit 200 in 2273ms
 GET /api/sites 200 in 125ms
 GET /api/auth/session 200 in 132ms
 GET /api/sites 200 in 189ms
 GET /api/auth/session 200 in 157ms
 ○ Compiling /api/flocks/[id] ...
 ✓ Compiled /api/flocks/[id] in 677ms (1522 modules)
 GET /api/auth/session 200 in 1363ms
 GET /api/auth/session 200 in 73ms
 GET /api/auth/session 200 in 47ms
 GET /api/auth/session 200 in 62ms
 GET /api/auth/session 200 in 70ms
 GET /api/flocks/cmk34l9dk000ayesq6u6jm90m 200 in 1778ms
 GET /api/flocks/cmk34l9dq000eyesq7qu0bht7 200 in 1668ms
 GET /api/flocks/cmk34l9do000cyesqgndvuyvv 200 in 1723ms
 GET /api/auth/session 200 in 104ms
 GET /api/flocks/cmk34l9dk000ayesq6u6jm90m 200 in 101ms
 GET /api/flocks/cmk34l9dq000eyesq7qu0bht7 200 in 172ms
 GET /api/flocks/cmk34l9do000cyesqgndvuyvv 200 in 174ms
 GET /api/auth/session 200 in 120ms
 GET /api/flocks/cmk34l9dk000ayesq6u6jm90m 200 in 138ms
 GET /api/flocks/cmk34l9do000cyesqgndvuyvv 200 in 107ms
 GET /api/flocks/cmk34l9dq000eyesq7qu0bht7 200 in 108ms
 GET /api/auth/session 200 in 99ms
 GET /api/flocks/cmk34l9dk000ayesq6u6jm90m 200 in 101ms
 GET /api/flocks/cmk34l9dq000eyesq7qu0bht7 200 in 121ms
 GET /api/flocks/cmk34l9do000cyesqgndvuyvv 200 in 156ms
 GET /api/auth/session 200 in 121ms
 GET /api/auth/session 200 in 51ms
 GET /api/auth/session 200 in 82ms
 GET /api/auth/session 200 in 60ms
 GET /api/auth/session 200 in 58ms
 GET /api/auth/session 200 in 69ms
 GET /api/auth/session 200 in 86ms
 GET /api/auth/session 200 in 51ms
 GET /api/auth/session 200 in 58ms
 GET /api/auth/session 200 in 59ms
 GET /api/auth/session 200 in 112ms
 GET /api/auth/session 200 in 102ms
 GET /api/auth/session 200 in 112ms
 GET /api/auth/session 200 in 81ms
 GET /api/auth/session 200 in 55ms
[?25h
