  ▲ Next.js 14.2.28
  - Local:        http://localhost:3000
  - Environments: .env
  - Experiments (use with caution):
    · outputFileTracingRoot

 ✓ Starting...
 ✓ Ready in 2.2s
 ○ Compiling / ...
 ✓ Compiled / in 2.9s (845 modules)
 GET / 200 in 3449ms
 ✓ Compiled in 536ms (304 modules)
 GET / 200 in 72ms
 GET / 200 in 87ms
 GET / 200 in 77ms
 ○ Compiling /api/auth/[...nextauth] ...
 ✓ Compiled /api/auth/[...nextauth] in 634ms (864 modules)
 GET /api/auth/session 200 in 1095ms
 GET /api/auth/session 200 in 48ms
 GET / 200 in 100ms
 GET / 200 in 48ms
 GET / 200 in 64ms
 GET / 200 in 105ms
 GET / 200 in 50ms
 GET / 200 in 52ms
 GET / 200 in 56ms
 GET / 200 in 49ms
 GET /api/auth/session 200 in 78ms
 GET /api/auth/session 200 in 64ms
 GET / 200 in 63ms
 GET / 200 in 86ms
 GET / 200 in 50ms
 GET / 200 in 54ms
 GET / 200 in 49ms
 GET / 200 in 48ms
 GET / 200 in 50ms
 GET / 200 in 46ms
 GET / 200 in 59ms
 GET / 200 in 51ms
 GET / 200 in 47ms
 GET / 200 in 53ms
 GET / 200 in 52ms
 GET / 200 in 50ms
 GET / 200 in 47ms
