  ▲ Next.js 14.2.28
  - Local:        http://localhost:3000
  - Environments: .env
  - Experiments (use with caution):
    · outputFileTracingRoot

 ✓ Starting...
 ✓ Ready in 1755ms
 ○ Compiling / ...
 ✓ Compiled / in 2.3s (788 modules)
 GET / 200 in 2727ms
 ✓ Compiled in 424ms (281 modules)
 GET / 200 in 50ms
 ✓ Compiled /login in 171ms (511 modules)
 ✓ Compiled in 433ms (285 modules)
 GET /api/auth/session 200 in 1034ms
 GET /api/auth/session 200 in 35ms
 GET / 200 in 81ms
 GET / 200 in 35ms
 GET / 200 in 38ms
 GET / 200 in 34ms
 GET / 200 in 35ms
 GET /api/auth/providers 200 in 46ms
 GET /api/auth/csrf 200 in 35ms
 POST /api/auth/callback/credentials 200 in 230ms
 GET /api/auth/session 200 in 46ms
 ✓ Compiled /middleware in 326ms (174 modules)
 ○ Compiling /dashboard ...
 ✓ Compiled /dashboard in 2.2s (2145 modules)
 GET /dashboard?_rsc=cbwqv 200 in 142ms
 GET / 200 in 65ms
 GET / 200 in 33ms
 GET / 200 in 34ms
 GET / 200 in 33ms
 GET / 200 in 32ms
 GET / 200 in 32ms
 GET / 200 in 33ms
 GET / 200 in 33ms
 GET / 200 in 35ms
 GET / 200 in 31ms
 GET /api/auth/session 200 in 46ms
 GET / 200 in 30ms
 GET / 200 in 36ms
 GET / 200 in 32ms
 GET / 200 in 40ms
 GET / 200 in 32ms
 GET / 200 in 31ms
 ○ Compiling /dashboard/reports ...
 ✓ Compiled /dashboard/reports in 536ms (2143 modules)
 GET /dashboard/reports?_rsc=41lag 200 in 45ms
 GET / 200 in 77ms
 ✓ Compiled /dashboard/mortality in 342ms (2145 modules)
 GET /dashboard/mortality?_rsc=9in3q 200 in 33ms
 ✓ Compiled /dashboard/egg-collection in 301ms (1510 modules)
 GET /dashboard/egg-collection?_rsc=h2ki5 200 in 36ms
 ✓ Compiled /dashboard/batches in 399ms (1512 modules)
 GET /dashboard/batches?_rsc=1ielj 200 in 34ms
 GET / 200 in 54ms
 GET / 200 in 31ms
 GET / 200 in 41ms
 GET / 200 in 35ms
 GET / 200 in 38ms
 ✓ Compiled /api/auth/[...nextauth] in 371ms (1191 modules)
 ✓ Compiled (1195 modules)
 GET /api/auth/session 200 in 660ms
 GET /api/auth/session 200 in 38ms
 GET /dashboard?_rsc=3y0gy 200 in 121ms
 GET / 200 in 56ms
 GET / 200 in 32ms
 GET / 200 in 34ms
 GET / 200 in 30ms
 GET /api/auth/session 200 in 35ms
 GET /api/auth/session 200 in 35ms
 GET / 200 in 37ms
 GET / 200 in 30ms
 GET / 200 in 31ms
 GET / 200 in 33ms
 GET / 200 in 32ms
 GET / 200 in 34ms
 GET / 200 in 31ms
 GET / 200 in 32ms
 GET /api/auth/session 200 in 35ms
 GET / 200 in 31ms
[?25h
