  ▲ Next.js 14.2.28
  - Local:        http://localhost:3000
  - Environments: .env
  - Experiments (use with caution):
    · outputFileTracingRoot

 ✓ Starting...
 ✓ Ready in 2s
 ○ Compiling / ...
 ✓ Compiled / in 2.8s (845 modules)
 GET / 200 in 3318ms
 ✓ Compiled in 517ms (304 modules)
 GET / 200 in 59ms
 GET / 200 in 58ms
 ✓ Compiled /login in 184ms (538 modules)
 ✓ Compiled in 363ms (308 modules)
 GET /api/auth/session 200 in 1041ms
 GET /api/auth/session 200 in 48ms
 GET / 200 in 82ms
 GET / 200 in 43ms
 GET / 200 in 44ms
 GET / 200 in 46ms
 GET / 200 in 54ms
 GET / 200 in 44ms
 GET / 200 in 42ms
 GET / 200 in 48ms
 GET /api/auth/session 200 in 63ms
 GET /api/auth/session 200 in 50ms
 GET / 200 in 65ms
 GET / 200 in 43ms
 GET / 200 in 50ms
 GET / 200 in 48ms
 GET / 200 in 48ms
 GET / 200 in 49ms
 GET /api/auth/session 200 in 64ms
 GET /api/auth/session 200 in 67ms
 GET / 200 in 42ms
 GET / 200 in 45ms
 GET / 200 in 48ms
 GET / 200 in 45ms
 GET / 200 in 42ms
 GET / 200 in 42ms
 GET / 200 in 44ms
 GET / 200 in 41ms
 GET / 200 in 43ms
 GET / 200 in 44ms
 GET / 200 in 44ms
 GET / 200 in 45ms
 GET / 200 in 43ms
 GET / 200 in 56ms
 GET / 200 in 51ms
 GET / 200 in 42ms
 GET / 200 in 67ms
 GET /api/auth/session 200 in 79ms
 GET /api/auth/session 200 in 74ms
 GET /api/auth/session 200 in 61ms
 GET / 200 in 50ms
 GET / 200 in 50ms
 GET / 200 in 44ms
 GET / 200 in 43ms
 GET / 200 in 46ms
