  ▲ Next.js 14.2.28
  - Local:        http://localhost:3000
  - Environments: .env
  - Experiments (use with caution):
    · outputFileTracingRoot

 ✓ Starting...
 ✓ Ready in 1352ms
 ○ Compiling / ...
 ✓ Compiled / in 1955ms (838 modules)
 GET / 200 in 2419ms
 ✓ Compiled in 501ms (304 modules)
 ✓ Compiled /api/auth/[...nextauth] in 255ms (538 modules)
 GET /api/auth/providers 200 in 681ms
 GET / 200 in 94ms
 ✓ Compiled /login in 425ms (864 modules)
 GET /api/auth/session 200 in 535ms
 GET /api/auth/session 200 in 43ms
 GET /api/auth/csrf 200 in 51ms
 ✓ Compiled /api/signup in 255ms (583 modules)
 POST /api/signup 201 in 520ms
 GET / 200 in 79ms
 GET /api/auth/signin 302 in 58ms
 GET /login?callbackUrl=https://166f2b6db8.preview.abacusai.app 200 in 57ms
 GET /api/auth/csrf 200 in 37ms
 POST /api/auth/callback/credentials 302 in 183ms
 ✓ Compiled /middleware in 161ms (174 modules)
 ○ Compiling /dashboard ...
 ✓ Compiled /dashboard in 2.6s (2291 modules)
 GET /dashboard 200 in 2928ms
 GET / 200 in 65ms
 GET /dashboard 200 in 85ms
 GET /api/auth/session 200 in 92ms
 GET /api/auth/session 200 in 52ms
 GET /dashboard?_rsc=3y0gy 200 in 74ms
 GET /api/auth/session 200 in 58ms
 GET /api/auth/session 200 in 80ms
 ○ Compiling /dashboard/reports ...
 ✓ Compiled /dashboard/reports in 2.7s (2640 modules)
 GET /dashboard/weight-tracking 200 in 3253ms
 GET /dashboard/feed 200 in 3270ms
 GET /dashboard/batches 200 in 3217ms
 GET /dashboard/users 200 in 3256ms
 GET /dashboard/finance 200 in 3220ms
 GET /dashboard/health 200 in 3220ms
 GET /dashboard/mortality 200 in 3221ms
 GET /dashboard/user-manual 200 in 3221ms
 GET /dashboard/flocks 200 in 3258ms
 GET /dashboard/reports 200 in 3222ms
 GET /dashboard/fcr 200 in 3222ms
 GET /dashboard/egg-collection 200 in 3221ms
 GET /dashboard/inventory 200 in 3275ms
 ○ Compiling /api/reports ...
 ✓ Compiled /api/egg-collection in 643ms (1485 modules)
 ✓ Compiled (1497 modules)
 GET /api/auth/session 200 in 1252ms
 GET /api/weight-tracking 200 in 1397ms
 GET /api/batches 200 in 1416ms
 GET /api/mortality 200 in 1316ms
 GET /api/flocks 200 in 1322ms
 GET /api/sites 200 in 1191ms
 GET /api/egg-collection 200 in 943ms
 GET /api/reports?type=production 200 in 1118ms
 GET /api/auth/session 200 in 172ms
 GET /api/weight-tracking 200 in 156ms
 GET /api/batches 200 in 156ms
 GET /api/flocks 200 in 167ms
 GET /api/egg-collection 200 in 150ms
 GET /api/mortality 200 in 167ms
 GET /api/sites 200 in 166ms
 GET /api/reports?type=production 200 in 163ms
 GET /api/auth/session 200 in 125ms
 GET /api/weight-tracking 200 in 108ms
 GET /api/batches 200 in 120ms
 GET /api/flocks 200 in 110ms
 ✓ Compiled /api/roles in 449ms (1499 modules)
 ✓ Compiled (1501 modules)
 GET /api/weight-tracking 200 in 1011ms
 GET /api/batches 200 in 976ms
 GET /api/flocks 200 in 998ms
 GET /api/auth/session 200 in 1059ms
 GET /api/roles 200 in 1060ms
 GET /api/users 200 in 1075ms
 GET /api/batches 200 in 57ms
 GET /api/auth/session 200 in 50ms
 GET /api/batches 200 in 69ms
 ○ Compiling /api/finance/reports ...
 ✓ Compiled /api/finance/reports in 908ms (1503 modules)
 GET /api/auth/session 200 in 132ms
 GET /api/auth/session 200 in 1530ms
 GET /api/batches 200 in 1491ms
 GET /api/finance/reports?type=summary&startDate=2026-01-01&endDate=2026-01-31 200 in 1562ms
 GET /api/auth/session 200 in 191ms
 GET /api/auth/session 200 in 192ms
 GET /api/auth/session 200 in 193ms
 GET /api/auth/session 200 in 194ms
 GET /api/auth/session 200 in 194ms
 GET /api/auth/session 200 in 194ms
 GET /api/auth/session 200 in 195ms
 GET /api/auth/session 200 in 192ms
 GET /api/auth/session 200 in 193ms
 GET /api/auth/session 200 in 41ms
 ○ Compiling /dashboard/flocks/[id]/edit ...
 ✓ Compiled /dashboard/flocks/[id]/edit in 1877ms (2684 modules)
 GET /dashboard/flocks/new 200 in 2077ms
 GET /dashboard/flocks/cmk34l9dq000eyesq7qu0bht7 200 in 2342ms
 GET /dashboard/flocks/cmk34l9do000cyesqgndvuyvv 200 in 2331ms
 GET /dashboard/flocks/cmk34l9dk000ayesq6u6jm90m 200 in 2342ms
 GET /dashboard/flocks/cmk34l9dk000ayesq6u6jm90m/edit 200 in 2385ms
 GET /dashboard/flocks/cmk34l9dq000eyesq7qu0bht7/edit 200 in 2359ms
 GET /dashboard/flocks/cmk34l9do000cyesqgndvuyvv/edit 200 in 2403ms
 GET /api/sites 200 in 86ms
 GET /api/auth/session 200 in 97ms
 GET /api/sites 200 in 136ms
 GET /api/auth/session 200 in 120ms
 ○ Compiling /api/flocks/[id] ...
 ✓ Compiled /api/flocks/[id] in 531ms (1520 modules)
 GET /api/auth/session 200 in 1130ms
 GET /api/auth/session 200 in 45ms
 GET /api/auth/session 200 in 38ms
 GET /api/auth/session 200 in 40ms
 GET /api/auth/session 200 in 59ms
 GET /api/flocks/cmk34l9dq000eyesq7qu0bht7 200 in 1481ms
 GET /api/flocks/cmk34l9do000cyesqgndvuyvv 200 in 1464ms
 GET /api/flocks/cmk34l9dk000ayesq6u6jm90m 200 in 1274ms
 GET /api/auth/session 200 in 79ms
 GET /api/flocks/cmk34l9dq000eyesq7qu0bht7 200 in 102ms
 GET /api/flocks/cmk34l9dk000ayesq6u6jm90m 200 in 93ms
 GET /api/flocks/cmk34l9do000cyesqgndvuyvv 200 in 83ms
 GET /api/auth/session 200 in 55ms
 GET /api/flocks/cmk34l9dq000eyesq7qu0bht7 200 in 66ms
 GET /api/flocks/cmk34l9dk000ayesq6u6jm90m 200 in 101ms
 GET /api/flocks/cmk34l9do000cyesqgndvuyvv 200 in 91ms
 GET /api/auth/session 200 in 94ms
 GET /api/flocks/cmk34l9dq000eyesq7qu0bht7 200 in 98ms
 GET /api/flocks/cmk34l9dk000ayesq6u6jm90m 200 in 83ms
 GET /api/flocks/cmk34l9do000cyesqgndvuyvv 200 in 83ms
 GET /api/auth/session 200 in 68ms
 GET /api/auth/session 200 in 40ms
 GET /api/auth/session 200 in 38ms
 GET /api/auth/session 200 in 55ms
 GET /api/auth/session 200 in 39ms
 GET /api/auth/session 200 in 38ms
 GET /api/auth/session 200 in 37ms
 GET /api/auth/session 200 in 37ms
 GET /api/auth/session 200 in 58ms
 GET /api/auth/session 200 in 39ms
 GET /api/auth/session 200 in 42ms
 GET /api/auth/session 200 in 46ms
 GET /api/auth/session 200 in 59ms
 GET /api/auth/session 200 in 65ms
 GET /api/auth/session 200 in 44ms
 GET /api/auth/session 200 in 45ms
[?25h
