➤ YN0000: · Yarn 4.12.0
➤ YN0000: ┌ Resolution step
➤ YN0085: │ + @next/swc-wasm-nodejs@npm:14.2.33, @next/third-parties@npm:16.1.4, @typescript-eslint/eslint-plugin@npm:6.21.0, @typescript-eslint/parser@npm:6.21.0, and 55 more.
➤ YN0085: │ - @azure/abort-controller@npm:2.1.2, @azure/core-auth@npm:1.10.1, @azure/core-client@npm:1.10.1, @azure/core-http-compat@npm:2.3.1, and 55 more.
➤ YN0000: └ Completed in 0s 750ms
➤ YN0000: ┌ Post-resolution validation
➤ YN0060: │ @types/react is listed by your project with version 18.2.22 (p6349eb), which doesn't satisfy what react-redux (via recharts) and other dependencies request (^18.2.25).
➤ YN0002: │ app@workspace:. doesn't provide prettier (pd88b5f), requested by eslint-plugin-prettier.
➤ YN0086: │ Some peer dependencies are incorrectly met by your project; run yarn explain peer-requirements <hash> for details, where <hash> is the six-letter p-prefixed code.
➤ YN0086: │ Some peer dependencies are incorrectly met by dependencies; run yarn explain peer-requirements for details.
➤ YN0000: └ Completed
➤ YN0000: ┌ Fetch step
➤ YN0013: │ 43 packages were added to the project (+ 290.95 MiB).
➤ YN0000: └ Completed in 2s 474ms
➤ YN0000: ┌ Link step
➤ YN0000: └ Completed in 25s 156ms
➤ YN0000: · Done with warnings in 28s 540ms
Environment variables loaded from .env
Prisma schema loaded from prisma/schema.prisma

✔ Generated Prisma Client (v6.7.0) to ./node_modules/.prisma/client in 199ms

Start by importing your Prisma Client (See: https://pris.ly/d/importing-client)

Tip: Interested in query caching in just a few lines of code? Try Accelerate today! https://pris.ly/tip-3-accelerate

Starting server...
  ▲ Next.js 14.2.35
  - Local:        http://localhost:3000
  - Environments: .env
  - Experiments (use with caution):
    · outputFileTracingRoot

 ✓ Starting...
 ✓ Ready in 1561ms
 ○ Compiling / ...
 ✓ Compiled / in 1861ms (840 modules)
 GET / 200 in 2333ms
 ✓ Compiled in 496ms (305 modules)
 GET / 200 in 62ms
 ○ Compiling /api/auth/[...nextauth] ...
 ✓ Compiled /api/auth/[...nextauth] in 536ms (866 modules)
 GET /api/auth/session 200 in 922ms
 GET /api/auth/session 200 in 43ms
 GET / 200 in 72ms
 GET / 200 in 40ms
 GET / 200 in 45ms
 GET / 200 in 50ms
 GET / 200 in 51ms
 GET / 200 in 49ms
 GET / 200 in 39ms
 GET / 200 in 40ms
 GET / 200 in 38ms
 GET / 200 in 43ms
 GET /api/auth/session 200 in 49ms
 GET /api/auth/session 200 in 52ms
 GET / 200 in 39ms
 GET / 200 in 37ms
 GET / 200 in 39ms
 GET / 200 in 36ms
 GET /api/auth/session 200 in 52ms
 GET /api/auth/session 200 in 60ms
 GET / 200 in 39ms
 GET / 200 in 41ms
 GET / 200 in 35ms
 GET /api/auth/session 200 in 47ms
 GET /api/auth/session 200 in 40ms
 GET / 200 in 38ms
 GET / 200 in 38ms
 GET / 200 in 41ms
 GET /api/auth/session 200 in 54ms
 GET /api/auth/session 200 in 45ms
 GET / 200 in 40ms
 GET / 200 in 37ms
 GET / 200 in 40ms
 GET / 200 in 35ms
 GET / 200 in 41ms
 GET / 200 in 40ms
 GET / 200 in 38ms
 GET /api/auth/session 200 in 38ms
 GET /api/auth/session 200 in 38ms
 GET / 200 in 45ms
 GET / 200 in 37ms
 GET / 200 in 35ms
 GET / 200 in 40ms
 GET / 200 in 35ms
 GET / 200 in 36ms
 GET / 200 in 43ms
 GET / 200 in 40ms
 GET / 200 in 36ms
 GET / 200 in 42ms
 GET / 200 in 56ms
 GET / 200 in 39ms
 GET / 200 in 42ms
 GET / 200 in 45ms
 GET / 200 in 39ms
 GET / 200 in 38ms
 GET / 200 in 37ms
 GET / 200 in 52ms
 GET / 200 in 39ms
 GET / 200 in 41ms
 GET / 200 in 41ms
 GET / 200 in 39ms
 GET / 200 in 40ms
 GET /api/auth/session 200 in 67ms
 GET /api/auth/session 200 in 49ms
 GET / 200 in 38ms
 GET / 200 in 37ms
 GET / 200 in 39ms
 GET / 200 in 38ms
 GET / 200 in 37ms
 GET / 200 in 37ms
 GET / 200 in 60ms
 GET / 200 in 54ms
 GET / 200 in 39ms
 GET /api/auth/session 200 in 45ms
 GET /api/auth/session 200 in 56ms
 GET / 200 in 41ms
 GET / 200 in 43ms
 GET / 200 in 39ms
 GET / 200 in 43ms
 GET / 200 in 39ms
 GET / 200 in 39ms
 GET / 200 in 41ms
 GET / 200 in 40ms
 GET / 200 in 37ms
 GET / 200 in 37ms
 GET /api/auth/session 200 in 50ms
 GET /api/auth/session 200 in 41ms
 GET / 200 in 47ms
 GET / 200 in 39ms
 GET / 200 in 40ms
 GET / 200 in 41ms
 GET / 200 in 42ms
 GET / 200 in 35ms
 GET / 200 in 41ms
 GET / 200 in 41ms
 GET / 200 in 37ms
 ✓ Compiled in 414ms (321 modules)
[?25h
