  ▲ Next.js 14.2.28
  - Local:        http://localhost:3000
  - Environments: .env
  - Experiments (use with caution):
    · outputFileTracingRoot

 ✓ Starting...
 ✓ Ready in 2.1s
 ○ Compiling / ...
 ✓ Compiled / in 2.9s (845 modules)
 GET / 200 in 3371ms
 ✓ Compiled in 487ms (304 modules)
 GET / 200 in 55ms
 ○ Compiling /api/auth/[...nextauth] ...
 ✓ Compiled /api/auth/[...nextauth] in 577ms (864 modules)
 GET /api/auth/session 200 in 975ms
 GET /api/auth/session 200 in 35ms
 GET / 200 in 73ms
 GET / 200 in 39ms
 GET / 200 in 53ms
 GET / 200 in 39ms
 GET / 200 in 36ms
 GET / 200 in 32ms
 GET /api/auth/session 200 in 50ms
 GET /api/auth/session 200 in 42ms
 GET / 200 in 38ms
 GET / 200 in 40ms
 GET / 200 in 39ms
 GET / 200 in 37ms
 GET / 200 in 46ms
 GET /api/auth/session 200 in 33ms
 GET /api/auth/session 200 in 38ms
 GET / 200 in 40ms
 GET / 200 in 41ms
 GET / 200 in 46ms
 GET / 200 in 36ms
 GET / 200 in 32ms
 GET / 200 in 31ms
 GET / 200 in 30ms
 GET / 200 in 29ms
 GET / 200 in 31ms
 GET /api/auth/session 200 in 40ms
 GET /api/auth/session 200 in 33ms
 GET / 200 in 32ms
 GET / 200 in 33ms
