  ▲ Next.js 14.2.28
  - Local:        http://localhost:3000
  - Environments: .env
  - Experiments (use with caution):
    · outputFileTracingRoot

 ✓ Starting...
 ✓ Ready in 1664ms
 ○ Compiling / ...
 ✓ Compiled / in 3.4s (845 modules)
 GET / 200 in 3966ms
 ✓ Compiled in 590ms (304 modules)
 ✓ Compiled /api/auth/[...nextauth] in 426ms (538 modules)
 GET /api/auth/providers 200 in 945ms
 GET / 200 in 129ms
 ○ Compiling /login ...
 ✓ Compiled /login in 828ms (864 modules)
 GET /api/auth/session 200 in 1029ms
 GET /api/auth/session 200 in 91ms
 GET /api/auth/csrf 200 in 103ms
 ✓ Compiled /api/signup in 463ms (583 modules)
 POST /api/signup 201 in 785ms
 GET / 200 in 191ms
 GET /api/auth/signin 302 in 84ms
 GET /login?callbackUrl=https://166f2b6db8.preview.abacusai.app 200 in 78ms
 GET /api/auth/csrf 200 in 87ms
 POST /api/auth/callback/credentials 302 in 237ms
 ○ Compiling /middleware ...
 ✓ Compiled /middleware in 647ms (174 modules)
 ○ Compiling /dashboard ...
 ✓ Compiled /dashboard in 5.2s (2291 modules)
 GET /dashboard 200 in 5941ms
 GET / 200 in 221ms
 GET /dashboard 200 in 289ms
 GET /api/auth/session 200 in 200ms
 GET /api/auth/session 200 in 136ms
 GET /dashboard?_rsc=3y0gy 200 in 311ms
 GET /api/auth/session 200 in 196ms
 GET /api/auth/session 200 in 97ms
 GET /api/auth/session 200 in 125ms
 ○ Compiling /dashboard/feed ...
 ✓ Compiled /dashboard/feed in 3s (2640 modules)
 GET /dashboard/egg-collection 200 in 3635ms
 GET /dashboard/weight-tracking 200 in 3636ms
 GET /dashboard/fcr 200 in 3536ms
 GET /dashboard/health 200 in 3537ms
 GET /dashboard/users 200 in 3537ms
 GET /dashboard/inventory 200 in 3539ms
 GET /dashboard/feed 200 in 3540ms
 GET /dashboard/mortality 200 in 3625ms
 GET /dashboard/flocks 200 in 3650ms
 GET /dashboard/reports 200 in 3547ms
 GET /dashboard/batches 200 in 3548ms
 GET /dashboard/user-manual 200 in 3549ms
 GET /dashboard/finance 200 in 3654ms
 ○ Compiling /api/egg-collection ...
 ✓ Compiled /api/reports in 1280ms (1485 modules)
 ✓ Compiled (1497 modules)
 GET /api/auth/session 200 in 2315ms
 GET /api/batches 200 in 2497ms
 GET /api/weight-tracking 200 in 2077ms
 GET /api/mortality 200 in 2202ms
 GET /api/flocks 200 in 2203ms
 GET /api/egg-collection 200 in 2054ms
 GET /api/sites 200 in 1892ms
 GET /api/reports?type=production 200 in 1870ms
 GET /api/auth/session 200 in 234ms
 GET /api/batches 200 in 223ms
 GET /api/weight-tracking 200 in 312ms
 GET /api/reports?type=production 200 in 294ms
 GET /api/mortality 200 in 331ms
 GET /api/egg-collection 200 in 304ms
 GET /api/flocks 200 in 317ms
 GET /api/sites 200 in 305ms
 GET /api/auth/session 200 in 222ms
 GET /api/batches 200 in 166ms
 GET /api/weight-tracking 200 in 207ms
 GET /api/flocks 200 in 209ms
 GET /api/auth/session 200 in 184ms
 GET /api/batches 200 in 202ms
 GET /api/weight-tracking 200 in 267ms
 GET /api/flocks 200 in 354ms
 GET /api/auth/session 200 in 422ms
 GET /api/batches 200 in 359ms
 GET /api/auth/session 200 in 244ms
 GET /api/batches 200 in 235ms
 ○ Compiling /api/roles ...
 ✓ Compiled /api/roles in 4.2s (1499 modules)
 ✓ Compiled (1501 modules)
 GET /api/auth/session 200 in 4550ms
 GET /api/auth/session 200 in 4526ms
 GET /api/auth/session 200 in 4527ms
 GET /api/auth/session 200 in 4965ms
 GET /api/batches 200 in 4957ms
 GET /api/users 200 in 5191ms
 GET /api/roles 200 in 5193ms
 GET /api/auth/session 200 in 54ms
 GET /api/auth/session 200 in 46ms
 GET /api/auth/session 200 in 46ms
 GET /api/auth/session 200 in 67ms
 ○ Compiling /dashboard/flocks/[id] ...
 ✓ Compiled /dashboard/flocks/[id] in 2.3s (2682 modules)
 GET /dashboard/flocks/new 200 in 2550ms
 GET /dashboard/flocks/cmk34l9dk000ayesq6u6jm90m 200 in 2781ms
 GET /dashboard/flocks/cmk34l9do000cyesqgndvuyvv 200 in 2808ms
 GET /dashboard/flocks/cmk34l9dq000eyesq7qu0bht7 200 in 2782ms
 GET /dashboard/flocks/cmk34l9dq000eyesq7qu0bht7/edit 200 in 2923ms
 GET /dashboard/flocks/cmk34l9do000cyesqgndvuyvv/edit 200 in 2923ms
 GET /dashboard/flocks/cmk34l9dk000ayesq6u6jm90m/edit 200 in 2898ms
 GET /api/sites 200 in 120ms
 GET /api/auth/session 200 in 137ms
 GET /api/sites 200 in 242ms
 GET /api/auth/session 200 in 199ms
 ○ Compiling /api/flocks/[id] ...
 ✓ Compiled /api/flocks/[id] in 698ms (1518 modules)
 GET /api/auth/session 200 in 1486ms
 GET /api/auth/session 200 in 53ms
 GET /api/auth/session 200 in 67ms
 GET /api/auth/session 200 in 48ms
 GET /api/auth/session 200 in 81ms
 GET /api/flocks/cmk34l9dk000ayesq6u6jm90m 200 in 1819ms
 GET /api/flocks/cmk34l9do000cyesqgndvuyvv 200 in 1781ms
 GET /api/flocks/cmk34l9dq000eyesq7qu0bht7 200 in 1896ms
 GET /api/auth/session 200 in 96ms
 GET /api/flocks/cmk34l9dk000ayesq6u6jm90m 200 in 102ms
 GET /api/flocks/cmk34l9do000cyesqgndvuyvv 200 in 145ms
 GET /api/flocks/cmk34l9dq000eyesq7qu0bht7 200 in 145ms
 GET /api/auth/session 200 in 106ms
 GET /api/flocks/cmk34l9dk000ayesq6u6jm90m 200 in 83ms
 GET /api/flocks/cmk34l9do000cyesqgndvuyvv 200 in 82ms
 GET /api/flocks/cmk34l9dq000eyesq7qu0bht7 200 in 121ms
 GET /api/auth/session 200 in 122ms
 GET /api/flocks/cmk34l9dk000ayesq6u6jm90m 200 in 102ms
 GET /api/flocks/cmk34l9do000cyesqgndvuyvv 200 in 126ms
 GET /api/flocks/cmk34l9dq000eyesq7qu0bht7 200 in 109ms
 GET /api/auth/session 200 in 83ms
 GET /api/auth/session 200 in 50ms
 GET /api/auth/session 200 in 86ms
 GET /api/auth/session 200 in 81ms
 GET /api/auth/session 200 in 55ms
 GET /api/auth/session 200 in 51ms
 GET /api/auth/session 200 in 45ms
 GET /api/auth/session 200 in 43ms
 GET /api/auth/session 200 in 71ms
 GET /api/auth/session 200 in 58ms
 GET /api/auth/session 200 in 54ms
 GET /api/auth/session 200 in 65ms
 GET /api/auth/session 200 in 52ms
 GET /api/auth/session 200 in 64ms
 GET /api/auth/session 200 in 42ms
 GET /api/auth/session 200 in 40ms
[?25h
