➤ YN0000: · Yarn 4.12.0
➤ YN0000: ┌ Resolution step
➤ YN0000: └ Completed
➤ YN0000: ┌ Post-resolution validation
➤ YN0060: │ @types/react is listed by your project with version 18.2.22 (p6349eb), which doesn't satisfy what react-redux (via recharts) and other dependencies request (^18.2.25).
➤ YN0060: │ @typescript-eslint/parser is listed by your project with version 7.0.0 (p6cb6c0), which doesn't satisfy what @typescript-eslint/eslint-plugin requests (^6.0.0-alpha).
➤ YN0060: │ eslint is listed by your project with version 9.24.0 (pe6e000), which doesn't satisfy what @typescript-eslint/eslint-plugin and other dependencies request (^8.57.0).
➤ YN0002: │ app@workspace:. doesn't provide prettier (pd88b5f), requested by eslint-plugin-prettier.
➤ YN0086: │ Some peer dependencies are incorrectly met by your project; run yarn explain peer-requirements <hash> for details, where <hash> is the six-letter p-prefixed code.
➤ YN0086: │ Some peer dependencies are incorrectly met by dependencies; run yarn explain peer-requirements for details.
➤ YN0000: └ Completed
➤ YN0000: ┌ Fetch step
➤ YN0000: └ Completed in 0s 986ms
➤ YN0000: ┌ Link step
➤ YN0000: └ Completed in 0s 254ms
➤ YN0000: · Done with warnings in 1s 578ms
Environment variables loaded from .env
Prisma schema loaded from prisma/schema.prisma

✔ Generated Prisma Client (v6.7.0) to ./node_modules/.prisma/client in 255ms

Start by importing your Prisma Client (See: https://pris.ly/d/importing-client)

Tip: Interested in query caching in just a few lines of code? Try Accelerate today! https://pris.ly/tip-3-accelerate

Starting server...
  ▲ Next.js 14.2.28
  - Local:        http://localhost:3000
  - Environments: .env
  - Experiments (use with caution):
    · outputFileTracingRoot

 ✓ Starting...
 ✓ Ready in 1515ms
 ○ Compiling / ...
 ✓ Compiled / in 1859ms (838 modules)
 GET / 200 in 2306ms
 ✓ Compiled in 535ms (304 modules)
 GET / 200 in 61ms
 GET / 200 in 45ms
 GET / 200 in 45ms
 GET / 200 in 46ms
 ○ Compiling /api/auth/[...nextauth] ...
 ✓ Compiled /api/auth/[...nextauth] in 517ms (864 modules)
 GET /api/auth/session 200 in 964ms
 GET /api/auth/session 200 in 45ms
 GET / 200 in 76ms
 GET / 200 in 45ms
 GET / 200 in 45ms
 GET / 200 in 43ms
 GET / 200 in 43ms
 GET / 200 in 44ms
 GET / 200 in 47ms
 GET / 200 in 41ms
 GET / 200 in 43ms
 GET / 200 in 41ms
 GET / 200 in 44ms
 GET / 200 in 41ms
 GET / 200 in 41ms
