  ▲ Next.js 14.2.28
  - Local:        http://localhost:3000
  - Environments: .env
  - Experiments (use with caution):
    · outputFileTracingRoot

 ✓ Starting...
 ✓ Ready in 1275ms
 ○ Compiling / ...
 ✓ Compiled / in 2.6s (845 modules)
 GET / 200 in 3020ms
 ✓ Compiled in 471ms (304 modules)
 ✓ Compiled /api/auth/[...nextauth] in 202ms (538 modules)
 GET /api/auth/providers 200 in 604ms
 GET / 200 in 69ms
 ○ Compiling /login ...
 ✓ Compiled /login in 609ms (864 modules)
 GET /api/auth/session 200 in 762ms
 GET /api/auth/session 200 in 29ms
 GET /api/auth/csrf 200 in 43ms
 ✓ Compiled /api/signup in 200ms (583 modules)
 POST /api/signup 201 in 427ms
 GET / 200 in 68ms
 GET /api/auth/signin 302 in 44ms
 GET /login?callbackUrl=https://16ecffed02.preview.abacusai.app 200 in 42ms
 GET /api/auth/csrf 200 in 32ms
 POST /api/auth/callback/credentials 302 in 157ms
 ✓ Compiled /middleware in 198ms (174 modules)
 ○ Compiling /dashboard ...
 ✓ Compiled /dashboard in 2.7s (2285 modules)
 GET /dashboard 200 in 2993ms
 GET / 200 in 49ms
 GET /dashboard 200 in 69ms
 GET /api/auth/session 200 in 72ms
 GET /api/auth/session 200 in 33ms
 GET /dashboard?_rsc=3y0gy 200 in 58ms
 GET /api/auth/session 200 in 34ms
 GET /api/auth/session 200 in 43ms
 ○ Compiling /dashboard/user-manual ...
 ✓ Compiled /dashboard/user-manual in 2s (2566 modules)
 GET /dashboard/mortality 200 in 2338ms
 GET /dashboard/users 200 in 2308ms
 GET /dashboard/batches 200 in 2344ms
 GET /dashboard/reports 200 in 2325ms
 GET /dashboard/user-manual 200 in 2310ms
 GET /dashboard/egg-collection 200 in 2345ms
 GET /dashboard/weight-tracking 200 in 2310ms
 GET /dashboard/flocks 200 in 2382ms
 GET /api/auth/session 200 in 124ms
 ○ Compiling /api/reports ...
 ✓ Compiled /api/reports in 3.5s (1443 modules)
 ✓ Compiled (1459 modules)
 GET /api/auth/session 200 in 637ms
 GET /api/auth/session 200 in 4437ms
 GET /api/sites 200 in 4571ms
 GET /api/batches 200 in 4565ms
 GET /api/flocks 200 in 4522ms
 GET /api/batches 200 in 692ms
 GET /api/egg-collection 200 in 4525ms
 GET /api/roles 200 in 4501ms
 GET /api/users 200 in 4504ms
 GET /api/reports?type=production 200 in 4341ms
 GET /api/weight-tracking 200 in 4374ms
 GET /api/mortality 200 in 4453ms
 GET /api/auth/session 200 in 38ms
 GET /api/auth/session 200 in 27ms
 ○ Compiling /dashboard/flocks/[id]/edit ...
 ✓ Compiled /dashboard/flocks/[id]/edit in 1532ms (2608 modules)
 GET /dashboard/flocks/new 200 in 1751ms
 GET /dashboard/flocks/cmk34l9dq000eyesq7qu0bht7 200 in 1995ms
 GET /dashboard/flocks/cmk34l9dk000ayesq6u6jm90m 200 in 1997ms
 GET /dashboard/flocks/cmk34l9do000cyesqgndvuyvv 200 in 1998ms
 GET /dashboard/flocks/cmk34l9dq000eyesq7qu0bht7/edit 200 in 2057ms
 GET /dashboard/flocks/cmk34l9do000cyesqgndvuyvv/edit 200 in 2051ms
 GET /dashboard/flocks/cmk34l9dk000ayesq6u6jm90m/edit 200 in 2050ms
 GET /api/sites 200 in 61ms
 GET /api/auth/session 200 in 83ms
 GET /api/sites 200 in 118ms
 GET /api/auth/session 200 in 152ms
 ○ Compiling /api/flocks/[id] ...
 ✓ Compiled /api/flocks/[id] in 502ms (1476 modules)
 GET /api/auth/session 200 in 1078ms
 GET /api/auth/session 200 in 44ms
 GET /api/auth/session 200 in 51ms
 GET /api/auth/session 200 in 40ms
 GET /api/auth/session 200 in 68ms
 GET /api/flocks/cmk34l9do000cyesqgndvuyvv 200 in 1374ms
 GET /api/flocks/cmk34l9dq000eyesq7qu0bht7 200 in 1455ms
 GET /api/flocks/cmk34l9dk000ayesq6u6jm90m 200 in 1377ms
 GET /api/auth/session 200 in 50ms
 GET /api/flocks/cmk34l9dq000eyesq7qu0bht7 200 in 87ms
 GET /api/flocks/cmk34l9dk000ayesq6u6jm90m 200 in 109ms
 GET /api/flocks/cmk34l9do000cyesqgndvuyvv 200 in 109ms
 GET /api/auth/session 200 in 80ms
 GET /api/flocks/cmk34l9dq000eyesq7qu0bht7 200 in 74ms
 GET /api/flocks/cmk34l9dk000ayesq6u6jm90m 200 in 65ms
 GET /api/flocks/cmk34l9do000cyesqgndvuyvv 200 in 64ms
 GET /api/auth/session 200 in 141ms
 GET /api/flocks/cmk34l9dq000eyesq7qu0bht7 200 in 152ms
 GET /api/flocks/cmk34l9dk000ayesq6u6jm90m 200 in 159ms
 GET /api/flocks/cmk34l9do000cyesqgndvuyvv 200 in 163ms
 GET /api/auth/session 200 in 56ms
 GET /api/auth/session 200 in 68ms
 GET /api/auth/session 200 in 50ms
 GET /api/auth/session 200 in 61ms
 GET /api/auth/session 200 in 49ms
 GET /api/auth/session 200 in 58ms
 GET /api/auth/session 200 in 41ms
 GET /api/auth/session 200 in 55ms
 GET /api/auth/session 200 in 32ms
 GET /api/auth/session 200 in 37ms
 GET /api/auth/session 200 in 74ms
 GET /api/auth/session 200 in 61ms
 GET /api/auth/session 200 in 158ms
 GET /api/auth/session 200 in 146ms
 GET /api/auth/session 200 in 69ms
 GET /api/auth/session 200 in 34ms
[?25h
