  ▲ Next.js 14.2.28
  - Environments: .env
  - Experiments (use with caution):
    · outputFileTracingRoot

   Creating an optimized production build ...
 ✓ Compiled successfully
   Skipping linting
   Checking validity of types ...
   Collecting page data ...
   Generating static pages (0/14) ...
   Generating static pages (3/14) 
   Generating static pages (6/14) 
   Generating static pages (10/14) 
 ✓ Generating static pages (14/14)
   Finalizing page optimization ...
   Collecting build traces ...

Route (app)                              Size     First Load JS
┌ ƒ /                                    139 B          87.6 kB
├ ƒ /_not-found                          877 B          88.3 kB
├ ƒ /api/auth/[...nextauth]              0 B                0 B
├ ƒ /api/batches                         0 B                0 B
├ ƒ /api/batches/[id]                    0 B                0 B
├ ƒ /api/egg-collection                  0 B                0 B
├ ƒ /api/fcr                             0 B                0 B
├ ƒ /api/flocks                          0 B                0 B
├ ƒ /api/flocks/[id]                     0 B                0 B
├ ƒ /api/mortality                       0 B                0 B
├ ƒ /api/reports                         0 B                0 B
├ ƒ /api/signup                          0 B                0 B
├ ƒ /api/sites                           0 B                0 B
├ ƒ /api/weight-tracking                 0 B                0 B
├ ƒ /api/weight-tracking/[id]            0 B                0 B
├ ƒ /dashboard                           116 kB          216 kB
├ ƒ /dashboard/batches                   5.35 kB         146 kB
├ ƒ /dashboard/egg-collection            4.71 kB         146 kB
├ ƒ /dashboard/flocks                    3.8 kB          112 kB
├ ƒ /dashboard/flocks/[id]               4.61 kB         127 kB
├ ƒ /dashboard/flocks/[id]/edit          3.85 kB         151 kB
├ ƒ /dashboard/flocks/new                3.97 kB         151 kB
├ ƒ /dashboard/mortality                 5.06 kB         146 kB
├ ƒ /dashboard/reports                   5.54 kB         149 kB
├ ƒ /dashboard/weight-tracking           5.33 kB         146 kB
└ ƒ /login                               4.09 kB         117 kB
+ First Load JS shared by all            87.4 kB
  ├ chunks/156-f963c1b240365343.js       31.8 kB
  ├ chunks/ceb5afef-8889373518279650.js  53.6 kB
  └ other shared chunks (total)          1.97 kB


ƒ Middleware                             49.4 kB

ƒ  (Dynamic)  server-rendered on demand

exit_code=0
