  ▲ Next.js 14.2.28
  - Local:        http://localhost:3000
  - Environments: .env
  - Experiments (use with caution):
    · outputFileTracingRoot

 ✓ Starting...
 ✓ Ready in 1792ms
 ○ Compiling / ...
 ✓ Compiled / in 2.3s (788 modules)
 GET / 200 in 2688ms
 ✓ Compiled in 447ms (281 modules)
 ✓ Compiled /api/auth/[...nextauth] in 223ms (511 modules)
 GET /api/auth/providers 200 in 613ms
 GET / 200 in 62ms
 ○ Compiling /login ...
 ✓ Compiled /login in 532ms (814 modules)
 GET /api/auth/session 200 in 636ms
 GET /api/auth/session 200 in 27ms
 GET /api/auth/csrf 200 in 33ms
 ✓ Compiled /api/signup in 184ms (555 modules)
 POST /api/signup 201 in 426ms
 GET / 200 in 65ms
 GET /api/auth/signin 302 in 40ms
 GET /login?callbackUrl=https://f58dba708.preview.abacusai.app 200 in 39ms
 GET /api/auth/csrf 200 in 25ms
 POST /api/auth/callback/credentials 302 in 167ms
 ✓ Compiled /middleware in 187ms (174 modules)
 ○ Compiling /dashboard ...
 ✓ Compiled /dashboard in 1910ms (2179 modules)
 GET /dashboard 200 in 2185ms
 GET / 200 in 43ms
 GET /dashboard 200 in 62ms
 GET /api/auth/session 200 in 64ms
 GET /api/auth/session 200 in 24ms
 GET /dashboard?_rsc=3y0gy 200 in 53ms
 GET /api/auth/session 200 in 29ms
 GET /api/auth/session 200 in 27ms
 ○ Compiling /dashboard/reports ...
 ✓ Compiled /dashboard/reports in 1034ms (2218 modules)
 GET /dashboard/mortality 200 in 1253ms
 GET /dashboard/batches 200 in 1255ms
 GET /dashboard/egg-collection 200 in 1254ms
 GET /dashboard/reports 200 in 1228ms
 GET /dashboard/flocks 200 in 1325ms
 GET /api/auth/session 200 in 55ms
 GET /api/auth/session 200 in 24ms
 GET /api/auth/session 200 in 26ms
 GET /api/auth/session 200 in 23ms
 GET /api/auth/session 200 in 24ms
 GET /api/auth/session 200 in 28ms
 GET /api/auth/session 200 in 40ms
 GET /api/auth/session 200 in 74ms
 GET /api/auth/session 200 in 29ms
 GET /api/auth/session 200 in 28ms
 GET /api/auth/session 200 in 44ms
 GET /api/auth/session 200 in 24ms
 GET /api/auth/session 200 in 25ms
 GET /api/auth/session 200 in 23ms
 GET /api/auth/session 200 in 22ms
 GET /api/auth/session 200 in 22ms
 ○ Compiling /dashboard/flocks/[id]/edit ...
 ✓ Compiled /dashboard/flocks/[id]/edit in 942ms (2224 modules)
 GET /dashboard/flocks/new 200 in 1096ms
 GET /dashboard/flocks/cmk34l9dq000eyesq7qu0bht7 200 in 1408ms
 GET /dashboard/flocks/cmk34l9dk000ayesq6u6jm90m 200 in 1407ms
 GET /dashboard/flocks/cmk34l9do000cyesqgndvuyvv 200 in 1410ms
 GET /dashboard/flocks/cmk34l9dq000eyesq7qu0bht7/edit 200 in 1413ms
 GET /dashboard/flocks/cmk34l9do000cyesqgndvuyvv/edit 200 in 1412ms
 GET /dashboard/flocks/cmk34l9dk000ayesq6u6jm90m/edit 200 in 1412ms
 GET /api/auth/session 200 in 48ms
 GET /api/auth/session 200 in 40ms
 GET /api/auth/session 200 in 70ms
 GET /api/auth/session 200 in 27ms
 GET /api/auth/session 200 in 43ms
 GET /api/auth/session 200 in 45ms
 GET /api/auth/session 200 in 23ms
 GET /api/auth/session 200 in 39ms
 GET /api/auth/session 200 in 23ms
 GET /api/auth/session 200 in 24ms
 GET /api/auth/session 200 in 23ms
 GET /api/auth/session 200 in 23ms
 GET /api/auth/session 200 in 40ms
 GET /api/auth/session 200 in 24ms
 GET /api/auth/session 200 in 21ms
 GET /api/auth/session 200 in 21ms
 GET /api/auth/session 200 in 21ms
 GET /api/auth/session 200 in 21ms
 GET /api/auth/session 200 in 35ms
 GET /api/auth/session 200 in 21ms
[?25h
