  ▲ Next.js 14.2.28
  - Environments: .env
  - Experiments (use with caution):
    · outputFileTracingRoot

   Creating an optimized production build ...
 ✓ Compiled successfully
   Skipping linting
   Checking validity of types ...
   Collecting page data ...
   Generating static pages (0/13) ...
   Generating static pages (3/13) 
   Generating static pages (6/13) 
   Generating static pages (9/13) 
 ✓ Generating static pages (13/13)
   Finalizing page optimization ...
   Collecting build traces ...

Route (app)                              Size     First Load JS
┌ ƒ /                                    160 B          87.6 kB
├ ƒ /_not-found                          877 B          88.3 kB
├ ƒ /api/auth/[...nextauth]              0 B                0 B
├ ƒ /api/signup                          0 B                0 B
├ ƒ /dashboard                           102 kB          202 kB
├ ƒ /dashboard/batches                   160 B          87.6 kB
├ ƒ /dashboard/egg-collection            160 B          87.6 kB
├ ƒ /dashboard/flocks                    2.38 kB         112 kB
├ ƒ /dashboard/flocks/[id]               160 B          87.6 kB
├ ƒ /dashboard/flocks/[id]/edit          160 B          87.6 kB
├ ƒ /dashboard/flocks/new                160 B          87.6 kB
├ ƒ /dashboard/mortality                 160 B          87.6 kB
├ ƒ /dashboard/reports                   160 B          87.6 kB
└ ƒ /login                               3.37 kB         117 kB
+ First Load JS shared by all            87.5 kB
  ├ chunks/156-f2cd4b77228c672d.js       31.8 kB
  ├ chunks/ceb5afef-70eacff4f50aca20.js  53.6 kB
  └ other shared chunks (total)          2 kB


ƒ Middleware                             49.4 kB

ƒ  (Dynamic)  server-rendered on demand

exit_code=0
