  ▲ Next.js 14.2.35
  - Local:        http://localhost:3000
  - Environments: .env
  - Experiments (use with caution):
    · outputFileTracingRoot

 ✓ Starting...
 ✓ Ready in 1478ms
 ○ Compiling / ...
 ✓ Compiled / in 1776ms (840 modules)
 GET / 200 in 2275ms
 ✓ Compiled in 521ms (305 modules)
 GET / 200 in 47ms
 GET / 200 in 38ms
 ✓ Compiled /api/auth/[...nextauth] in 478ms (866 modules)
 GET /api/auth/session 200 in 872ms
 GET /api/auth/session 200 in 44ms
 GET / 200 in 81ms
 GET / 200 in 41ms
 GET / 200 in 47ms
 GET / 200 in 40ms
 GET / 200 in 41ms
 GET / 200 in 37ms
 GET / 200 in 36ms
 GET / 200 in 36ms
 GET / 200 in 44ms
 GET / 200 in 38ms
 GET / 200 in 41ms
 GET / 200 in 38ms
 GET / 200 in 44ms
 GET / 200 in 39ms
 GET / 200 in 38ms
 GET / 200 in 41ms
 GET / 200 in 43ms
 GET / 200 in 42ms
 GET /api/auth/session 200 in 61ms
 GET /api/auth/session 200 in 51ms
 GET / 200 in 37ms
 GET / 200 in 40ms
 GET / 200 in 40ms
 GET / 200 in 40ms
 GET / 200 in 38ms
 GET / 200 in 39ms
 GET / 200 in 38ms
 GET / 200 in 36ms
 GET / 200 in 40ms
 GET / 200 in 39ms
 GET / 200 in 40ms
 GET / 200 in 36ms
 GET / 200 in 38ms
 GET / 200 in 39ms
 GET / 200 in 40ms
 GET / 200 in 38ms
 GET / 200 in 38ms
 GET / 200 in 39ms
 GET / 200 in 39ms
 GET / 200 in 44ms
 GET / 200 in 39ms
 GET / 200 in 39ms
 GET / 200 in 41ms
 GET / 200 in 36ms
 GET / 200 in 39ms
 GET / 200 in 36ms
 GET / 200 in 43ms
 GET / 200 in 43ms
 GET / 200 in 40ms
 GET / 200 in 39ms
