  ▲ Next.js 14.2.28
  - Local:        http://localhost:3000
  - Environments: .env
  - Experiments (use with caution):
    · outputFileTracingRoot

 ✓ Starting...
 ✓ Ready in 2.5s
 ○ Compiling / ...
 ✓ Compiled / in 2.9s (845 modules)
 GET / 200 in 3395ms
 ✓ Compiled in 504ms (304 modules)
 GET / 200 in 66ms
 GET / 200 in 60ms
 GET / 200 in 46ms
 GET / 200 in 51ms
 GET / 200 in 48ms
 ✓ Compiled /api/auth/[...nextauth] in 399ms (712 modules)
 GET /api/auth/session 200 in 1006ms
 ○ Compiling /dashboard ...
 ✓ Compiled /dashboard in 3.9s (2246 modules)
 GET /api/auth/session 200 in 3172ms
 GET /dashboard?_rsc=3y0gy 200 in 185ms
 GET / 200 in 80ms
 GET / 200 in 54ms
 GET / 200 in 55ms
 GET / 200 in 52ms
 GET / 200 in 61ms
 GET / 200 in 43ms
 GET /api/auth/session 200 in 77ms
 GET /api/auth/session 200 in 50ms
 GET /dashboard?_rsc=3y0gy 200 in 53ms
 GET / 200 in 47ms
 GET / 200 in 54ms
 GET / 200 in 71ms
 GET / 200 in 41ms
 GET /api/auth/session 200 in 71ms
 GET /api/auth/session 200 in 51ms
 GET /dashboard?_rsc=3y0gy 200 in 55ms
 GET / 200 in 51ms
 GET / 200 in 48ms
 GET / 200 in 47ms
 GET / 200 in 49ms
 GET / 200 in 44ms
 GET / 200 in 40ms
 GET /api/auth/session 200 in 62ms
 GET /api/auth/session 200 in 62ms
 GET /dashboard?_rsc=3y0gy 200 in 72ms
 GET / 200 in 49ms
 GET / 200 in 44ms
 GET / 200 in 40ms
 GET / 200 in 41ms
 GET / 200 in 40ms
 GET / 200 in 39ms
 GET / 200 in 37ms
 GET / 200 in 37ms
 GET / 200 in 43ms
 GET / 200 in 38ms
 GET /api/auth/session 200 in 48ms
 GET / 200 in 48ms
 GET / 200 in 45ms
 GET / 200 in 47ms
 GET / 200 in 47ms
 GET / 200 in 39ms
 GET / 200 in 40ms
 GET / 200 in 48ms
 GET / 200 in 40ms
 GET /api/auth/session 200 in 54ms
 GET /api/auth/session 200 in 55ms
 GET /dashboard?_rsc=3y0gy 200 in 70ms
 GET / 200 in 41ms
 GET / 200 in 38ms
 GET / 200 in 61ms
 GET /api/auth/session 200 in 41ms
 GET / 200 in 45ms
 GET / 200 in 39ms
 GET / 200 in 51ms
 GET / 200 in 41ms
[?25h
