➤ YN0000: · Yarn 4.12.0
➤ YN0000: ┌ Resolution step
➤ YN0000: └ Completed
➤ YN0000: ┌ Post-resolution validation
➤ YN0060: │ @types/react is listed by your project with version 18.2.22 (p6349eb), which doesn't satisfy what react-redux (via recharts) and other dependencies request (^18.2.25).
➤ YN0060: │ @typescript-eslint/parser is listed by your project with version 7.0.0 (p6cb6c0), which doesn't satisfy what @typescript-eslint/eslint-plugin requests (^6.0.0-alpha).
➤ YN0060: │ eslint is listed by your project with version 9.24.0 (pe6e000), which doesn't satisfy what @typescript-eslint/eslint-plugin and other dependencies request (^8.57.0).
➤ YN0002: │ app@workspace:. doesn't provide prettier (pd88b5f), requested by eslint-plugin-prettier.
➤ YN0086: │ Some peer dependencies are incorrectly met by your project; run yarn explain peer-requirements <hash> for details, where <hash> is the six-letter p-prefixed code.
➤ YN0086: │ Some peer dependencies are incorrectly met by dependencies; run yarn explain peer-requirements for details.
➤ YN0000: └ Completed
➤ YN0000: ┌ Fetch step
➤ YN0000: └ Completed in 1s 39ms
➤ YN0000: ┌ Link step
➤ YN0000: └ Completed in 0s 288ms
➤ YN0000: · Done with warnings in 1s 675ms
Environment variables loaded from .env
Prisma schema loaded from prisma/schema.prisma

✔ Generated Prisma Client (v6.7.0) to ./node_modules/.prisma/client in 144ms

Start by importing your Prisma Client (See: https://pris.ly/d/importing-client)

Tip: Curious about the SQL queries Prisma ORM generates? Optimize helps you enhance your visibility: https://pris.ly/tip-2-optimize

Starting server...
  ▲ Next.js 14.2.28
  - Local:        http://localhost:3000
  - Environments: .env
  - Experiments (use with caution):
    · outputFileTracingRoot

 ✓ Starting...
 ✓ Ready in 1486ms
 ○ Compiling / ...
 ✓ Compiled / in 3.1s (845 modules)
 ✓ Compiled in 565ms (304 modules)
 GET / 200 in 140ms
 GET / 200 in 97ms
 GET / 200 in 97ms
 GET / 200 in 88ms
 ○ Compiling /api/auth/[...nextauth] ...
 ✓ Compiled /api/auth/[...nextauth] in 681ms (864 modules)
 GET /api/auth/session 200 in 1145ms
 GET /api/auth/session 200 in 62ms
 GET / 200 in 72ms
 GET / 200 in 36ms
 GET / 200 in 34ms
 GET / 200 in 39ms
 GET /api/auth/session 200 in 72ms
 GET /api/auth/session 200 in 50ms
 GET / 200 in 42ms
 GET / 200 in 35ms
 GET / 200 in 37ms
 GET / 200 in 31ms
 GET / 200 in 40ms
 GET / 200 in 34ms
 GET /api/auth/session 200 in 49ms
 GET /api/auth/session 200 in 40ms
 GET / 200 in 41ms
 GET / 200 in 37ms
 GET / 200 in 35ms
 GET / 200 in 34ms
 GET / 200 in 30ms
 GET / 200 in 31ms
 GET / 200 in 37ms
 GET / 200 in 33ms
 GET / 200 in 32ms
 GET / 200 in 43ms
 GET / 200 in 86ms
 GET / 200 in 32ms
 GET / 200 in 52ms
 GET / 200 in 35ms
 GET / 200 in 35ms
