  ▲ Next.js 14.2.28
  - Local:        http://localhost:3000
  - Environments: .env
  - Experiments (use with caution):
    · outputFileTracingRoot

 ✓ Starting...
 ✓ Ready in 1907ms
 ○ Compiling / ...
 ✓ Compiled / in 3s (845 modules)
 GET / 200 in 3265ms
 ✓ Compiled in 516ms (304 modules)
 ✓ Compiled /api/auth/[...nextauth] in 211ms (538 modules)
 GET /api/auth/providers 200 in 685ms
 GET / 200 in 97ms
 ○ Compiling /login ...
 ✓ Compiled /login in 590ms (864 modules)
 GET /api/auth/session 200 in 742ms
 GET /api/auth/session 200 in 60ms
 GET /api/auth/csrf 200 in 52ms
 ✓ Compiled /api/signup in 199ms (583 modules)
 POST /api/signup 201 in 455ms
 GET / 200 in 90ms
 GET /api/auth/signin 302 in 64ms
 GET /login?callbackUrl=https://16ecffed02.preview.abacusai.app 200 in 63ms
 GET /api/auth/csrf 200 in 46ms
 POST /api/auth/callback/credentials 302 in 191ms
 ✓ Compiled /middleware in 324ms (174 modules)
 ○ Compiling /dashboard ...
 ✓ Compiled /dashboard in 3s (2289 modules)
 GET /dashboard 200 in 3440ms
 GET / 200 in 113ms
 GET /dashboard 200 in 167ms
 GET /api/auth/session 200 in 124ms
 GET /api/auth/session 200 in 61ms
 GET /dashboard?_rsc=3y0gy 200 in 130ms
 GET /api/auth/session 200 in 70ms
 GET /api/auth/session 200 in 111ms
 GET /api/auth/session 200 in 68ms
 ○ Compiling /dashboard/users ...
 ✓ Compiled /dashboard/users in 2.6s (2622 modules)
 GET /dashboard/mortality 200 in 3096ms
 GET /dashboard/batches 200 in 3098ms
 GET /dashboard/feed 200 in 3101ms
 GET /dashboard/egg-collection 200 in 3045ms
 GET /dashboard/inventory 200 in 3046ms
 GET /dashboard/weight-tracking 200 in 3046ms
 GET /dashboard/users 200 in 3048ms
 GET /dashboard/user-manual 200 in 3054ms
 GET /dashboard/fcr 200 in 3054ms
 GET /dashboard/health 200 in 3058ms
 GET /dashboard/reports 200 in 3060ms
 GET /dashboard/flocks 200 in 3135ms
 ○ Compiling /api/reports ...
 ✓ Compiled /api/reports in 4.2s (1475 modules)
 ✓ Compiled (1487 modules)
 GET /api/auth/session 200 in 4980ms
 GET /api/auth/session 200 in 993ms
 GET /api/auth/session 200 in 995ms
 GET /api/auth/session 200 in 995ms
 GET /api/auth/session 200 in 995ms
 GET /api/auth/session 200 in 990ms
 GET /api/auth/session 200 in 991ms
 GET /api/auth/session 200 in 992ms
 GET /api/auth/session 200 in 992ms
 GET /api/auth/session 200 in 992ms
 GET /api/auth/session 200 in 993ms
 GET /api/auth/session 200 in 994ms
 GET /api/auth/session 200 in 995ms
 GET /api/auth/session 200 in 995ms
 GET /api/auth/session 200 in 995ms
 GET /api/auth/session 200 in 984ms
 GET /api/auth/session 200 in 985ms
 GET /api/auth/session 200 in 985ms
 GET /api/auth/session 200 in 986ms
 GET /api/auth/session 200 in 983ms
 GET /api/auth/session 200 in 983ms
 GET /api/auth/session 200 in 984ms
 GET /api/auth/session 200 in 985ms
 GET /api/flocks 200 in 5205ms
 GET /api/flocks 200 in 1063ms
 GET /api/flocks 200 in 1038ms
 GET /api/batches 200 in 5206ms
 GET /api/batches 200 in 1067ms
 GET /api/batches 200 in 863ms
 GET /api/batches 200 in 864ms
 GET /api/sites 200 in 5170ms
 GET /api/mortality 200 in 5226ms
 GET /api/egg-collection 200 in 4950ms
 GET /api/weight-tracking 200 in 5088ms
 GET /api/reports?type=production 200 in 4800ms
 ○ Compiling /dashboard/flocks/[id]/edit ...
 ✓ Compiled /dashboard/flocks/[id]/edit in 1697ms (2660 modules)
 GET /dashboard/flocks/new 200 in 1951ms
 GET /dashboard/flocks/cmk34l9dq000eyesq7qu0bht7/edit 200 in 2261ms
 GET /dashboard/flocks/cmk34l9dk000ayesq6u6jm90m/edit 200 in 2245ms
 GET /dashboard/flocks/cmk34l9do000cyesqgndvuyvv 200 in 2262ms
 GET /dashboard/flocks/cmk34l9do000cyesqgndvuyvv/edit 200 in 2262ms
 GET /dashboard/flocks/cmk34l9dq000eyesq7qu0bht7 200 in 2262ms
 GET /dashboard/flocks/cmk34l9dk000ayesq6u6jm90m 200 in 2247ms
 GET /api/sites 200 in 103ms
 GET /api/auth/session 200 in 94ms
 GET /api/sites 200 in 147ms
 GET /api/auth/session 200 in 151ms
 ○ Compiling /api/flocks/[id] ...
 ✓ Compiled /api/flocks/[id] in 533ms (1504 modules)
 GET /api/auth/session 200 in 1187ms
 GET /api/auth/session 200 in 39ms
 GET /api/auth/session 200 in 42ms
 GET /api/auth/session 200 in 38ms
 GET /api/flocks/cmk34l9dq000eyesq7qu0bht7 200 in 1450ms
 GET /api/flocks/cmk34l9do000cyesqgndvuyvv 200 in 1435ms
 GET /api/flocks/cmk34l9dk000ayesq6u6jm90m 200 in 1340ms
 GET /api/auth/session 200 in 108ms
 GET /api/flocks/cmk34l9do000cyesqgndvuyvv 200 in 132ms
 GET /api/flocks/cmk34l9dk000ayesq6u6jm90m 200 in 134ms
 GET /api/flocks/cmk34l9dq000eyesq7qu0bht7 200 in 156ms
 GET /api/auth/session 200 in 108ms
 GET /api/flocks/cmk34l9do000cyesqgndvuyvv 200 in 67ms
 GET /api/flocks/cmk34l9dq000eyesq7qu0bht7 200 in 80ms
 GET /api/flocks/cmk34l9dk000ayesq6u6jm90m 200 in 81ms
 GET /api/auth/session 200 in 74ms
 GET /api/flocks/cmk34l9do000cyesqgndvuyvv 200 in 68ms
 GET /api/flocks/cmk34l9dq000eyesq7qu0bht7 200 in 75ms
 GET /api/flocks/cmk34l9dk000ayesq6u6jm90m 200 in 131ms
 GET /api/auth/session 200 in 100ms
 GET /api/auth/session 200 in 39ms
 GET /api/auth/session 200 in 54ms
 GET /api/auth/session 200 in 54ms
 GET /api/auth/session 200 in 51ms
 GET /api/auth/session 200 in 62ms
 GET /api/auth/session 200 in 43ms
 GET /api/auth/session 200 in 44ms
 GET /api/auth/session 200 in 43ms
 GET /api/auth/session 200 in 101ms
 GET /api/auth/session 200 in 37ms
 GET /api/auth/session 200 in 40ms
 GET /api/auth/session 200 in 39ms
 GET /api/auth/session 200 in 39ms
 GET /api/auth/session 200 in 72ms
 GET /api/auth/session 200 in 44ms
 GET /api/auth/session 200 in 44ms
[?25h
