  ▲ Next.js 14.2.35
  - Local:        http://localhost:3000
  - Environments: .env
  - Experiments (use with caution):
    · outputFileTracingRoot

 ✓ Starting...
 ✓ Ready in 1525ms
 ○ Compiling / ...
 ✓ Compiled / in 1807ms (840 modules)
 GET / 200 in 2312ms
 ✓ Compiled in 535ms (305 modules)
 GET / 200 in 60ms
 GET / 200 in 51ms
 ✓ Compiled /login in 185ms (539 modules)
 ✓ Compiled in 305ms (309 modules)
 GET /api/auth/session 200 in 954ms
 GET /api/auth/session 200 in 52ms
 GET / 200 in 82ms
 GET / 200 in 44ms
 GET / 200 in 46ms
 GET / 200 in 46ms
 GET / 200 in 40ms
 GET / 200 in 50ms
 GET / 200 in 47ms
 GET / 200 in 42ms
 GET / 200 in 41ms
 GET / 200 in 46ms
 GET / 200 in 46ms
 GET / 200 in 42ms
 GET / 200 in 39ms
 GET / 200 in 37ms
 GET / 200 in 41ms
 GET / 200 in 39ms
 GET / 200 in 40ms
 GET / 200 in 45ms
 GET / 200 in 44ms
 GET / 200 in 38ms
 GET / 200 in 37ms
 GET / 200 in 35ms
 GET /api/auth/session 200 in 48ms
 GET /api/auth/session 200 in 46ms
 GET / 200 in 42ms
 GET / 200 in 37ms
 GET / 200 in 41ms
 GET / 200 in 39ms
 GET / 200 in 40ms
 GET / 200 in 46ms
 GET / 200 in 60ms
 GET / 200 in 41ms
 GET / 200 in 41ms
 GET / 200 in 40ms
 GET / 200 in 38ms
 GET / 200 in 41ms
 GET / 200 in 44ms
 GET / 200 in 44ms
 GET / 200 in 34ms
 GET / 200 in 38ms
 GET / 200 in 41ms
 GET / 200 in 43ms
 GET / 200 in 37ms
