  ▲ Next.js 14.2.28
  - Local:        http://localhost:3000
  - Environments: .env
  - Experiments (use with caution):
    · outputFileTracingRoot

 ✓ Starting...
 ✓ Ready in 1728ms
 ○ Compiling / ...
 ✓ Compiled / in 3.2s (845 modules)
 GET / 200 in 3459ms
 ✓ Compiled in 499ms (304 modules)
 ✓ Compiled /api/auth/[...nextauth] in 187ms (538 modules)
 GET /api/auth/providers 200 in 635ms
 GET / 200 in 73ms
 GET /api/auth/session 200 in 57ms
 ○ Compiling /login ...
 ✓ Compiled /login in 565ms (864 modules)
 GET /api/auth/session 200 in 606ms
 GET /api/auth/csrf 200 in 53ms
 ✓ Compiled /api/signup in 182ms (583 modules)
 POST /api/signup 201 in 438ms
 GET / 200 in 79ms
 GET /api/auth/signin 302 in 53ms
 GET /login?callbackUrl=https://16ecffed02.preview.abacusai.app 200 in 53ms
 GET /api/auth/csrf 200 in 40ms
 POST /api/auth/callback/credentials 302 in 189ms
 ✓ Compiled /middleware in 268ms (174 modules)
 ○ Compiling /dashboard ...
 ✓ Compiled /dashboard in 2.6s (2287 modules)
 GET /dashboard 200 in 2976ms
 GET / 200 in 69ms
 GET /dashboard 200 in 92ms
 GET /api/auth/session 200 in 87ms
 GET /api/auth/session 200 in 106ms
 GET /api/auth/session 200 in 112ms
 GET /dashboard?_rsc=3y0gy 200 in 135ms
 GET /api/auth/session 200 in 80ms
 ○ Compiling /dashboard/health ...
 ✓ Compiled /dashboard/health in 2.4s (2612 modules)
 GET /dashboard/user-manual 200 in 2781ms
 GET /dashboard/mortality 200 in 2833ms
 GET /dashboard/batches 200 in 2834ms
 GET /dashboard/weight-tracking 200 in 2836ms
 GET /dashboard/health 200 in 2787ms
 GET /dashboard/feed 200 in 2795ms
 GET /dashboard/reports 200 in 2797ms
 GET /dashboard/flocks 200 in 2847ms
 GET /dashboard/users 200 in 2798ms
 GET /dashboard/egg-collection 200 in 2849ms
 GET /dashboard/fcr 200 in 2799ms
 GET /api/auth/session 200 in 131ms
 ○ Compiling /api/weight-tracking ...
 ✓ Compiled /api/weight-tracking in 3.8s (1469 modules)
 ✓ Compiled (1481 modules)
 GET /api/auth/session 200 in 4537ms
 GET /api/mortality 200 in 4588ms
 GET /api/reports?type=production 200 in 4514ms
 GET /api/batches 200 in 4601ms
 GET /api/batches 200 in 472ms
 GET /api/batches 200 in 472ms
 GET /api/flocks 200 in 4613ms
 GET /api/egg-collection 200 in 4466ms
 GET /api/sites 200 in 4522ms
 GET /api/weight-tracking 200 in 4376ms
 ○ Compiling /dashboard/flocks/[id]/edit ...
 ✓ Compiled /dashboard/flocks/[id]/edit in 1599ms (2650 modules)
 GET /dashboard/flocks/new 200 in 1835ms
 GET /dashboard/flocks/cmk34l9dq000eyesq7qu0bht7 200 in 2089ms
 GET /dashboard/flocks/cmk34l9dk000ayesq6u6jm90m 200 in 2063ms
 GET /dashboard/flocks/cmk34l9do000cyesqgndvuyvv 200 in 2076ms
 GET /dashboard/flocks/cmk34l9dq000eyesq7qu0bht7/edit 200 in 2176ms
 GET /dashboard/flocks/cmk34l9do000cyesqgndvuyvv/edit 200 in 2156ms
 GET /dashboard/flocks/cmk34l9dk000ayesq6u6jm90m/edit 200 in 2116ms
 GET /api/sites 200 in 91ms
 GET /api/auth/session 200 in 111ms
 GET /api/sites 200 in 121ms
 GET /api/auth/session 200 in 137ms
 ○ Compiling /api/flocks/[id] ...
 ✓ Compiled /api/flocks/[id] in 584ms (1498 modules)
 GET /api/auth/session 200 in 1183ms
 GET /api/auth/session 200 in 71ms
 GET /api/auth/session 200 in 44ms
 GET /api/auth/session 200 in 82ms
 GET /api/flocks/cmk34l9dk000ayesq6u6jm90m 200 in 1585ms
 GET /api/flocks/cmk34l9dq000eyesq7qu0bht7 200 in 1550ms
 GET /api/flocks/cmk34l9do000cyesqgndvuyvv 200 in 1513ms
 GET /api/auth/session 200 in 59ms
 GET /api/flocks/cmk34l9dk000ayesq6u6jm90m 200 in 95ms
 GET /api/flocks/cmk34l9dq000eyesq7qu0bht7 200 in 110ms
 GET /api/flocks/cmk34l9do000cyesqgndvuyvv 200 in 117ms
 GET /api/auth/session 200 in 106ms
 GET /api/flocks/cmk34l9dk000ayesq6u6jm90m 200 in 62ms
 GET /api/flocks/cmk34l9dq000eyesq7qu0bht7 200 in 94ms
 GET /api/flocks/cmk34l9do000cyesqgndvuyvv 200 in 94ms
 GET /api/auth/session 200 in 118ms
 GET /api/flocks/cmk34l9dk000ayesq6u6jm90m 200 in 86ms
 GET /api/flocks/cmk34l9dq000eyesq7qu0bht7 200 in 69ms
 GET /api/flocks/cmk34l9do000cyesqgndvuyvv 200 in 99ms
 GET /api/auth/session 200 in 77ms
 GET /api/auth/session 200 in 41ms
 GET /api/auth/session 200 in 50ms
 GET /api/auth/session 200 in 63ms
 GET /api/auth/session 200 in 36ms
 GET /api/auth/session 200 in 39ms
 GET /api/auth/session 200 in 36ms
 GET /api/auth/session 200 in 42ms
 GET /api/auth/session 200 in 65ms
 GET /api/auth/session 200 in 44ms
 GET /api/auth/session 200 in 37ms
 GET /api/auth/session 200 in 35ms
 GET /api/auth/session 200 in 38ms
 GET /api/auth/session 200 in 76ms
 GET /api/auth/session 200 in 38ms
 GET /api/auth/session 200 in 40ms
 GET /api/auth/session 200 in 43ms
[?25h
