➤ YN0000: · Yarn 4.12.0
➤ YN0000: ┌ Resolution step
➤ YN0085: │ + @next/third-parties@npm:16.1.1, recharts@npm:3.6.0, sonner@npm:2.0.7, @reduxjs/toolkit@npm:2.11.2, @standard-schema/spec@npm:1.1.0, and 12 more.
➤ YN0085: │ - eventemitter3@npm:4.0.7, fast-equals@npm:5.4.0, react-smooth@npm:4.0.4, recharts-scale@npm:0.4.5, recharts@npm:2.15.3, sonner@npm:1.5.0, victory-vendor@npm:36.9.2
➤ YN0000: └ Completed in 0s 495ms
➤ YN0000: ┌ Post-resolution validation
➤ YN0060: │ @types/react is listed by your project with version 18.2.22 (p6349eb), which doesn't satisfy what react-redux (via recharts) and other dependencies request (^18.2.25).
➤ YN0060: │ @typescript-eslint/parser is listed by your project with version 7.0.0 (p6cb6c0), which doesn't satisfy what @typescript-eslint/eslint-plugin requests (^6.0.0-alpha).
➤ YN0060: │ eslint is listed by your project with version 9.24.0 (pe6e000), which doesn't satisfy what @typescript-eslint/eslint-plugin and other dependencies request (^8.57.0).
➤ YN0002: │ app@workspace:. doesn't provide prettier (pd88b5f), requested by eslint-plugin-prettier.
➤ YN0086: │ Some peer dependencies are incorrectly met by your project; run yarn explain peer-requirements <hash> for details, where <hash> is the six-letter p-prefixed code.
➤ YN0086: │ Some peer dependencies are incorrectly met by dependencies; run yarn explain peer-requirements for details.
➤ YN0000: └ Completed
➤ YN0000: ┌ Fetch step
➤ YN0013: │ 17 packages were added to the project (+ 19.56 MiB).
➤ YN0000: └ Completed in 1s 183ms
➤ YN0000: ┌ Link step
➤ YN0000: └ Completed in 1s 292ms
➤ YN0000: · Done with warnings in 3s 135ms
Environment variables loaded from .env
Prisma schema loaded from prisma/schema.prisma

✔ Generated Prisma Client (v6.7.0) to ./node_modules/.prisma/client in 142ms

Start by importing your Prisma Client (See: https://pris.ly/d/importing-client)

Tip: Curious about the SQL queries Prisma ORM generates? Optimize helps you enhance your visibility: https://pris.ly/tip-2-optimize

Starting server...
  ▲ Next.js 14.2.28
  - Local:        http://localhost:3000
  - Environments: .env
  - Experiments (use with caution):
    · outputFileTracingRoot

 ✓ Starting...
 ✓ Ready in 1456ms
 ○ Compiling / ...
 ✓ Compiled / in 3.3s (845 modules)
 HEAD / 200 in 3794ms
 ✓ Compiled in 524ms (304 modules)
 GET / 200 in 50ms
 ○ Compiling /api/auth/[...nextauth] ...
 ✓ Compiled /api/auth/[...nextauth] in 681ms (864 modules)
 GET /api/auth/session 200 in 1077ms
 GET /api/auth/session 200 in 33ms
 GET / 200 in 78ms
 GET / 200 in 39ms
 GET / 200 in 41ms
 GET / 200 in 32ms
 GET /api/auth/session 200 in 120ms
 GET /api/auth/session 200 in 37ms
 GET / 200 in 36ms
 GET / 200 in 45ms
 GET / 200 in 32ms
 GET /api/auth/session 200 in 40ms
 GET /api/auth/session 200 in 38ms
 GET / 200 in 41ms
 GET / 200 in 38ms
 GET / 200 in 37ms
 GET / 200 in 36ms
 GET / 200 in 34ms
 GET / 200 in 38ms
 GET / 200 in 33ms
 GET / 200 in 35ms
 GET / 200 in 35ms
 GET / 200 in 36ms
 GET / 200 in 37ms
 GET / 200 in 34ms
 GET / 200 in 34ms
 GET / 200 in 38ms
 GET / 200 in 36ms
 GET / 200 in 34ms
 GET / 200 in 37ms
 GET / 200 in 35ms
 GET / 200 in 55ms
 GET / 200 in 32ms
 GET / 200 in 31ms
 GET /api/auth/session 200 in 35ms
 GET /api/auth/session 200 in 35ms
 GET / 200 in 37ms
 GET / 200 in 34ms
 GET / 200 in 38ms
 GET / 200 in 36ms
 GET / 200 in 38ms
 GET / 200 in 43ms
 GET / 200 in 36ms
 GET / 200 in 39ms
 GET / 200 in 33ms
 GET / 200 in 35ms
 GET /api/auth/session 200 in 38ms
 GET /api/auth/session 200 in 40ms
 GET / 200 in 33ms
 GET / 200 in 62ms
 GET / 200 in 40ms
 GET / 200 in 39ms
 GET / 200 in 38ms
 GET / 200 in 36ms
 GET / 200 in 42ms
 GET / 200 in 40ms
 GET / 200 in 35ms
 GET / 200 in 48ms
 GET / 200 in 104ms
 GET / 200 in 46ms
 GET / 200 in 37ms
 GET / 200 in 36ms
 GET / 200 in 31ms
 GET /api/auth/session 200 in 41ms
 GET /api/auth/session 200 in 38ms
