  ▲ Next.js 14.2.28
  - Local:        http://localhost:3000
  - Environments: .env
  - Experiments (use with caution):
    · outputFileTracingRoot

 ✓ Starting...
 ✓ Ready in 2s
 ○ Compiling / ...
 ✓ Compiled / in 3s (845 modules)
 GET / 200 in 3347ms
 ✓ Compiled in 529ms (304 modules)
 ✓ Compiled /api/auth/[...nextauth] in 194ms (538 modules)
 GET /api/auth/providers 200 in 627ms
 GET / 200 in 78ms
 ○ Compiling /login ...
 ✓ Compiled /login in 541ms (864 modules)
 GET /api/auth/session 200 in 671ms
 GET /api/auth/session 200 in 49ms
 GET /api/auth/csrf 200 in 46ms
 ✓ Compiled /api/signup in 204ms (583 modules)
 POST /api/signup 201 in 466ms
 GET / 200 in 73ms
 GET /api/auth/signin 302 in 50ms
 GET /login?callbackUrl=https://16ecffed02.preview.abacusai.app 200 in 47ms
 GET /api/auth/csrf 200 in 30ms
 POST /api/auth/callback/credentials 302 in 176ms
 ✓ Compiled /middleware in 199ms (174 modules)
 ○ Compiling /dashboard ...
 ✓ Compiled /dashboard in 2.6s (2287 modules)
 GET /dashboard 200 in 2968ms
 GET / 200 in 57ms
 GET /dashboard 200 in 78ms
 GET /api/auth/session 200 in 76ms
 GET /api/auth/session 200 in 33ms
 GET /dashboard?_rsc=3y0gy 200 in 57ms
 GET /api/auth/session 200 in 33ms
 GET /api/auth/session 200 in 32ms
 GET /api/auth/session 200 in 47ms
 ○ Compiling /dashboard/users ...
 ✓ Compiled /dashboard/users in 1939ms (2580 modules)
 GET /dashboard/mortality 200 in 2289ms
 GET /dashboard/weight-tracking 200 in 2288ms
 GET /dashboard/user-manual 200 in 2256ms
 GET /dashboard/egg-collection 200 in 2292ms
 GET /dashboard/feed 200 in 2260ms
 GET /dashboard/users 200 in 2260ms
 GET /dashboard/reports 200 in 2260ms
 GET /dashboard/batches 200 in 2295ms
 GET /dashboard/flocks 200 in 2344ms
 GET /api/auth/session 200 in 119ms
 ○ Compiling /api/reports ...
 ✓ Compiled /api/reports in 3.1s (1451 modules)
 ✓ Compiled (1467 modules)
 GET /api/auth/session 200 in 423ms
 GET /api/auth/session 200 in 4332ms
 GET /api/flocks 200 in 4370ms
 GET /api/batches 200 in 4382ms
 GET /api/users 200 in 4352ms
prisma:error 
Invalid `_lib_db__WEBPACK_IMPORTED_MODULE_3__.prisma.role.findMany()` invocation in
/home/ubuntu/royal_farms_poultry_system/nextjs_space/.next/server/app/api/roles/route.js:256:78

  253     });
  254 }
  255 // Fetch all roles
→ 256 const roles = await _lib_db__WEBPACK_IMPORTED_MODULE_3__.prisma.role.findMany(
Too many database connections opened: FATAL: too many connections for role "role_a0e5b30a5"
Prisma Accelerate has built-in connection pooling to prevent such errors: https://pris.ly/client/error-accelerate
 GET /api/roles 500 in 4355ms
 GET /api/sites 200 in 4249ms
 GET /api/weight-tracking 200 in 4316ms
 GET /api/flocks 200 in 495ms
 GET /api/batches 200 in 496ms
 GET /api/mortality 200 in 4404ms
 GET /api/reports?type=production 200 in 4205ms
 GET /api/egg-collection 200 in 4249ms
 GET /api/batches 200 in 344ms
 GET /api/auth/session 200 in 41ms
 GET /api/auth/session 200 in 29ms
 ○ Compiling /dashboard/flocks/[id]/edit ...
 ✓ Compiled /dashboard/flocks/[id]/edit in 1463ms (2622 modules)
 GET /dashboard/flocks/new 200 in 1675ms
 GET /dashboard/flocks/cmk34l9dk000ayesq6u6jm90m 200 in 1917ms
 GET /dashboard/flocks/cmk34l9dq000eyesq7qu0bht7 200 in 1925ms
 GET /dashboard/flocks/cmk34l9do000cyesqgndvuyvv 200 in 1916ms
 GET /dashboard/flocks/cmk34l9dq000eyesq7qu0bht7/edit 200 in 1979ms
 GET /dashboard/flocks/cmk34l9do000cyesqgndvuyvv/edit 200 in 1968ms
 GET /dashboard/flocks/cmk34l9dk000ayesq6u6jm90m/edit 200 in 1968ms
 GET /api/sites 200 in 76ms
 GET /api/auth/session 200 in 84ms
 GET /api/sites 200 in 115ms
 GET /api/auth/session 200 in 127ms
 ✓ Compiled /api/flocks/[id] in 449ms (1484 modules)
 GET /api/auth/session 200 in 953ms
 GET /api/auth/session 200 in 34ms
 GET /api/auth/session 200 in 34ms
 GET /api/auth/session 200 in 38ms
 GET /api/auth/session 200 in 57ms
 GET /api/flocks/cmk34l9dk000ayesq6u6jm90m 200 in 1291ms
 GET /api/flocks/cmk34l9dq000eyesq7qu0bht7 200 in 1280ms
 GET /api/flocks/cmk34l9do000cyesqgndvuyvv 200 in 1222ms
 GET /api/auth/session 200 in 55ms
 GET /api/flocks/cmk34l9dk000ayesq6u6jm90m 200 in 87ms
 GET /api/flocks/cmk34l9do000cyesqgndvuyvv 200 in 82ms
 GET /api/flocks/cmk34l9dq000eyesq7qu0bht7 200 in 89ms
 GET /api/auth/session 200 in 65ms
 GET /api/flocks/cmk34l9do000cyesqgndvuyvv 200 in 45ms
 GET /api/flocks/cmk34l9dk000ayesq6u6jm90m 200 in 82ms
 GET /api/flocks/cmk34l9dq000eyesq7qu0bht7 200 in 83ms
 GET /api/auth/session 200 in 117ms
 GET /api/flocks/cmk34l9do000cyesqgndvuyvv 200 in 101ms
 GET /api/flocks/cmk34l9dk000ayesq6u6jm90m 200 in 81ms
 GET /api/flocks/cmk34l9dq000eyesq7qu0bht7 200 in 82ms
 GET /api/auth/session 200 in 54ms
 GET /api/auth/session 200 in 32ms
 GET /api/auth/session 200 in 30ms
 GET /api/auth/session 200 in 34ms
 GET /api/auth/session 200 in 53ms
 GET /api/auth/session 200 in 33ms
 GET /api/auth/session 200 in 32ms
 GET /api/auth/session 200 in 32ms
 GET /api/auth/session 200 in 29ms
 GET /api/auth/session 200 in 58ms
 GET /api/auth/session 200 in 29ms
 GET /api/auth/session 200 in 29ms
 GET /api/auth/session 200 in 30ms
 GET /api/auth/session 200 in 30ms
 GET /api/auth/session 200 in 49ms
 GET /api/auth/session 200 in 34ms
 ✓ Compiled in 31ms
prisma:error Error in PostgreSQL connection: Error { kind: Db, cause: Some(DbError { severity: "FATAL", parsed_severity: Some(Fatal), code: SqlState(E57P05), message: "terminating connection due to idle-session timeout", detail: None, hint: None, position: None, where_: None, schema: None, table: None, column: None, datatype: None, constraint: None, file: Some("postgres.c"), line: Some(3472), routine: Some("ProcessInterrupts") }) }
prisma:error Error in PostgreSQL connection: Error { kind: Db, cause: Some(DbError { severity: "FATAL", parsed_severity: Some(Fatal), code: SqlState(E57P05), message: "terminating connection due to idle-session timeout", detail: None, hint: None, position: None, where_: None, schema: None, table: None, column: None, datatype: None, constraint: None, file: Some("postgres.c"), line: Some(3472), routine: Some("ProcessInterrupts") }) }
prisma:error Error in PostgreSQL connection: Error { kind: Db, cause: Some(DbError { severity: "FATAL", parsed_severity: Some(Fatal), code: SqlState(E57P05), message: "terminating connection due to idle-session timeout", detail: None, hint: None, position: None, where_: None, schema: None, table: None, column: None, datatype: None, constraint: None, file: Some("postgres.c"), line: Some(3472), routine: Some("ProcessInterrupts") }) }
prisma:error Error in PostgreSQL connection: Error { kind: Db, cause: Some(DbError { severity: "FATAL", parsed_severity: Some(Fatal), code: SqlState(E57P05), message: "terminating connection due to idle-session timeout", detail: None, hint: None, position: None, where_: None, schema: None, table: None, column: None, datatype: None, constraint: None, file: Some("postgres.c"), line: Some(3472), routine: Some("ProcessInterrupts") }) }
prisma:error Error in PostgreSQL connection: Error { kind: Db, cause: Some(DbError { severity: "FATAL", parsed_severity: Some(Fatal), code: SqlState(E57P05), message: "terminating connection due to idle-session timeout", detail: None, hint: None, position: None, where_: None, schema: None, table: None, column: None, datatype: None, constraint: None, file: Some("postgres.c"), line: Some(3472), routine: Some("ProcessInterrupts") }) }
prisma:error Error in PostgreSQL connection: Error { kind: Db, cause: Some(DbError { severity: "FATAL", parsed_severity: Some(Fatal), code: SqlState(E57P05), message: "terminating connection due to idle-session timeout", detail: None, hint: None, position: None, where_: None, schema: None, table: None, column: None, datatype: None, constraint: None, file: Some("postgres.c"), line: Some(3472), routine: Some("ProcessInterrupts") }) }
prisma:error Error in PostgreSQL connection: Error { kind: Db, cause: Some(DbError { severity: "FATAL", parsed_severity: Some(Fatal), code: SqlState(E57P05), message: "terminating connection due to idle-session timeout", detail: None, hint: None, position: None, where_: None, schema: None, table: None, column: None, datatype: None, constraint: None, file: Some("postgres.c"), line: Some(3472), routine: Some("ProcessInterrupts") }) }
 ✓ Compiled / in 359ms (534 modules)
 GET / 200 in 513ms
 GET / 200 in 38ms
