  ▲ Next.js 14.2.28
  - Local:        http://localhost:3000
  - Environments: .env
  - Experiments (use with caution):
    · outputFileTracingRoot

 ✓ Starting...
 ✓ Ready in 2.2s
 ○ Compiling / ...
 ✓ Compiled / in 3s (845 modules)
 GET / 200 in 3361ms
 ✓ Compiled in 550ms (304 modules)
 ✓ Compiled /api/auth/[...nextauth] in 210ms (538 modules)
 GET /api/auth/providers 200 in 657ms
 GET / 200 in 80ms
 ○ Compiling /login ...
 ✓ Compiled /login in 581ms (864 modules)
 GET /api/auth/session 200 in 703ms
 GET /api/auth/session 200 in 39ms
 GET /api/auth/csrf 200 in 49ms
 ✓ Compiled /api/signup in 239ms (583 modules)
 POST /api/signup 201 in 515ms
 GET / 200 in 93ms
 GET /api/auth/signin 302 in 59ms
 GET /login?callbackUrl=https://166f2b6db8.preview.abacusai.app 200 in 57ms
 GET /api/auth/csrf 200 in 42ms
 POST /api/auth/callback/credentials 302 in 198ms
 ✓ Compiled /middleware in 310ms (174 modules)
 ○ Compiling /dashboard ...
 ✓ Compiled /dashboard in 2.6s (2291 modules)
 GET /dashboard 200 in 2978ms
 GET / 200 in 68ms
 GET /dashboard 200 in 93ms
 GET /api/auth/session 200 in 108ms
 GET /api/auth/session 200 in 50ms
 GET /dashboard?_rsc=3y0gy 200 in 225ms
 GET /api/auth/session 200 in 136ms
 GET /api/auth/session 200 in 83ms
 ○ Compiling /dashboard/finance ...
 ✓ Compiled /dashboard/finance in 2.7s (2662 modules)
 GET /dashboard/livestock-types 200 in 3286ms
 GET /dashboard/egg-collection 200 in 3270ms
 GET /dashboard/weight-tracking 200 in 3288ms
 GET /dashboard/inventory 200 in 3251ms
 GET /dashboard/mortality 200 in 3216ms
 GET /dashboard/health 200 in 3217ms
 GET /dashboard/feed 200 in 3220ms
 GET /dashboard/reports 200 in 3221ms
 GET /dashboard/flocks 200 in 3314ms
 GET /dashboard/users 200 in 3240ms
 GET /dashboard/user-manual 200 in 3242ms
 GET /dashboard/finance 200 in 3242ms
 GET /dashboard/fcr 200 in 3323ms
 GET /dashboard/batches 200 in 3247ms
 GET /api/auth/session 200 in 237ms
 ○ Compiling /api/sites ...
 ✓ Compiled /api/reports in 5.1s (1497 modules)
 ✓ Compiled (1511 modules)
 GET /api/auth/session 200 in 2325ms
 GET /api/auth/session 200 in 1956ms
 GET /api/auth/session 200 in 1955ms
 GET /api/auth/session 200 in 1955ms
 GET /api/auth/session 200 in 1955ms
 GET /api/auth/session 200 in 1951ms
 GET /api/auth/session 200 in 1947ms
 GET /api/auth/session 200 in 1937ms
 GET /api/auth/session 200 in 1938ms
 GET /api/auth/session 200 in 1939ms
 GET /api/auth/session 200 in 1935ms
 GET /api/auth/session 200 in 1936ms
 GET /api/auth/session 200 in 1932ms
 GET /api/auth/session 200 in 5993ms
prisma:error 
Invalid `_lib_db__WEBPACK_IMPORTED_MODULE_3__.prisma.weightRecord.findMany()` invocation in
/home/ubuntu/royal_farms_poultry_system/nextjs_space/.next/server/app/api/weight-tracking/route.js:263:94

  260 const where = batchId ? {
  261     batchId
  262 } : {};
→ 263 const weightRecords = await _lib_db__WEBPACK_IMPORTED_MODULE_3__.prisma.weightRecord.findMany(
Too many database connections opened: FATAL: too many connections for role "role_a0e5b30a5"
Prisma Accelerate has built-in connection pooling to prevent such errors: https://pris.ly/client/error-accelerate
 GET /api/weight-tracking 500 in 5802ms
 GET /api/mortality 200 in 6095ms
 GET /api/batches 200 in 6096ms
 GET /api/batches 200 in 2169ms
 GET /api/batches 200 in 2168ms
 GET /api/batches 200 in 2161ms
 GET /api/batches 200 in 2162ms
 GET /api/livestock-types 200 in 6056ms
prisma:error 
Invalid `_lib_db__WEBPACK_IMPORTED_MODULE_3__.prisma.livestockType.findMany()` invocation in
/home/ubuntu/royal_farms_poultry_system/nextjs_space/.next/server/app/api/livestock-types/route.js:260:96

  257         status: 401
  258     });
  259 }
→ 260 const livestockTypes = await _lib_db__WEBPACK_IMPORTED_MODULE_3__.prisma.livestockType.findMany(
Too many database connections opened: FATAL: too many connections for role "role_a0e5b30a5"
Prisma Accelerate has built-in connection pooling to prevent such errors: https://pris.ly/client/error-accelerate
 GET /api/livestock-types 500 in 2396ms
prisma:error 
Invalid `_lib_db__WEBPACK_IMPORTED_MODULE_3__.prisma.flock.findMany()` invocation in
/home/ubuntu/royal_farms_poultry_system/nextjs_space/.next/server/app/api/flocks/route.js:258:80

  255         status: 401
  256     });
  257 }
→ 258 const flocks = await _lib_db__WEBPACK_IMPORTED_MODULE_3__.prisma.flock.findMany(
Too many database connections opened: FATAL: too many connections for role "role_a0e5b30a5"
Prisma Accelerate has built-in connection pooling to prevent such errors: https://pris.ly/client/error-accelerate
 GET /api/flocks 500 in 6107ms
 GET /api/sites 200 in 5663ms
 GET /api/egg-collection 200 in 5836ms
 GET /api/reports?type=production 200 in 5557ms
 ○ Compiling /dashboard/flocks/[id]/edit ...
 ✓ Compiled /dashboard/flocks/[id]/edit in 1877ms (2702 modules)
 GET /dashboard/flocks/new 200 in 2117ms
 GET /dashboard/flocks/cmk34l9dq000eyesq7qu0bht7 200 in 2305ms
 GET /dashboard/flocks/cmk34l9dk000ayesq6u6jm90m 200 in 2278ms
 GET /dashboard/flocks/cmk34l9do000cyesqgndvuyvv 200 in 2305ms
 GET /dashboard/flocks/cmk34l9do000cyesqgndvuyvv/edit 200 in 2433ms
 GET /dashboard/flocks/cmk34l9dq000eyesq7qu0bht7/edit 200 in 2406ms
 GET /dashboard/flocks/cmk34l9dk000ayesq6u6jm90m/edit 200 in 2434ms
 GET /api/sites 200 in 117ms
 GET /api/auth/session 200 in 129ms
 GET /api/livestock-types 200 in 162ms
 GET /api/sites 200 in 163ms
 GET /api/auth/session 200 in 157ms
 GET /api/livestock-types 200 in 158ms
 ○ Compiling /api/flocks/[id] ...
 ✓ Compiled /api/flocks/[id] in 551ms (1528 modules)
 GET /api/auth/session 200 in 1169ms
 GET /api/auth/session 200 in 61ms
 GET /api/auth/session 200 in 69ms
 GET /api/auth/session 200 in 77ms
 GET /api/flocks/cmk34l9dq000eyesq7qu0bht7 200 in 1558ms
 GET /api/flocks/cmk34l9dk000ayesq6u6jm90m 200 in 1559ms
 GET /api/flocks/cmk34l9do000cyesqgndvuyvv 200 in 1527ms
 GET /api/auth/session 200 in 85ms
 GET /api/flocks/cmk34l9dq000eyesq7qu0bht7 200 in 99ms
 GET /api/flocks/cmk34l9do000cyesqgndvuyvv 200 in 128ms
 GET /api/flocks/cmk34l9dk000ayesq6u6jm90m 200 in 103ms
 GET /api/auth/session 200 in 72ms
 GET /api/flocks/cmk34l9dq000eyesq7qu0bht7 200 in 92ms
 GET /api/flocks/cmk34l9dk000ayesq6u6jm90m 200 in 94ms
 GET /api/flocks/cmk34l9do000cyesqgndvuyvv 200 in 108ms
 GET /api/auth/session 200 in 103ms
 GET /api/flocks/cmk34l9dq000eyesq7qu0bht7 200 in 82ms
 GET /api/flocks/cmk34l9dk000ayesq6u6jm90m 200 in 74ms
 GET /api/auth/session 200 in 101ms
 GET /api/flocks/cmk34l9do000cyesqgndvuyvv 200 in 120ms
 GET /api/auth/session 200 in 40ms
 GET /api/auth/session 200 in 44ms
 GET /api/auth/session 200 in 60ms
 GET /api/auth/session 200 in 43ms
 GET /api/auth/session 200 in 57ms
 GET /api/auth/session 200 in 46ms
 GET /api/auth/session 200 in 59ms
 GET /api/auth/session 200 in 41ms
 GET /api/auth/session 200 in 40ms
 GET /api/auth/session 200 in 43ms
 GET /api/auth/session 200 in 78ms
 GET /api/auth/session 200 in 51ms
 GET /api/auth/session 200 in 43ms
 GET /api/auth/session 200 in 41ms
 GET /api/auth/session 200 in 85ms
 GET /api/auth/session 200 in 76ms
[?25h
