  ▲ Next.js 14.2.28
  - Local:        http://localhost:3000
  - Environments: .env
  - Experiments (use with caution):
    · outputFileTracingRoot

 ✓ Starting...
 ✓ Ready in 1579ms
 ○ Compiling / ...
 ✓ Compiled / in 1790ms (788 modules)
 GET / 200 in 2013ms
 ✓ Compiled in 426ms (281 modules)
 ✓ Compiled /api/auth/[...nextauth] in 175ms (511 modules)
 GET /api/auth/providers 200 in 584ms
 GET / 200 in 88ms
 ○ Compiling /login ...
 ✓ Compiled /login in 776ms (814 modules)
 GET /api/auth/session 200 in 867ms
 GET /api/auth/session 200 in 26ms
 GET /api/auth/csrf 200 in 40ms
 ✓ Compiled /api/signup in 211ms (555 modules)
 POST /api/signup 201 in 453ms
 GET / 200 in 69ms
 GET /api/auth/signin 302 in 44ms
 GET /login?callbackUrl=https://f58dba708.preview.abacusai.app 200 in 39ms
 GET /api/auth/csrf 200 in 26ms
 POST /api/auth/callback/credentials 302 in 171ms
 ✓ Compiled /middleware in 164ms (174 modules)
 ○ Compiling /dashboard ...
 ✓ Compiled /dashboard in 1799ms (2179 modules)
 GET /dashboard 200 in 2076ms
 GET / 200 in 48ms
 GET /dashboard 200 in 66ms
 GET /api/auth/session 200 in 68ms
 GET /api/auth/session 200 in 42ms
 GET /dashboard?_rsc=3y0gy 200 in 68ms
 GET /api/auth/session 200 in 50ms
 GET /api/auth/session 200 in 37ms
 GET /api/auth/session 200 in 32ms
 ○ Compiling /dashboard/batches ...
 ✓ Compiled /dashboard/batches in 1172ms (2218 modules)
 GET /dashboard/batches 200 in 1334ms
 GET /dashboard/mortality 200 in 1381ms
 GET /dashboard/egg-collection 200 in 1381ms
 GET /dashboard/reports 200 in 1382ms
 GET /dashboard/flocks 200 in 1484ms
 GET /api/auth/session 200 in 61ms
 GET /api/auth/session 200 in 35ms
 GET /api/auth/session 200 in 26ms
 GET /api/auth/session 200 in 25ms
 GET /api/auth/session 200 in 24ms
 GET /api/auth/session 200 in 24ms
 GET /api/auth/session 200 in 40ms
 GET /api/auth/session 200 in 25ms
 GET /api/auth/session 200 in 25ms
 GET /api/auth/session 200 in 76ms
 GET /api/auth/session 200 in 24ms
 GET /api/auth/session 200 in 45ms
 GET /api/auth/session 200 in 24ms
 GET /api/auth/session 200 in 26ms
 GET /api/auth/session 200 in 25ms
 GET /api/auth/session 200 in 24ms
 GET /api/auth/session 200 in 26ms
 ○ Compiling /dashboard/flocks/[id]/edit ...
 ✓ Compiled /dashboard/flocks/[id]/edit in 878ms (2224 modules)
 GET /dashboard/flocks/new 200 in 1039ms
 GET /dashboard/flocks/cmk34l9dq000eyesq7qu0bht7/edit 200 in 1336ms
 GET /dashboard/flocks/cmk34l9dk000ayesq6u6jm90m/edit 200 in 1324ms
 GET /dashboard/flocks/cmk34l9do000cyesqgndvuyvv/edit 200 in 1331ms
 GET /dashboard/flocks/cmk34l9dk000ayesq6u6jm90m 200 in 1335ms
 GET /dashboard/flocks/cmk34l9dq000eyesq7qu0bht7 200 in 1328ms
 GET /dashboard/flocks/cmk34l9do000cyesqgndvuyvv 200 in 1340ms
 GET /api/auth/session 200 in 77ms
 GET /api/auth/session 200 in 54ms
 GET /api/auth/session 200 in 39ms
 GET /api/auth/session 200 in 45ms
 GET /api/auth/session 200 in 26ms
 GET /api/auth/session 200 in 23ms
 GET /api/auth/session 200 in 22ms
 GET /api/auth/session 200 in 26ms
 GET /api/auth/session 200 in 26ms
 GET /api/auth/session 200 in 40ms
 GET /api/auth/session 200 in 23ms
 GET /api/auth/session 200 in 24ms
 GET /api/auth/session 200 in 24ms
 GET /api/auth/session 200 in 24ms
 GET /api/auth/session 200 in 24ms
 GET /api/auth/session 200 in 44ms
 GET /api/auth/session 200 in 26ms
 GET /api/auth/session 200 in 25ms
 GET /api/auth/session 200 in 23ms
 GET /api/auth/session 200 in 22ms
[?25h
