  ▲ Next.js 14.2.28
  - Local:        http://localhost:3000
  - Environments: .env
  - Experiments (use with caution):
    · outputFileTracingRoot

 ✓ Starting...
 ✓ Ready in 1996ms
 ○ Compiling / ...
 ✓ Compiled / in 3s (845 modules)
 GET / 200 in 3453ms
 ✓ Compiled in 520ms (304 modules)
 ✓ Compiled /api/auth/[...nextauth] in 252ms (538 modules)
 GET /api/auth/providers 200 in 690ms
 GET / 200 in 79ms
 ○ Compiling /login ...
 ✓ Compiled /login in 588ms (864 modules)
 GET /api/auth/session 200 in 699ms
 GET /api/auth/session 200 in 38ms
 GET /api/auth/csrf 200 in 44ms
 ✓ Compiled /api/signup in 214ms (583 modules)
 POST /api/signup 201 in 479ms
 GET / 200 in 80ms
 GET /api/auth/signin 302 in 49ms
 GET /login?callbackUrl=https://16ecffed02.preview.abacusai.app 200 in 47ms
 GET /api/auth/csrf 200 in 33ms
 POST /api/auth/callback/credentials 302 in 176ms
 ✓ Compiled /middleware in 333ms (174 modules)
 ○ Compiling /dashboard ...
 ✓ Compiled /dashboard in 2.7s (2287 modules)
 GET /dashboard 200 in 2988ms
 GET / 200 in 63ms
 GET /dashboard 200 in 91ms
 GET /api/auth/session 200 in 101ms
 GET /api/auth/session 200 in 77ms
 GET /dashboard?_rsc=3y0gy 200 in 89ms
 GET /api/auth/session 200 in 75ms
 GET /api/auth/session 200 in 82ms
 GET /api/auth/session 200 in 56ms
 ○ Compiling /dashboard/flocks ...
 ✓ Compiled /dashboard/flocks in 1943ms (2580 modules)
 GET /dashboard/feed 200 in 2325ms
 GET /dashboard/batches 200 in 2315ms
 GET /dashboard/reports 200 in 2309ms
 GET /dashboard/egg-collection 200 in 2316ms
 GET /dashboard/mortality 200 in 2288ms
 GET /dashboard/user-manual 200 in 2288ms
 GET /dashboard/weight-tracking 200 in 2332ms
 GET /dashboard/users 200 in 2292ms
 GET /dashboard/flocks 200 in 2364ms
 GET /api/auth/session 200 in 124ms
 ○ Compiling /api/weight-tracking ...
 ✓ Compiled /api/weight-tracking in 590ms (1451 modules)
 ✓ Compiled (1465 modules)
 GET /api/egg-collection 200 in 1296ms
 GET /api/feed/inventory 200 in 1159ms
 GET /api/weight-tracking 200 in 1052ms
 GET /api/mortality 200 in 1254ms
 GET /api/flocks 200 in 1313ms
 GET /api/batches 200 in 1252ms
 GET /api/auth/session 200 in 1194ms
 GET /api/sites 200 in 1131ms
 GET /api/reports?type=production 200 in 1168ms
 ✓ Compiled /api/feed/purchases in 471ms (1467 modules)
 GET /api/batches 200 in 974ms
 GET /api/mortality 200 in 976ms
 GET /api/weight-tracking 200 in 977ms
 GET /api/flocks 200 in 978ms
 GET /api/egg-collection 200 in 983ms
 GET /api/auth/session 200 in 996ms
 GET /api/sites 200 in 1021ms
 GET /api/reports?type=production 200 in 1006ms
 GET /api/feed/purchases 200 in 1053ms
 GET /api/batches 200 in 107ms
 GET /api/weight-tracking 200 in 133ms
 GET /api/flocks 200 in 143ms
 ✓ Compiled /api/feed/consumption in 448ms (1469 modules)
 GET /api/auth/session 200 in 1240ms
 GET /api/weight-tracking 200 in 1153ms
 GET /api/batches 200 in 1193ms
 GET /api/flocks 200 in 1157ms
 GET /api/feed/consumption 200 in 1274ms
 GET /api/auth/session 200 in 52ms
 GET /api/batches 200 in 90ms
 ○ Compiling /api/feed/suppliers ...
 ✓ Compiled /api/feed/suppliers in 511ms (1471 modules)
 GET /api/auth/session 200 in 767ms
 GET /api/auth/session 200 in 632ms
 GET /api/auth/session 200 in 629ms
 GET /api/auth/session 200 in 631ms
 GET /api/auth/session 200 in 630ms
 GET /api/auth/session 200 in 631ms
 GET /api/auth/session 200 in 631ms
 GET /api/auth/session 200 in 632ms
 GET /api/auth/session 200 in 626ms
 GET /api/auth/session 200 in 626ms
 GET /api/auth/session 200 in 619ms
 GET /api/auth/session 200 in 619ms
 GET /api/auth/session 200 in 620ms
 GET /api/auth/session 200 in 621ms
 GET /api/auth/session 200 in 620ms
 GET /api/auth/session 200 in 616ms
 GET /api/auth/session 200 in 1103ms
 GET /api/feed/suppliers 200 in 1140ms
 GET /api/batches 200 in 1036ms
 ○ Compiling /dashboard/flocks/[id]/edit ...
 ✓ Compiled /dashboard/flocks/[id]/edit in 1550ms (2626 modules)
 GET /dashboard/flocks/new 200 in 1741ms
 GET /dashboard/flocks/cmk34l9dq000eyesq7qu0bht7 200 in 2045ms
 GET /dashboard/flocks/cmk34l9do000cyesqgndvuyvv 200 in 2056ms
 GET /dashboard/flocks/cmk34l9dk000ayesq6u6jm90m 200 in 2056ms
 GET /dashboard/flocks/cmk34l9do000cyesqgndvuyvv/edit 200 in 2057ms
 GET /dashboard/flocks/cmk34l9dk000ayesq6u6jm90m/edit 200 in 2047ms
 GET /dashboard/flocks/cmk34l9dq000eyesq7qu0bht7/edit 200 in 2058ms
 GET /api/auth/session 200 in 113ms
 GET /api/sites 200 in 105ms
 GET /api/auth/session 200 in 133ms
 GET /api/sites 200 in 149ms
 ✓ Compiled /api/flocks/[id] in 495ms (1488 modules)
 GET /api/auth/session 200 in 1063ms
 GET /api/auth/session 200 in 41ms
 GET /api/auth/session 200 in 34ms
 GET /api/auth/session 200 in 31ms
 GET /api/auth/session 200 in 53ms
 GET /api/flocks/cmk34l9dq000eyesq7qu0bht7 200 in 1409ms
 GET /api/flocks/cmk34l9do000cyesqgndvuyvv 200 in 1382ms
 GET /api/flocks/cmk34l9dk000ayesq6u6jm90m 200 in 1303ms
 GET /api/auth/session 200 in 39ms
 GET /api/flocks/cmk34l9do000cyesqgndvuyvv 200 in 60ms
 GET /api/flocks/cmk34l9dk000ayesq6u6jm90m 200 in 82ms
 GET /api/flocks/cmk34l9dq000eyesq7qu0bht7 200 in 80ms
 GET /api/auth/session 200 in 90ms
 GET /api/flocks/cmk34l9do000cyesqgndvuyvv 200 in 54ms
 GET /api/flocks/cmk34l9dk000ayesq6u6jm90m 200 in 80ms
 GET /api/flocks/cmk34l9dq000eyesq7qu0bht7 200 in 80ms
 GET /api/auth/session 200 in 72ms
 GET /api/flocks/cmk34l9do000cyesqgndvuyvv 200 in 73ms
 GET /api/flocks/cmk34l9dk000ayesq6u6jm90m 200 in 87ms
 GET /api/flocks/cmk34l9dq000eyesq7qu0bht7 200 in 89ms
 GET /api/auth/session 200 in 80ms
 GET /api/auth/session 200 in 35ms
 GET /api/auth/session 200 in 30ms
 GET /api/auth/session 200 in 30ms
 GET /api/auth/session 200 in 32ms
 GET /api/auth/session 200 in 46ms
 GET /api/auth/session 200 in 30ms
 GET /api/auth/session 200 in 32ms
 GET /api/auth/session 200 in 34ms
 GET /api/auth/session 200 in 31ms
 GET /api/auth/session 200 in 52ms
 GET /api/auth/session 200 in 31ms
 GET /api/auth/session 200 in 31ms
 GET /api/auth/session 200 in 31ms
 GET /api/auth/session 200 in 32ms
 GET /api/auth/session 200 in 54ms
[?25h
