  ▲ Next.js 14.2.28
  - Local:        http://localhost:3000
  - Environments: .env
  - Experiments (use with caution):
    · outputFileTracingRoot

 ✓ Starting...
 ✓ Ready in 1629ms
 ○ Compiling / ...
 ✓ Compiled / in 2.3s (845 modules)
 GET / 200 in 2596ms
 ✓ Compiled in 475ms (304 modules)
 ✓ Compiled /api/auth/[...nextauth] in 219ms (538 modules)
 GET /api/auth/providers 200 in 664ms
 GET / 200 in 88ms
 ○ Compiling /login ...
 ✓ Compiled /login in 831ms (864 modules)
 GET /api/auth/session 200 in 961ms
 GET /api/auth/session 200 in 40ms
 GET /api/auth/csrf 200 in 52ms
 ✓ Compiled /api/signup in 249ms (582 modules)
 POST /api/signup 201 in 522ms
 GET / 200 in 73ms
 GET /api/auth/signin 302 in 46ms
 GET /login?callbackUrl=https://16ecffed02.preview.abacusai.app 200 in 42ms
 GET /api/auth/csrf 200 in 26ms
 POST /api/auth/callback/credentials 302 in 190ms
 ✓ Compiled /middleware in 415ms (174 modules)
 ○ Compiling /dashboard ...
 ✓ Compiled /dashboard in 3.5s (2280 modules)
 GET /dashboard 200 in 4011ms
 GET / 200 in 99ms
 GET /dashboard 200 in 179ms
 GET /api/auth/session 200 in 132ms
 GET /api/auth/session 200 in 84ms
 GET /dashboard?_rsc=3y0gy 200 in 137ms
 GET /api/auth/session 200 in 108ms
 GET /api/auth/session 200 in 101ms
 ○ Compiling /dashboard/weight-tracking ...
 ✓ Compiled /dashboard/weight-tracking in 2.6s (2499 modules)
 GET /dashboard/reports 200 in 2904ms
 GET /dashboard/batches 200 in 2917ms
 GET /dashboard/egg-collection 200 in 2930ms
 GET /dashboard/mortality 200 in 2906ms
 GET /dashboard/weight-tracking 200 in 2899ms
 GET /dashboard/flocks 200 in 3005ms
 ○ Compiling /api/sites ...
 ✓ Compiled /api/sites in 518ms (1407 modules)
 ✓ Compiled (1417 modules)
 GET /api/auth/session 200 in 1060ms
 GET /api/auth/session 200 in 45ms
 GET /api/auth/session 200 in 40ms
 GET /api/batches 200 in 1308ms
 GET /api/mortality 200 in 1319ms
 GET /api/weight-tracking 200 in 1292ms
 GET /api/flocks 200 in 1324ms
 GET /api/egg-collection 200 in 1245ms
 GET /api/sites 200 in 1136ms
 GET /api/auth/session 200 in 60ms
 GET /api/batches 200 in 92ms
 GET /api/mortality 200 in 103ms
 GET /api/weight-tracking 200 in 114ms
 GET /api/flocks 200 in 118ms
 GET /api/egg-collection 200 in 117ms
 GET /api/sites 200 in 114ms
 GET /api/auth/session 200 in 105ms
 GET /api/batches 200 in 103ms
 GET /api/flocks 200 in 84ms
 GET /api/weight-tracking 200 in 119ms
 GET /api/auth/session 200 in 109ms
 GET /api/batches 200 in 101ms
 GET /api/flocks 200 in 101ms
 GET /api/weight-tracking 200 in 94ms
 GET /api/auth/session 200 in 47ms
 GET /api/batches 200 in 51ms
 GET /api/auth/session 200 in 40ms
 GET /api/batches 200 in 62ms
 GET /api/auth/session 200 in 46ms
 GET /api/auth/session 200 in 27ms
 GET /api/auth/session 200 in 29ms
 GET /api/auth/session 200 in 29ms
 GET /api/auth/session 200 in 28ms
 GET /api/auth/session 200 in 71ms
 GET /api/auth/session 200 in 28ms
 GET /api/auth/session 200 in 50ms
 GET /api/auth/session 200 in 49ms
 GET /api/auth/session 200 in 59ms
 GET /api/auth/session 200 in 47ms
 GET /api/auth/session 200 in 46ms
 GET /api/auth/session 200 in 33ms
 GET /api/auth/session 200 in 30ms
 ○ Compiling /dashboard/flocks/new ...
 ✓ Compiled /dashboard/flocks/new in 1581ms (2537 modules)
 GET /dashboard/flocks/new 200 in 1833ms
 GET /dashboard/flocks/cmk34l9dk000ayesq6u6jm90m 200 in 2291ms
 GET /dashboard/flocks/cmk34l9dq000eyesq7qu0bht7 200 in 2270ms
 GET /dashboard/flocks/cmk34l9do000cyesqgndvuyvv 200 in 2272ms
 GET /dashboard/flocks/cmk34l9do000cyesqgndvuyvv/edit 200 in 2283ms
 GET /dashboard/flocks/cmk34l9dq000eyesq7qu0bht7/edit 200 in 2283ms
 GET /dashboard/flocks/cmk34l9dk000ayesq6u6jm90m/edit 200 in 2312ms
 GET /api/auth/session 200 in 161ms
 GET /api/sites 500 in 314ms
 GET /api/auth/session 200 in 542ms
 GET /api/sites 200 in 754ms
 ○ Compiling /api/flocks/[id] ...
 ✓ Compiled /api/flocks/[id] in 592ms (1435 modules)
 GET /api/auth/session 200 in 1185ms
 GET /api/auth/session 200 in 40ms
 GET /api/auth/session 200 in 45ms
 GET /api/auth/session 200 in 42ms
 GET /api/auth/session 200 in 44ms
 GET /api/auth/session 200 in 55ms
 GET /api/flocks/cmk34l9dk000ayesq6u6jm90m 200 in 1528ms
 GET /api/flocks/cmk34l9do000cyesqgndvuyvv 200 in 1649ms
 GET /api/flocks/cmk34l9dq000eyesq7qu0bht7 200 in 1530ms
 GET /api/auth/session 200 in 30ms
 GET /api/flocks/cmk34l9dk000ayesq6u6jm90m 200 in 88ms
 GET /api/flocks/cmk34l9dq000eyesq7qu0bht7 200 in 79ms
 GET /api/flocks/cmk34l9do000cyesqgndvuyvv 200 in 81ms
 GET /api/auth/session 200 in 97ms
 GET /api/flocks/cmk34l9dq000eyesq7qu0bht7 200 in 56ms
 GET /api/flocks/cmk34l9do000cyesqgndvuyvv 200 in 72ms
 GET /api/flocks/cmk34l9dk000ayesq6u6jm90m 200 in 73ms
 GET /api/auth/session 200 in 109ms
 GET /api/flocks/cmk34l9dq000eyesq7qu0bht7 200 in 63ms
 GET /api/auth/session 200 in 81ms
 GET /api/flocks/cmk34l9do000cyesqgndvuyvv 200 in 102ms
 GET /api/flocks/cmk34l9dk000ayesq6u6jm90m 200 in 103ms
 GET /api/auth/session 200 in 58ms
 GET /api/auth/session 200 in 41ms
 GET /api/auth/session 200 in 38ms
 GET /api/auth/session 200 in 53ms
 GET /api/auth/session 200 in 32ms
 GET /api/auth/session 200 in 37ms
 GET /api/auth/session 200 in 30ms
 GET /api/auth/session 200 in 41ms
 GET /api/auth/session 200 in 78ms
 GET /api/auth/session 200 in 69ms
 GET /api/auth/session 200 in 39ms
 GET /api/auth/session 200 in 51ms
 ✓ Compiled in 585ms (1116 modules)
[?25h
