  ▲ Next.js 14.2.28
  - Local:        http://localhost:3000
  - Environments: .env
  - Experiments (use with caution):
    · outputFileTracingRoot

 ✓ Starting...
 ✓ Ready in 1367ms
 ○ Compiling / ...
 ✓ Compiled / in 2.8s (845 modules)
 GET / 200 in 3312ms
 ✓ Compiled in 516ms (304 modules)
 GET / 200 in 52ms
 GET / 200 in 58ms
 GET / 200 in 50ms
 GET / 200 in 44ms
 GET / 200 in 51ms
 GET / 200 in 43ms
 GET / 200 in 48ms
 GET / 200 in 43ms
 GET / 200 in 38ms
 GET / 200 in 44ms
 GET / 200 in 42ms
 GET / 200 in 39ms
 GET / 200 in 40ms
 GET / 200 in 38ms
 ✓ Compiled /api/auth/[...nextauth] in 418ms (712 modules)
 GET /api/auth/session 200 in 925ms
 ○ Compiling /dashboard ...
 ✓ Compiled /dashboard in 2.8s (2246 modules)
 GET /api/auth/session 200 in 2126ms
 GET /dashboard?_rsc=3y0gy 200 in 148ms
 GET / 200 in 70ms
 GET / 200 in 37ms
 GET / 200 in 38ms
 GET / 200 in 38ms
 GET /api/auth/session 200 in 64ms
 GET /dashboard?_rsc=3y0gy 200 in 56ms
 GET /api/auth/session 200 in 52ms
 GET / 200 in 47ms
 GET / 200 in 43ms
 GET / 200 in 38ms
 GET /api/auth/session 200 in 50ms
 GET / 200 in 39ms
 GET / 200 in 38ms
 GET / 200 in 49ms
 GET / 200 in 44ms
 GET / 200 in 44ms
 GET /api/auth/session 200 in 98ms
 GET /api/auth/session 200 in 69ms
 GET /dashboard?_rsc=3y0gy 200 in 114ms
 ✓ Compiled in 475ms (1008 modules)
 ✓ Compiled in 345ms (1008 modules)
 ✓ Compiled in 305ms (1008 modules)
 ✓ Compiled in 340ms (1008 modules)
[?25h
