  ▲ Next.js 14.2.28
  - Local:        http://localhost:3000
  - Environments: .env
  - Experiments (use with caution):
    · outputFileTracingRoot

 ✓ Starting...
 ✓ Ready in 1788ms
 ○ Compiling / ...
 ✓ Compiled / in 2.8s (795 modules)
 GET / 200 in 3009ms
 ✓ Compiled in 440ms (281 modules)
 ✓ Compiled /api/auth/[...nextauth] in 177ms (511 modules)
 GET /api/auth/providers 200 in 574ms
 GET / 200 in 63ms
 ○ Compiling /login ...
 ✓ Compiled /login in 503ms (814 modules)
 GET /api/auth/session 200 in 577ms
 GET /api/auth/session 200 in 21ms
 GET /api/auth/csrf 200 in 31ms
 ✓ Compiled /api/signup in 167ms (555 modules)
 POST /api/signup 201 in 412ms
 GET / 200 in 66ms
 GET /api/auth/signin 302 in 44ms
 GET /login?callbackUrl=https://f58dba708.preview.abacusai.app 200 in 36ms
 GET /api/auth/csrf 200 in 21ms
 POST /api/auth/callback/credentials 302 in 151ms
 ✓ Compiled /middleware in 262ms (174 modules)
 ○ Compiling /dashboard ...
 ✓ Compiled /dashboard in 2.1s (2179 modules)
 GET /dashboard 200 in 2376ms
 GET / 200 in 52ms
 GET /dashboard 200 in 76ms
 GET /api/auth/session 200 in 71ms
 GET /api/auth/session 200 in 87ms
 GET /api/auth/session 200 in 60ms
 GET /dashboard?_rsc=3y0gy 200 in 117ms
 GET /api/auth/session 200 in 28ms
 ○ Compiling /dashboard/flocks ...
 ✓ Compiled /dashboard/flocks in 815ms (2213 modules)
 GET /dashboard/batches 404 in 949ms
 GET /dashboard/egg-collection 404 in 938ms
 GET /dashboard/reports 404 in 904ms
 GET /dashboard/mortality 404 in 918ms
 GET /dashboard/flocks 200 in 1082ms
 GET /api/auth/session 200 in 47ms
 GET /api/auth/session 200 in 21ms
 GET /dashboard/flocks/cmk34l9dq000eyesq7qu0bht7 404 in 86ms
 GET /dashboard/flocks/cmk34l9dq000eyesq7qu0bht7/edit 404 in 85ms
 GET /dashboard/flocks/new 404 in 85ms
 GET /dashboard/flocks/cmk34l9dk000ayesq6u6jm90m 404 in 45ms
 GET /dashboard/flocks/cmk34l9dk000ayesq6u6jm90m/edit 404 in 43ms
 GET /dashboard/flocks/cmk34l9do000cyesqgndvuyvv/edit 404 in 45ms
 GET /dashboard/flocks/cmk34l9do000cyesqgndvuyvv 404 in 44ms
 ✓ Compiled in 657ms (2225 modules)
 ✓ Compiled in 862ms (2399 modules)
 ✓ Compiled in 756ms (2387 modules)
 ✓ Compiled in 254ms (970 modules)
[?25h
