  ▲ Next.js 14.2.28
  - Local:        http://localhost:3000
  - Environments: .env
  - Experiments (use with caution):
    · outputFileTracingRoot

 ✓ Starting...
 ✓ Ready in 2.1s
 ○ Compiling / ...
 ✓ Compiled / in 3s (845 modules)
 GET / 200 in 3414ms
 ✓ Compiled in 533ms (304 modules)
 ✓ Compiled /api/auth/[...nextauth] in 180ms (271 modules)
 GET /api/auth/providers 200 in 565ms
 ✓ Compiled / in 146ms (538 modules)
 GET / 200 in 276ms
 ○ Compiling /login ...
 ✓ Compiled /login in 577ms (864 modules)
 GET /api/auth/session 200 in 684ms
 GET /api/auth/session 200 in 28ms
 GET /api/auth/csrf 200 in 34ms
 ✓ Compiled /api/signup in 302ms (583 modules)
 POST /api/signup 201 in 551ms
 GET / 200 in 70ms
 GET /api/auth/signin 302 in 58ms
 GET /login?callbackUrl=https://16ecffed02.preview.abacusai.app 200 in 39ms
 GET /api/auth/csrf 200 in 27ms
 POST /api/auth/callback/credentials 302 in 176ms
 ✓ Compiled /middleware in 318ms (174 modules)
 ○ Compiling /dashboard ...
 ✓ Compiled /dashboard in 2.6s (2281 modules)
 GET /dashboard 200 in 2887ms
 GET / 200 in 55ms
 GET /dashboard 200 in 84ms
 GET /api/auth/session 200 in 76ms
 GET /api/auth/session 200 in 63ms
 GET /dashboard?_rsc=3y0gy 200 in 76ms
 GET /api/auth/session 200 in 51ms
 GET /api/auth/session 200 in 134ms
 GET /api/auth/session 200 in 66ms
 ○ Compiling /dashboard/weight-tracking ...
 ✓ Compiled /dashboard/weight-tracking in 1539ms (2500 modules)
 GET /dashboard/batches 200 in 1834ms
 GET /dashboard/reports 200 in 1835ms
 GET /dashboard/mortality 200 in 1835ms
 GET /dashboard/egg-collection 200 in 1826ms
 GET /dashboard/weight-tracking 200 in 1827ms
 GET /dashboard/flocks 200 in 1898ms
 GET /api/auth/session 200 in 55ms
 ✓ Compiled /api/weight-tracking in 366ms (1408 modules)
 ✓ Compiled (1418 modules)
 GET /api/batches 200 in 871ms
 GET /api/flocks 200 in 858ms
 GET /api/sites 200 in 882ms
 GET /api/auth/session 200 in 848ms
 GET /api/mortality 200 in 875ms
 GET /api/egg-collection 200 in 819ms
 GET /api/weight-tracking 200 in 798ms
 GET /api/batches 200 in 65ms
 GET /api/flocks 200 in 73ms
 GET /api/mortality 200 in 73ms
 GET /api/auth/session 200 in 70ms
 GET /api/sites 200 in 85ms
 GET /api/egg-collection 200 in 84ms
 GET /api/weight-tracking 200 in 78ms
 GET /api/batches 200 in 50ms
 GET /api/flocks 200 in 63ms
 GET /api/auth/session 200 in 48ms
 GET /api/weight-tracking 200 in 46ms
 GET /api/batches 200 in 41ms
 GET /api/auth/session 200 in 49ms
 GET /api/flocks 200 in 50ms
 GET /api/weight-tracking 200 in 52ms
 GET /api/batches 200 in 43ms
 GET /api/auth/session 200 in 47ms
 GET /api/batches 200 in 38ms
 GET /api/auth/session 200 in 33ms
 GET /api/auth/session 200 in 31ms
 GET /api/auth/session 200 in 30ms
 GET /api/auth/session 200 in 28ms
 GET /api/auth/session 200 in 48ms
 GET /api/auth/session 200 in 38ms
 GET /api/auth/session 200 in 27ms
 GET /api/auth/session 200 in 26ms
 GET /api/auth/session 200 in 26ms
 GET /api/auth/session 200 in 26ms
 GET /api/auth/session 200 in 38ms
 GET /api/auth/session 200 in 26ms
 GET /api/auth/session 200 in 26ms
 GET /api/auth/session 200 in 29ms
 GET /api/auth/session 200 in 25ms
 GET /api/auth/session 200 in 25ms
 GET /api/auth/session 200 in 39ms
 GET /api/auth/session 200 in 24ms
 GET /api/auth/session 200 in 25ms
 ○ Compiling /dashboard/flocks/[id]/edit ...
 ✓ Compiled /dashboard/flocks/[id]/edit in 1295ms (2538 modules)
 GET /dashboard/flocks/new 200 in 1455ms
 GET /api/sites 200 in 85ms
 GET /api/auth/session 200 in 109ms
 GET /dashboard/flocks/cmk34l9do000cyesqgndvuyvv 200 in 1852ms
 GET /dashboard/flocks/cmk34l9dk000ayesq6u6jm90m 200 in 1833ms
 GET /dashboard/flocks/cmk34l9dq000eyesq7qu0bht7/edit 200 in 1835ms
 GET /dashboard/flocks/cmk34l9dk000ayesq6u6jm90m/edit 200 in 1835ms
 GET /dashboard/flocks/cmk34l9do000cyesqgndvuyvv/edit 200 in 1836ms
 GET /dashboard/flocks/cmk34l9dq000eyesq7qu0bht7 200 in 1855ms
 GET /api/sites 200 in 45ms
 GET /api/auth/session 200 in 71ms
 ✓ Compiled /api/flocks/[id] in 432ms (1436 modules)
 GET /api/auth/session 200 in 878ms
 GET /api/auth/session 200 in 27ms
 GET /api/auth/session 200 in 26ms
 GET /api/auth/session 200 in 25ms
 GET /api/auth/session 200 in 25ms
 GET /api/auth/session 200 in 47ms
 GET /api/flocks/cmk34l9dq000eyesq7qu0bht7 200 in 1103ms
 GET /api/flocks/cmk34l9dk000ayesq6u6jm90m 200 in 1167ms
 GET /api/flocks/cmk34l9do000cyesqgndvuyvv 200 in 1212ms
 GET /api/auth/session 200 in 35ms
 GET /api/flocks/cmk34l9dq000eyesq7qu0bht7 200 in 58ms
 GET /api/flocks/cmk34l9dk000ayesq6u6jm90m 200 in 72ms
 GET /api/flocks/cmk34l9do000cyesqgndvuyvv 200 in 71ms
 GET /api/auth/session 200 in 59ms
 GET /api/flocks/cmk34l9dq000eyesq7qu0bht7 200 in 51ms
 GET /api/flocks/cmk34l9dk000ayesq6u6jm90m 200 in 40ms
 GET /api/flocks/cmk34l9do000cyesqgndvuyvv 200 in 62ms
 GET /api/auth/session 200 in 52ms
 GET /api/flocks/cmk34l9dq000eyesq7qu0bht7 200 in 46ms
 GET /api/flocks/cmk34l9dk000ayesq6u6jm90m 200 in 38ms
 GET /api/flocks/cmk34l9do000cyesqgndvuyvv 200 in 45ms
 GET /api/auth/session 200 in 50ms
 GET /api/auth/session 200 in 49ms
 GET /api/auth/session 200 in 27ms
 GET /api/auth/session 200 in 27ms
 GET /api/auth/session 200 in 27ms
 GET /api/auth/session 200 in 42ms
 GET /api/auth/session 200 in 29ms
 GET /api/auth/session 200 in 30ms
 GET /api/auth/session 200 in 34ms
 GET /api/auth/session 200 in 28ms
 GET /api/auth/session 200 in 29ms
 GET /api/auth/session 200 in 49ms
 GET /api/auth/session 200 in 28ms
 GET /api/auth/session 200 in 28ms
 GET /api/auth/session 200 in 26ms
[?25h
