  ▲ Next.js 14.2.28
  - Local:        http://localhost:3000
  - Environments: .env
  - Experiments (use with caution):
    · outputFileTracingRoot

 ✓ Starting...
 ✓ Ready in 2.3s
 ○ Compiling / ...
 ✓ Compiled / in 3.2s (845 modules)
 GET / 200 in 3899ms
 ✓ Compiled in 639ms (304 modules)
 GET / 200 in 89ms
 GET / 200 in 379ms
 GET / 200 in 109ms
 ✓ Compiled /login in 239ms (538 modules)
 ✓ Compiled in 417ms (308 modules)
 GET /api/auth/session 200 in 1234ms
 GET /api/auth/session 200 in 58ms
 GET / 200 in 108ms
 GET / 200 in 86ms
 GET / 200 in 103ms
 GET / 200 in 60ms
 GET / 200 in 57ms
 GET / 200 in 102ms
 GET / 200 in 112ms
 GET / 200 in 166ms
 GET / 200 in 64ms
 GET / 200 in 67ms
 GET / 200 in 56ms
 GET / 200 in 51ms
 GET /api/auth/session 200 in 78ms
 GET /api/auth/session 200 in 60ms
 GET / 200 in 74ms
 GET / 200 in 68ms
 GET / 200 in 59ms
 GET / 200 in 67ms
 GET / 200 in 74ms
 GET / 200 in 61ms
 GET / 200 in 94ms
 GET / 200 in 62ms
 GET / 200 in 61ms
 GET / 200 in 57ms
 GET / 200 in 66ms
 GET / 200 in 68ms
 GET / 200 in 79ms
 GET / 200 in 71ms
 GET / 200 in 99ms
 GET / 200 in 53ms
 GET / 200 in 49ms
