  ▲ Next.js 14.2.28
  - Local:        http://localhost:3000
  - Environments: .env
  - Experiments (use with caution):
    · outputFileTracingRoot

 ✓ Starting...
 ✓ Ready in 2.5s
 ○ Compiling / ...
 ✓ Compiled / in 3.1s (845 modules)
 GET / 200 in 3763ms
 ✓ Compiled in 608ms (304 modules)
 GET / 200 in 78ms
 GET / 200 in 79ms
 GET / 200 in 67ms
 ○ Compiling /api/auth/[...nextauth] ...
 ✓ Compiled /api/auth/[...nextauth] in 633ms (864 modules)
 GET /api/auth/session 200 in 1115ms
 GET /api/auth/session 200 in 51ms
 GET / 200 in 115ms
 GET / 200 in 61ms
 GET / 200 in 71ms
 GET / 200 in 58ms
 GET / 200 in 46ms
 GET / 200 in 47ms
 GET /api/auth/session 200 in 96ms
 GET /api/auth/session 200 in 59ms
 GET / 200 in 47ms
 GET / 200 in 50ms
 GET / 200 in 47ms
 GET / 200 in 51ms
 GET /api/auth/session 200 in 85ms
 GET /api/auth/session 200 in 52ms
 GET / 200 in 55ms
 GET / 200 in 48ms
 GET / 200 in 45ms
 GET / 200 in 50ms
 GET / 200 in 47ms
 GET / 200 in 44ms
 GET / 200 in 47ms
 GET / 200 in 44ms
 GET / 200 in 49ms
 GET / 200 in 46ms
 GET / 200 in 47ms
 GET / 200 in 45ms
 GET / 200 in 46ms
 GET / 200 in 50ms
 GET / 200 in 49ms
 GET / 200 in 49ms
 GET / 200 in 51ms
 GET / 200 in 48ms
 GET / 200 in 119ms
 GET / 200 in 42ms
 GET / 200 in 46ms
 GET / 200 in 47ms
 GET / 200 in 54ms
 ✓ Compiled in 399ms (320 modules)
 ✓ Compiled in 413ms (308 modules)
 ✓ Compiled in 292ms (320 modules)
 ✓ Compiled in 570ms (308 modules)
 ✓ Compiled in 285ms (320 modules)
 ✓ Compiled in 308ms (320 modules)
 ✓ Compiled in 345ms (320 modules)
 ✓ Compiled in 287ms (320 modules)
 ✓ Compiled in 258ms (320 modules)
 ✓ Compiled in 270ms (320 modules)
[?25h
