  ▲ Next.js 14.2.28
  - Local:        http://localhost:3000
  - Environments: .env
  - Experiments (use with caution):
    · outputFileTracingRoot

 ✓ Starting...
 ✓ Ready in 1475ms
 ○ Compiling / ...
 ✓ Compiled / in 3.1s (845 modules)
 GET / 200 in 3609ms
 ✓ Compiled in 528ms (304 modules)
 GET / 200 in 81ms
 GET / 200 in 261ms
 GET / 200 in 69ms
 ✓ Compiled /api/auth/[...nextauth] in 431ms (712 modules)
 GET /api/auth/session 200 in 968ms
 ○ Compiling /dashboard ...
 ✓ Compiled /dashboard in 2.7s (2246 modules)
 GET /api/auth/session 200 in 2014ms
 GET /dashboard?_rsc=3y0gy 200 in 144ms
 GET / 200 in 76ms
 ○ Compiling /dashboard/feed ...
 ✓ Compiled /dashboard/feed in 580ms (2264 modules)
 ✓ Compiled /api/feed/inventory in 495ms (1287 modules)
 GET /api/feed/inventory 200 in 672ms
 GET /api/feed/inventory 200 in 42ms
 ✓ Compiled /api/feed/purchases in 220ms (1289 modules)
 GET /api/feed/purchases 200 in 292ms
 GET /api/feed/purchases 200 in 50ms
 ✓ Compiled /api/feed/consumption in 327ms (1291 modules)
 GET /api/feed/consumption 200 in 407ms
 ✓ Compiled /api/feed/suppliers in 253ms (1293 modules)
 ✓ Compiled in 0ms (1293 modules)
 ✓ Compiled in 1ms (1293 modules)
 ✓ Compiled in 0ms (1293 modules)
 GET /api/feed/consumption 200 in 1065ms
 GET /api/feed/suppliers 200 in 1082ms
 GET / 200 in 1089ms
 GET /api/feed/suppliers 200 in 36ms
 GET / 200 in 46ms
 GET / 200 in 43ms
 GET / 200 in 48ms
 GET / 200 in 40ms
prisma:error Error in PostgreSQL connection: Error { kind: Db, cause: Some(DbError { severity: "FATAL", parsed_severity: Some(Fatal), code: SqlState(E57P05), message: "terminating connection due to idle-session timeout", detail: None, hint: None, position: None, where_: None, schema: None, table: None, column: None, datatype: None, constraint: None, file: Some("postgres.c"), line: Some(3472), routine: Some("ProcessInterrupts") }) }
prisma:error Error in PostgreSQL connection: Error { kind: Db, cause: Some(DbError { severity: "FATAL", parsed_severity: Some(Fatal), code: SqlState(E57P05), message: "terminating connection due to idle-session timeout", detail: None, hint: None, position: None, where_: None, schema: None, table: None, column: None, datatype: None, constraint: None, file: Some("postgres.c"), line: Some(3472), routine: Some("ProcessInterrupts") }) }
 GET / 200 in 39ms
 GET / 200 in 43ms
 GET / 200 in 41ms
 GET / 200 in 77ms
 GET / 200 in 47ms
 GET /api/auth/session 200 in 66ms
 GET / 200 in 47ms
 GET / 200 in 58ms
 GET /api/auth/session 200 in 64ms
 GET / 200 in 38ms
 GET / 200 in 46ms
 GET /api/auth/session 200 in 49ms
 GET /api/auth/session 200 in 53ms
 GET / 200 in 51ms
 ○ Compiling /api/auth/[...nextauth] ...
 ✓ Compiled /api/auth/[...nextauth] in 1027ms (1566 modules)
 GET /api/auth/session 200 in 1193ms
 GET /api/auth/session 200 in 58ms
 GET /api/auth/providers 200 in 72ms
 GET /api/auth/csrf 200 in 71ms
 POST /api/auth/callback/credentials 200 in 207ms
 GET /api/auth/session 200 in 65ms
 ✓ Compiled /dashboard in 277ms (1258 modules)
 GET /dashboard?_rsc=cbwqv 200 in 132ms
 ✓ Compiled /dashboard/feed in 208ms (1268 modules)
 ✓ Compiled /api/feed/inventory in 267ms (1295 modules)
 GET /api/feed/inventory 200 in 369ms
 GET /api/feed/inventory 200 in 47ms
 ✓ Compiled /api/feed/purchases in 208ms (1297 modules)
 GET /api/feed/purchases 200 in 281ms
 GET /api/feed/purchases 200 in 43ms
 ✓ Compiled /api/feed/consumption in 199ms (1299 modules)
 GET /api/feed/consumption 200 in 276ms
 GET /api/feed/consumption 200 in 54ms
 ✓ Compiled /api/feed/suppliers in 204ms (1301 modules)
 GET /api/feed/suppliers 200 in 274ms
 GET /api/feed/suppliers 200 in 32ms
 ○ Compiling /dashboard/feed/purchases ...
 ✓ Compiled /dashboard/feed/purchases in 1221ms (2479 modules)
 GET /api/feed/purchases 200 in 65ms
 GET /api/feed/suppliers 200 in 84ms
 GET /api/feed/inventory 200 in 99ms
 GET /api/feed/purchases 200 in 64ms
 GET /api/feed/suppliers 200 in 87ms
 GET /api/feed/inventory 200 in 84ms
 ○ Compiling /_not-found ...
 ✓ Compiled /_not-found in 660ms (2482 modules)
 GET /_next/static/chunks/handle-smooth-scroll.js.map 404 in 431ms
 GET /.well-known/appspecific/com.chrome.devtools.json 404 in 773ms
 GET /_next/static/chunks/app/login/bundle-mjs.mjs.map 404 in 430ms
 GET /_next/static/chunks/static-generation-async-storage-instance.js.map 404 in 433ms
 GET /_next/static/chunks/app/web-vitals.js.map 404 in 434ms
 GET /_next/static/chunks/app/dashboard/bundle-mjs.mjs.map 404 in 432ms
 GET /_next/static/chunks/app/dashboard/bundle-mjs.mjs.map 404 in 31ms
 GET /_next/static/chunks/app/dashboard/feed/purchases/bundle-mjs.mjs.map 404 in 31ms
 GET /_next/static/chunks/app/dashboard/feed/bundle-mjs.mjs.map 404 in 32ms
 GET /dashboard/feed/purchases 200 in 69ms
 GET /.well-known/appspecific/com.chrome.devtools.json 404 in 15ms
 GET /_next/static/chunks/handle-smooth-scroll.js.map 404 in 18ms
 GET /_next/static/chunks/app/web-vitals.js.map 404 in 14ms
 GET /_next/static/chunks/app/dashboard/feed/purchases/bundle-mjs.mjs.map 404 in 14ms
 GET /_next/static/chunks/static-generation-async-storage-instance.js.map 404 in 16ms
 GET /_next/static/chunks/app/dashboard/bundle-mjs.mjs.map 404 in 17ms
 GET /api/auth/session 200 in 69ms
 GET /api/feed/purchases 200 in 74ms
 GET /api/auth/session 200 in 74ms
 GET /api/feed/suppliers 200 in 90ms
 GET /api/feed/inventory 200 in 93ms
 ✓ Compiled in 716ms (2491 modules)
 GET /dashboard/feed/purchases 200 in 100ms
 GET /.well-known/appspecific/com.chrome.devtools.json 404 in 85ms
 GET /_next/static/chunks/app/web-vitals.js.map 404 in 37ms
 GET /_next/static/chunks/handle-smooth-scroll.js.map 404 in 39ms
 GET /_next/static/chunks/app/dashboard/bundle-mjs.mjs.map 404 in 37ms
 GET /_next/static/chunks/app/dashboard/feed/purchases/bundle-mjs.mjs.map 404 in 21ms
 GET /_next/static/chunks/static-generation-async-storage-instance.js.map 404 in 16ms
 GET /api/auth/session 200 in 69ms
 GET /api/auth/session 200 in 81ms
 GET /api/feed/suppliers 200 in 102ms
 GET /api/feed/purchases 200 in 108ms
 GET /api/feed/inventory 200 in 120ms
 ✓ Compiled in 683ms (2489 modules)
 GET /dashboard/feed/purchases?_rsc=1xule 200 in 71ms
 ✓ Compiled in 335ms (1107 modules)
 GET /dashboard/feed/purchases?_rsc=1xule 200 in 66ms
[?25h
